Not searching for unused variables given on the command line.
[36m--[0m The C compiler identification is GNU 9.4.0
[36m--[0m The CXX compiler identification is GNU 9.4.0
[36m--[0m Check for working C compiler: /usr/bin/cc
[36m--[0m Check for working C compiler: /usr/bin/cc -- works
[36m--[0m Detecting C compiler ABI info
[36m--[0m Detecting C compiler ABI info - done
[36m--[0m Detecting C compile features
[36m--[0m Detecting C compile features - done
[36m--[0m Check for working CXX compiler: /usr/bin/c++
[36m--[0m Check for working CXX compiler: /usr/bin/c++ -- works
[36m--[0m Detecting CXX compiler ABI info
[36m--[0m Detecting CXX compiler ABI info - done
[36m--[0m Detecting CXX compile features
[36m--[0m Detecting CXX compile features - done
[36m--[0m Using CATKIN_DEVEL_PREFIX: /home/bharath/catkin_ws/devel/.private/polygon_coverage_geometry
[36m--[0m Using CMAKE_PREFIX_PATH: /home/bharath/catkin_ws/devel;/opt/ros/noetic
[36m--[0m This workspace overlays: /home/bharath/catkin_ws/devel;/opt/ros/noetic
[36m--[0m Found PythonInterp: /usr/bin/python3 (found suitable version "3.8.10", minimum required is "3")
[36m--[0m Using PYTHON_EXECUTABLE: /usr/bin/python3
[36m--[0m Using Debian Python package layout
[36m--[0m Found PY_em: /usr/lib/python3/dist-packages/em.py
[36m--[0m Using empy: /usr/lib/python3/dist-packages/em.py
[36m--[0m Using CATKIN_ENABLE_TESTING: ON
[36m--[0m Call enable_testing()
[36m--[0m Using CATKIN_TEST_RESULTS_DIR: /home/bharath/catkin_ws/build/polygon_coverage_geometry/test_results
[36m--[0m Forcing gtest/gmock from source, though one was otherwise available.
[36m--[0m Found gtest sources under '/usr/src/googletest': gtests will be built
[36m--[0m Found gmock sources under '/usr/src/googletest': gmock will be built
[36m--[0m Found PythonInterp: /usr/bin/python3 (found version "3.8.10")
[36m--[0m Found Threads: TRUE
[36m--[0m Using Python nosetests: /usr/bin/nosetests3
[36m--[0m catkin 0.8.10
[36m--[0m BUILD_SHARED_LIBS is on
[36m--[0m Found Boost: /usr/lib/aarch64-linux-gnu/cmake/Boost-1.71.0/BoostConfig.cmake (found suitable version "1.71.0", minimum required is "1.48")
[36m--[0m Boost include dirs: /usr/include
[36m--[0m Boost libraries:
[36m--[0m Targetting Unix Makefiles
[36m--[0m Using /usr/bin/c++ compiler.
[36m--[0m Found GMP: /usr/lib/aarch64-linux-gnu/libgmp.so
[36m--[0m Found MPFR: /usr/lib/aarch64-linux-gnu/libmpfr.so
[36m--[0m Build type:
[36m--[0m USING CXXFLAGS = ' '
[36m--[0m USING EXEFLAGS = ' '
[36m--[0m Requested component: Core
[36m--[0m Requested component: MPFR
[36m--[0m Requested component: GMP
[36m--[0m Marking SHARED_LIBRARY "polygon_coverage_geometry" of package "polygon_coverage_geometry" for installation
[36m--[0m Marking HEADER FILES in "include" folder of package "polygon_coverage_geometry" for installation
[36m--[0m Configuring done
[36m--[0m Generating done
[36m--[0m Build files have been written to: /home/bharath/catkin_ws/build/polygon_coverage_geometry
