Not searching for unused variables given on the command line.
CMake Warning (dev) at CMakeLists.txt:2 (project):
  Policy CMP0048 is not set: project() command manages VERSION variables.
  Run "cmake --help-policy CMP0048" for policy details.  Use the cmake_policy
  command to set the policy and suppress this warning.

  The following variable(s) would be set to empty:

    CMAKE_PROJECT_VERSION
    CMAKE_PROJECT_VERSION_MAJOR
    CMAKE_PROJECT_VERSION_MINOR
    CMAKE_PROJECT_VERSION_PATCH
This warning is for project developers.  Use -Wno-dev to suppress it.

[36m--[0m Using CATKIN_DEVEL_PREFIX: /home/bharath/catkin_ws/devel/.private/polygon_coverage_geometry
[36m--[0m Using CMAKE_PREFIX_PATH: /home/bharath/catkin_ws/devel;/opt/ros/noetic
[36m--[0m This workspace overlays: /home/bharath/catkin_ws/devel;/opt/ros/noetic
[36m--[0m Found PythonInterp: /usr/bin/python3 (found suitable version "3.8.10", minimum required is "3")
[36m--[0m Using PYTHON_EXECUTABLE: /usr/bin/python3
[36m--[0m Using Debian Python package layout
[36m--[0m Using empy: /usr/lib/python3/dist-packages/em.py
[36m--[0m Using CATKIN_ENABLE_TESTING: ON
[36m--[0m Call enable_testing()
[36m--[0m Using CATKIN_TEST_RESULTS_DIR: /home/bharath/catkin_ws/build/polygon_coverage_geometry/test_results
[36m--[0m Forcing gtest/gmock from source, though one was otherwise available.
[36m--[0m Found gtest sources under '/usr/src/googletest': gtests will be built
[36m--[0m Found gmock sources under '/usr/src/googletest': gmock will be built
[36m--[0m Found PythonInterp: /usr/bin/python3 (found version "3.8.10")
[36m--[0m Using Python nosetests: /usr/bin/nosetests3
[36m--[0m catkin 0.8.10
[36m--[0m BUILD_SHARED_LIBS is on
[36m--[0m Boost include dirs: /usr/include
[36m--[0m Boost libraries:
[36m--[0m Targetting Unix Makefiles
[36m--[0m Using /usr/bin/c++ compiler.
[36m--[0m Build type: Release
[36m--[0m USING CXXFLAGS = ' -O3 -DNDEBUG'
[36m--[0m USING EXEFLAGS = ' '
[36m--[0m Requested component: Core
[36m--[0m Requested component: MPFR
[36m--[0m Requested component: GMP
[36m--[0m Marking SHARED_LIBRARY "polygon_coverage_geometry" of package "polygon_coverage_geometry" for installation
[36m--[0m Marking HEADER FILES in "include" folder of package "polygon_coverage_geometry" for installation
[36m--[0m Configuring done
[36m--[0m Generating done
[36m--[0m Build files have been written to: /home/bharath/catkin_ws/build/polygon_coverage_geometry
