[  0%] Built target actionlib_msgs_generate_messages_lisp
[  9%] Built target global_planner_gencfg
[  9%] Built target navfn_generate_messages_nodejs
[  9%] Built target navfn_generate_messages_eus
[  9%] Built target visualization_msgs_generate_messages_py
[  9%] Built target visualization_msgs_generate_messages_nodejs
[  9%] Built target visualization_msgs_generate_messages_lisp
[  9%] Built target nav_msgs_generate_messages_lisp
[  9%] Built target nav_msgs_generate_messages_eus
[  9%] Built target visualization_msgs_generate_messages_eus
[  9%] Built target nav_msgs_generate_messages_cpp
[  9%] Built target map_msgs_generate_messages_nodejs
[  9%] Built target map_msgs_generate_messages_lisp
[  9%] Built target map_msgs_generate_messages_cpp
[  9%] Built target tf2_msgs_generate_messages_nodejs
[  9%] Built target tf2_msgs_generate_messages_lisp
[  9%] Built target std_msgs_generate_messages_cpp
[  9%] Built target geometry_msgs_generate_messages_eus
[  9%] Built target std_msgs_generate_messages_nodejs
[  9%] Built target navfn_generate_messages_py
[  9%] Built target std_msgs_generate_messages_py
[  9%] Built target geometry_msgs_generate_messages_lisp
[  9%] Built target tf_generate_messages_cpp
[  9%] Built target dynamic_reconfigure_gencfg
[  9%] Built target tf2_msgs_generate_messages_cpp
[  9%] Built target dynamic_reconfigure_generate_messages_lisp
[  9%] Built target map_msgs_generate_messages_py
[  9%] Built target navfn_generate_messages_lisp
[  9%] Built target costmap_2d_generate_messages_lisp
[  9%] Built target roscpp_generate_messages_lisp
[  9%] Built target actionlib_generate_messages_lisp
[  9%] Built target map_msgs_generate_messages_eus
[  9%] Built target _catkin_empty_exported_target
[  9%] Built target costmap_2d_gencfg
[  9%] Built target navfn_generate_messages_cpp
[  9%] Built target tf_generate_messages_eus
[  9%] Built target rosgraph_msgs_generate_messages_lisp
[  9%] Built target dynamic_reconfigure_generate_messages_py
[  9%] Built target actionlib_msgs_generate_messages_eus
[  9%] Built target rosgraph_msgs_generate_messages_py
[  9%] Built target tf2_msgs_generate_messages_py
[  9%] Built target dynamic_reconfigure_generate_messages_nodejs
[  9%] Built target nav_msgs_generate_messages_nodejs
[  9%] Built target sensor_msgs_generate_messages_cpp
[  9%] Built target costmap_2d_generate_messages_py
[  9%] Built target dynamic_reconfigure_generate_messages_eus
[  9%] Built target geometry_msgs_generate_messages_nodejs
[  9%] Built target dynamic_reconfigure_generate_messages_cpp
[  9%] Built target nav_msgs_generate_messages_py
[  9%] Built target tf_generate_messages_lisp
[  9%] Built target costmap_2d_generate_messages_cpp
[  9%] Built target rosgraph_msgs_generate_messages_nodejs
[  9%] Built target actionlib_generate_messages_cpp
[  9%] Built target actionlib_msgs_generate_messages_py
[  9%] Built target std_msgs_generate_messages_lisp
[  9%] Built target costmap_2d_generate_messages_nodejs
[  9%] Built target geometry_msgs_generate_messages_cpp
[  9%] Built target costmap_2d_generate_messages_eus
[  9%] Built target geometry_msgs_generate_messages_py
[  9%] Built target tf2_msgs_generate_messages_eus
[  9%] Built target sensor_msgs_generate_messages_py
[  9%] Built target tf_generate_messages_nodejs
[  9%] Built target roscpp_generate_messages_py
[  9%] Built target roscpp_generate_messages_cpp
[  9%] Built target roscpp_generate_messages_eus
[  9%] Built target roscpp_generate_messages_nodejs
[  9%] Built target rosgraph_msgs_generate_messages_eus
[  9%] Built target visualization_msgs_generate_messages_cpp
[  9%] Built target sensor_msgs_generate_messages_eus
[  9%] Built target sensor_msgs_generate_messages_lisp
[  9%] Built target sensor_msgs_generate_messages_nodejs
[  9%] Built target rosgraph_msgs_generate_messages_cpp
[  9%] Built target actionlib_generate_messages_eus
[  9%] Built target actionlib_msgs_generate_messages_cpp
[  9%] Built target actionlib_generate_messages_nodejs
[  9%] Built target actionlib_generate_messages_py
[  9%] Built target std_msgs_generate_messages_eus
[  9%] Built target tf_generate_messages_py
[  9%] Built target actionlib_msgs_generate_messages_nodejs
[ 81%] Built target global_planner
[100%] Built target planner
