[36m--[0m Using CATKIN_DEVEL_PREFIX: /home/bharath/catkin_ws/devel/.private/lawn_bot
[36m--[0m Using CMAKE_PREFIX_PATH: /home/bharath/catkin_ws/devel;/opt/ros/noetic
[36m--[0m This workspace overlays: /home/bharath/catkin_ws/devel;/opt/ros/noetic
[36m--[0m Found PythonInterp: /usr/bin/python3 (found suitable version "3.8.10", minimum required is "3")
[36m--[0m Using PYTHON_EXECUTABLE: /usr/bin/python3
[36m--[0m Using Debian Python package layout
[36m--[0m Using empy: /usr/lib/python3/dist-packages/em.py
[36m--[0m Using CATKIN_ENABLE_TESTING: ON
[36m--[0m Call enable_testing()
[36m--[0m Using CATKIN_TEST_RESULTS_DIR: /home/bharath/catkin_ws/build/lawn_bot/test_results
[36m--[0m Forcing gtest/gmock from source, though one was otherwise available.
[36m--[0m Found gtest sources under '/usr/src/googletest': gtests will be built
[36m--[0m Found gmock sources under '/usr/src/googletest': gmock will be built
[36m--[0m Found PythonInterp: /usr/bin/python3 (found version "3.8.10")
[36m--[0m Using Python nosetests: /usr/bin/nosetests3
[36m--[0m catkin 0.8.10
[36m--[0m BUILD_SHARED_LIBS is on
[36m--[0m Installing devel-space wrapper /home/bharath/catkin_ws/src/lawn_bot/scripts/differential_tf.py to /home/bharath/catkin_ws/devel/.private/lawn_bot/lib/lawn_bot
[36m--[0m Installing devel-space wrapper /home/bharath/catkin_ws/src/lawn_bot/scripts/robot_controller.py to /home/bharath/catkin_ws/devel/.private/lawn_bot/lib/lawn_bot
[36m--[0m Installing devel-space wrapper /home/bharath/catkin_ws/src/lawn_bot/scripts/polygon_input.py to /home/bharath/catkin_ws/devel/.private/lawn_bot/lib/lawn_bot
[36m--[0m Installing devel-space wrapper /home/bharath/catkin_ws/src/lawn_bot/scripts/waypoints_publisher.py to /home/bharath/catkin_ws/devel/.private/lawn_bot/lib/lawn_bot
[36m--[0m Installing devel-space wrapper /home/bharath/catkin_ws/src/lawn_bot/scripts/move_base_sequence.py to /home/bharath/catkin_ws/devel/.private/lawn_bot/lib/lawn_bot
[36m--[0m Installing devel-space wrapper /home/bharath/catkin_ws/src/lawn_bot/scripts/simple_sequencer.py to /home/bharath/catkin_ws/devel/.private/lawn_bot/lib/lawn_bot
[36m--[0m Installing devel-space wrapper /home/bharath/catkin_ws/src/lawn_bot/scripts/sonar_sensor.py to /home/bharath/catkin_ws/devel/.private/lawn_bot/lib/lawn_bot
[36m--[0m Configuring done
[36m--[0m Generating done
[36m--[0m Build files have been written to: /home/bharath/catkin_ws/build/lawn_bot
