[ 30%] Built target amcl_map
[ 65%] Built target amcl_pf
[ 70%] Built target amcl_gencfg
[ 90%] Built target amcl_sensors
[ 90%] Built target sensor_msgs_generate_messages_lisp
[ 90%] Built target actionlib_generate_messages_nodejs
[ 90%] Built target actionlib_generate_messages_cpp
[ 90%] Built target tf2_msgs_generate_messages_nodejs
[ 90%] Built target tf2_msgs_generate_messages_lisp
[ 90%] Built target tf2_msgs_generate_messages_eus
[ 90%] Built target sensor_msgs_generate_messages_py
[ 90%] Built target sensor_msgs_generate_messages_nodejs
[ 90%] Built target tf2_msgs_generate_messages_py
[ 90%] Built target dynamic_reconfigure_generate_messages_nodejs
[ 90%] Built target tf2_msgs_generate_messages_cpp
[ 90%] Built target dynamic_reconfigure_generate_messages_lisp
[ 90%] Built target std_srvs_generate_messages_lisp
[ 90%] Built target rosgraph_msgs_generate_messages_nodejs
[ 90%] Built target actionlib_msgs_generate_messages_py
[ 90%] Built target rosgraph_msgs_generate_messages_lisp
[ 90%] Built target nav_msgs_generate_messages_cpp
[ 90%] Built target roscpp_generate_messages_py
[ 90%] Built target dynamic_reconfigure_generate_messages_cpp
[ 90%] Built target topic_tools_generate_messages_eus
[ 90%] Built target rosgraph_msgs_generate_messages_py
[ 90%] Built target roscpp_generate_messages_lisp
[ 90%] Built target actionlib_generate_messages_lisp
[ 90%] Built target roscpp_generate_messages_eus
[ 90%] Built target topic_tools_generate_messages_nodejs
[ 90%] Built target dynamic_reconfigure_gencfg
[ 90%] Built target topic_tools_generate_messages_py
[ 90%] Built target roscpp_generate_messages_cpp
[ 90%] Built target std_msgs_generate_messages_nodejs
[ 90%] Built target sensor_msgs_generate_messages_cpp
[ 90%] Built target nav_msgs_generate_messages_nodejs
[ 90%] Built target diagnostic_msgs_generate_messages_py
[ 90%] Built target geometry_msgs_generate_messages_eus
[ 90%] Built target std_msgs_generate_messages_py
[ 90%] Built target diagnostic_msgs_generate_messages_eus
[ 90%] Built target std_srvs_generate_messages_eus
[ 90%] Built target diagnostic_msgs_generate_messages_cpp
[ 90%] Built target std_msgs_generate_messages_cpp
[ 90%] Built target diagnostic_msgs_generate_messages_nodejs
[ 90%] Built target std_srvs_generate_messages_cpp
[ 90%] Built target std_srvs_generate_messages_nodejs
[ 90%] Built target std_msgs_generate_messages_lisp
[ 90%] Built target actionlib_msgs_generate_messages_eus
[ 90%] Built target dynamic_reconfigure_generate_messages_py
[ 90%] Built target actionlib_generate_messages_py
[ 90%] Built target diagnostic_msgs_generate_messages_lisp
[ 90%] Built target nav_msgs_generate_messages_eus
[ 90%] Built target actionlib_generate_messages_eus
[ 90%] Built target rosgraph_msgs_generate_messages_cpp
[ 90%] Built target rosgraph_msgs_generate_messages_eus
[ 90%] Built target std_srvs_generate_messages_py
[ 90%] Built target roscpp_generate_messages_nodejs
[ 90%] Built target geometry_msgs_generate_messages_cpp
[ 90%] Built target geometry_msgs_generate_messages_lisp
[ 90%] Built target dynamic_reconfigure_generate_messages_eus
[ 90%] Built target geometry_msgs_generate_messages_nodejs
[ 90%] Built target geometry_msgs_generate_messages_py
[ 90%] Built target nav_msgs_generate_messages_py
[ 90%] Built target nav_msgs_generate_messages_lisp
[ 90%] Built target topic_tools_generate_messages_lisp
[ 90%] Built target actionlib_msgs_generate_messages_cpp
[ 90%] Built target actionlib_msgs_generate_messages_lisp
[ 90%] Built target std_msgs_generate_messages_eus
[ 90%] Built target actionlib_msgs_generate_messages_nodejs
[ 90%] Built target topic_tools_generate_messages_cpp
[ 90%] Built target sensor_msgs_generate_messages_eus
[100%] Built target amcl
