The system is: Linux - 5.4.0-1065-raspi - aarch64
Compiling the CXX compiler identification source file "CMakeCXXCompilerId.cpp" succeeded.
Compiler: /usr/bin/c++ 
Build flags: 
Id flags:  

The output was:
0


Compilation of the CXX compiler identification source "CMakeCXXCompilerId.cpp" produced "a.out"

The CXX compiler identification is GNU, found in "/home/bharath/catkin_ws/build/cgal_catkin/cgal-prefix/src/cgal-build/CMakeFiles/3.16.3/CompilerIdCXX/a.out"

Compiling the C compiler identification source file "CMakeCCompilerId.c" succeeded.
Compiler: /usr/bin/cc 
Build flags: 
Id flags:  

The output was:
0


Compilation of the C compiler identification source "CMakeCCompilerId.c" produced "a.out"

The C compiler identification is GNU, found in "/home/bharath/catkin_ws/build/cgal_catkin/cgal-prefix/src/cgal-build/CMakeFiles/3.16.3/CompilerIdC/a.out"

Determining if the CXX compiler works passed with the following output:
Change Dir: /home/bharath/catkin_ws/build/cgal_catkin/cgal-prefix/src/cgal-build/CMakeFiles/CMakeTmp

Run Build Command(s):/usr/bin/make cmTC_48066/fast && make[3]: Entering directory '/home/bharath/catkin_ws/build/cgal_catkin/cgal-prefix/src/cgal-build/CMakeFiles/CMakeTmp'
/usr/bin/make -f CMakeFiles/cmTC_48066.dir/build.make CMakeFiles/cmTC_48066.dir/build
make[4]: Entering directory '/home/bharath/catkin_ws/build/cgal_catkin/cgal-prefix/src/cgal-build/CMakeFiles/CMakeTmp'
Building CXX object CMakeFiles/cmTC_48066.dir/testCXXCompiler.cxx.o
/usr/bin/c++     -o CMakeFiles/cmTC_48066.dir/testCXXCompiler.cxx.o -c /home/bharath/catkin_ws/build/cgal_catkin/cgal-prefix/src/cgal-build/CMakeFiles/CMakeTmp/testCXXCompiler.cxx
Linking CXX executable cmTC_48066
/usr/bin/cmake -E cmake_link_script CMakeFiles/cmTC_48066.dir/link.txt --verbose=1
/usr/bin/c++       CMakeFiles/cmTC_48066.dir/testCXXCompiler.cxx.o  -o cmTC_48066 
make[4]: Leaving directory '/home/bharath/catkin_ws/build/cgal_catkin/cgal-prefix/src/cgal-build/CMakeFiles/CMakeTmp'
make[3]: Leaving directory '/home/bharath/catkin_ws/build/cgal_catkin/cgal-prefix/src/cgal-build/CMakeFiles/CMakeTmp'



Detecting CXX compiler ABI info compiled with the following output:
Change Dir: /home/bharath/catkin_ws/build/cgal_catkin/cgal-prefix/src/cgal-build/CMakeFiles/CMakeTmp

Run Build Command(s):/usr/bin/make cmTC_dfd52/fast && make[3]: Entering directory '/home/bharath/catkin_ws/build/cgal_catkin/cgal-prefix/src/cgal-build/CMakeFiles/CMakeTmp'
/usr/bin/make -f CMakeFiles/cmTC_dfd52.dir/build.make CMakeFiles/cmTC_dfd52.dir/build
make[4]: Entering directory '/home/bharath/catkin_ws/build/cgal_catkin/cgal-prefix/src/cgal-build/CMakeFiles/CMakeTmp'
Building CXX object CMakeFiles/cmTC_dfd52.dir/CMakeCXXCompilerABI.cpp.o
/usr/bin/c++    -v -o CMakeFiles/cmTC_dfd52.dir/CMakeCXXCompilerABI.cpp.o -c /usr/share/cmake-3.16/Modules/CMakeCXXCompilerABI.cpp
Using built-in specs.
COLLECT_GCC=/usr/bin/c++
Target: aarch64-linux-gnu
Configured with: ../src/configure -v --with-pkgversion='Ubuntu 9.4.0-1ubuntu1~20.04.1' --with-bugurl=file:///usr/share/doc/gcc-9/README.Bugs --enable-languages=c,ada,c++,go,d,fortran,objc,obj-c++,gm2 --prefix=/usr --with-gcc-major-version-only --program-suffix=-9 --program-prefix=aarch64-linux-gnu- --enable-shared --enable-linker-build-id --libexecdir=/usr/lib --without-included-gettext --enable-threads=posix --libdir=/usr/lib --enable-nls --enable-clocale=gnu --enable-libstdcxx-debug --enable-libstdcxx-time=yes --with-default-libstdcxx-abi=new --enable-gnu-unique-object --disable-libquadmath --disable-libquadmath-support --enable-plugin --enable-default-pie --with-system-zlib --with-target-system-zlib=auto --enable-objc-gc=auto --enable-multiarch --enable-fix-cortex-a53-843419 --disable-werror --enable-checking=release --build=aarch64-linux-gnu --host=aarch64-linux-gnu --target=aarch64-linux-gnu
Thread model: posix
gcc version 9.4.0 (Ubuntu 9.4.0-1ubuntu1~20.04.1) 
COLLECT_GCC_OPTIONS='-v' '-o' 'CMakeFiles/cmTC_dfd52.dir/CMakeCXXCompilerABI.cpp.o' '-c' '-shared-libgcc' '-mlittle-endian' '-mabi=lp64'
 /usr/lib/gcc/aarch64-linux-gnu/9/cc1plus -quiet -v -imultiarch aarch64-linux-gnu -D_GNU_SOURCE /usr/share/cmake-3.16/Modules/CMakeCXXCompilerABI.cpp -quiet -dumpbase CMakeCXXCompilerABI.cpp -mlittle-endian -mabi=lp64 -auxbase-strip CMakeFiles/cmTC_dfd52.dir/CMakeCXXCompilerABI.cpp.o -version -fasynchronous-unwind-tables -fstack-protector-strong -Wformat -Wformat-security -fstack-clash-protection -o /tmp/ccnhWYCd.s
GNU C++14 (Ubuntu 9.4.0-1ubuntu1~20.04.1) version 9.4.0 (aarch64-linux-gnu)
	compiled by GNU C version 9.4.0, GMP version 6.2.0, MPFR version 4.0.2, MPC version 1.1.0, isl version isl-0.22.1-GMP

GGC heuristics: --param ggc-min-expand=100 --param ggc-min-heapsize=131072
ignoring duplicate directory "/usr/include/aarch64-linux-gnu/c++/9"
ignoring nonexistent directory "/usr/local/include/aarch64-linux-gnu"
ignoring nonexistent directory "/usr/lib/gcc/aarch64-linux-gnu/9/include-fixed"
ignoring nonexistent directory "/usr/lib/gcc/aarch64-linux-gnu/9/../../../../aarch64-linux-gnu/include"
#include "..." search starts here:
#include <...> search starts here:
 /usr/include/c++/9
 /usr/include/aarch64-linux-gnu/c++/9
 /usr/include/c++/9/backward
 /usr/lib/gcc/aarch64-linux-gnu/9/include
 /usr/local/include
 /usr/include/aarch64-linux-gnu
 /usr/include
End of search list.
GNU C++14 (Ubuntu 9.4.0-1ubuntu1~20.04.1) version 9.4.0 (aarch64-linux-gnu)
	compiled by GNU C version 9.4.0, GMP version 6.2.0, MPFR version 4.0.2, MPC version 1.1.0, isl version isl-0.22.1-GMP

GGC heuristics: --param ggc-min-expand=100 --param ggc-min-heapsize=131072
Compiler executable checksum: 4d0ffd0faaba59e19a04d931506edddd
COLLECT_GCC_OPTIONS='-v' '-o' 'CMakeFiles/cmTC_dfd52.dir/CMakeCXXCompilerABI.cpp.o' '-c' '-shared-libgcc' '-mlittle-endian' '-mabi=lp64'
 as -v -EL -mabi=lp64 -o CMakeFiles/cmTC_dfd52.dir/CMakeCXXCompilerABI.cpp.o /tmp/ccnhWYCd.s
GNU assembler version 2.34 (aarch64-linux-gnu) using BFD version (GNU Binutils for Ubuntu) 2.34
COMPILER_PATH=/usr/lib/gcc/aarch64-linux-gnu/9/:/usr/lib/gcc/aarch64-linux-gnu/9/:/usr/lib/gcc/aarch64-linux-gnu/:/usr/lib/gcc/aarch64-linux-gnu/9/:/usr/lib/gcc/aarch64-linux-gnu/
LIBRARY_PATH=/usr/lib/gcc/aarch64-linux-gnu/9/:/usr/lib/gcc/aarch64-linux-gnu/9/../../../aarch64-linux-gnu/:/usr/lib/gcc/aarch64-linux-gnu/9/../../../../lib/:/lib/aarch64-linux-gnu/:/lib/../lib/:/usr/lib/aarch64-linux-gnu/:/usr/lib/../lib/:/usr/lib/gcc/aarch64-linux-gnu/9/../../../:/lib/:/usr/lib/
COLLECT_GCC_OPTIONS='-v' '-o' 'CMakeFiles/cmTC_dfd52.dir/CMakeCXXCompilerABI.cpp.o' '-c' '-shared-libgcc' '-mlittle-endian' '-mabi=lp64'
Linking CXX executable cmTC_dfd52
/usr/bin/cmake -E cmake_link_script CMakeFiles/cmTC_dfd52.dir/link.txt --verbose=1
/usr/bin/c++      -v CMakeFiles/cmTC_dfd52.dir/CMakeCXXCompilerABI.cpp.o  -o cmTC_dfd52 
Using built-in specs.
COLLECT_GCC=/usr/bin/c++
COLLECT_LTO_WRAPPER=/usr/lib/gcc/aarch64-linux-gnu/9/lto-wrapper
Target: aarch64-linux-gnu
Configured with: ../src/configure -v --with-pkgversion='Ubuntu 9.4.0-1ubuntu1~20.04.1' --with-bugurl=file:///usr/share/doc/gcc-9/README.Bugs --enable-languages=c,ada,c++,go,d,fortran,objc,obj-c++,gm2 --prefix=/usr --with-gcc-major-version-only --program-suffix=-9 --program-prefix=aarch64-linux-gnu- --enable-shared --enable-linker-build-id --libexecdir=/usr/lib --without-included-gettext --enable-threads=posix --libdir=/usr/lib --enable-nls --enable-clocale=gnu --enable-libstdcxx-debug --enable-libstdcxx-time=yes --with-default-libstdcxx-abi=new --enable-gnu-unique-object --disable-libquadmath --disable-libquadmath-support --enable-plugin --enable-default-pie --with-system-zlib --with-target-system-zlib=auto --enable-objc-gc=auto --enable-multiarch --enable-fix-cortex-a53-843419 --disable-werror --enable-checking=release --build=aarch64-linux-gnu --host=aarch64-linux-gnu --target=aarch64-linux-gnu
Thread model: posix
gcc version 9.4.0 (Ubuntu 9.4.0-1ubuntu1~20.04.1) 
COMPILER_PATH=/usr/lib/gcc/aarch64-linux-gnu/9/:/usr/lib/gcc/aarch64-linux-gnu/9/:/usr/lib/gcc/aarch64-linux-gnu/:/usr/lib/gcc/aarch64-linux-gnu/9/:/usr/lib/gcc/aarch64-linux-gnu/
LIBRARY_PATH=/usr/lib/gcc/aarch64-linux-gnu/9/:/usr/lib/gcc/aarch64-linux-gnu/9/../../../aarch64-linux-gnu/:/usr/lib/gcc/aarch64-linux-gnu/9/../../../../lib/:/lib/aarch64-linux-gnu/:/lib/../lib/:/usr/lib/aarch64-linux-gnu/:/usr/lib/../lib/:/usr/lib/gcc/aarch64-linux-gnu/9/../../../:/lib/:/usr/lib/
COLLECT_GCC_OPTIONS='-v' '-o' 'cmTC_dfd52' '-shared-libgcc' '-mlittle-endian' '-mabi=lp64'
 /usr/lib/gcc/aarch64-linux-gnu/9/collect2 -plugin /usr/lib/gcc/aarch64-linux-gnu/9/liblto_plugin.so -plugin-opt=/usr/lib/gcc/aarch64-linux-gnu/9/lto-wrapper -plugin-opt=-fresolution=/tmp/ccy1Ddg2.res -plugin-opt=-pass-through=-lgcc_s -plugin-opt=-pass-through=-lgcc -plugin-opt=-pass-through=-lc -plugin-opt=-pass-through=-lgcc_s -plugin-opt=-pass-through=-lgcc --build-id --eh-frame-hdr --hash-style=gnu --as-needed -dynamic-linker /lib/ld-linux-aarch64.so.1 -X -EL -maarch64linux --fix-cortex-a53-843419 -pie -z now -z relro -o cmTC_dfd52 /usr/lib/gcc/aarch64-linux-gnu/9/../../../aarch64-linux-gnu/Scrt1.o /usr/lib/gcc/aarch64-linux-gnu/9/../../../aarch64-linux-gnu/crti.o /usr/lib/gcc/aarch64-linux-gnu/9/crtbeginS.o -L/usr/lib/gcc/aarch64-linux-gnu/9 -L/usr/lib/gcc/aarch64-linux-gnu/9/../../../aarch64-linux-gnu -L/usr/lib/gcc/aarch64-linux-gnu/9/../../../../lib -L/lib/aarch64-linux-gnu -L/lib/../lib -L/usr/lib/aarch64-linux-gnu -L/usr/lib/../lib -L/usr/lib/gcc/aarch64-linux-gnu/9/../../.. CMakeFiles/cmTC_dfd52.dir/CMakeCXXCompilerABI.cpp.o -lstdc++ -lm -lgcc_s -lgcc -lc -lgcc_s -lgcc /usr/lib/gcc/aarch64-linux-gnu/9/crtendS.o /usr/lib/gcc/aarch64-linux-gnu/9/../../../aarch64-linux-gnu/crtn.o
COLLECT_GCC_OPTIONS='-v' '-o' 'cmTC_dfd52' '-shared-libgcc' '-mlittle-endian' '-mabi=lp64'
make[4]: Leaving directory '/home/bharath/catkin_ws/build/cgal_catkin/cgal-prefix/src/cgal-build/CMakeFiles/CMakeTmp'
make[3]: Leaving directory '/home/bharath/catkin_ws/build/cgal_catkin/cgal-prefix/src/cgal-build/CMakeFiles/CMakeTmp'



Parsed CXX implicit include dir info from above output: rv=done
  found start of include info
  found start of implicit include info
    add: [/usr/include/c++/9]
    add: [/usr/include/aarch64-linux-gnu/c++/9]
    add: [/usr/include/c++/9/backward]
    add: [/usr/lib/gcc/aarch64-linux-gnu/9/include]
    add: [/usr/local/include]
    add: [/usr/include/aarch64-linux-gnu]
    add: [/usr/include]
  end of search list found
  collapse include dir [/usr/include/c++/9] ==> [/usr/include/c++/9]
  collapse include dir [/usr/include/aarch64-linux-gnu/c++/9] ==> [/usr/include/aarch64-linux-gnu/c++/9]
  collapse include dir [/usr/include/c++/9/backward] ==> [/usr/include/c++/9/backward]
  collapse include dir [/usr/lib/gcc/aarch64-linux-gnu/9/include] ==> [/usr/lib/gcc/aarch64-linux-gnu/9/include]
  collapse include dir [/usr/local/include] ==> [/usr/local/include]
  collapse include dir [/usr/include/aarch64-linux-gnu] ==> [/usr/include/aarch64-linux-gnu]
  collapse include dir [/usr/include] ==> [/usr/include]
  implicit include dirs: [/usr/include/c++/9;/usr/include/aarch64-linux-gnu/c++/9;/usr/include/c++/9/backward;/usr/lib/gcc/aarch64-linux-gnu/9/include;/usr/local/include;/usr/include/aarch64-linux-gnu;/usr/include]


Parsed CXX implicit link information from above output:
  link line regex: [^( *|.*[/\])(ld|CMAKE_LINK_STARTFILE-NOTFOUND|([^/\]+-)?ld|collect2)[^/\]*( |$)]
  ignore line: [Change Dir: /home/bharath/catkin_ws/build/cgal_catkin/cgal-prefix/src/cgal-build/CMakeFiles/CMakeTmp]
  ignore line: []
  ignore line: [Run Build Command(s):/usr/bin/make cmTC_dfd52/fast && make[3]: Entering directory '/home/bharath/catkin_ws/build/cgal_catkin/cgal-prefix/src/cgal-build/CMakeFiles/CMakeTmp']
  ignore line: [/usr/bin/make -f CMakeFiles/cmTC_dfd52.dir/build.make CMakeFiles/cmTC_dfd52.dir/build]
  ignore line: [make[4]: Entering directory '/home/bharath/catkin_ws/build/cgal_catkin/cgal-prefix/src/cgal-build/CMakeFiles/CMakeTmp']
  ignore line: [Building CXX object CMakeFiles/cmTC_dfd52.dir/CMakeCXXCompilerABI.cpp.o]
  ignore line: [/usr/bin/c++    -v -o CMakeFiles/cmTC_dfd52.dir/CMakeCXXCompilerABI.cpp.o -c /usr/share/cmake-3.16/Modules/CMakeCXXCompilerABI.cpp]
  ignore line: [Using built-in specs.]
  ignore line: [COLLECT_GCC=/usr/bin/c++]
  ignore line: [Target: aarch64-linux-gnu]
  ignore line: [Configured with: ../src/configure -v --with-pkgversion='Ubuntu 9.4.0-1ubuntu1~20.04.1' --with-bugurl=file:///usr/share/doc/gcc-9/README.Bugs --enable-languages=c ada c++ go d fortran objc obj-c++ gm2 --prefix=/usr --with-gcc-major-version-only --program-suffix=-9 --program-prefix=aarch64-linux-gnu- --enable-shared --enable-linker-build-id --libexecdir=/usr/lib --without-included-gettext --enable-threads=posix --libdir=/usr/lib --enable-nls --enable-clocale=gnu --enable-libstdcxx-debug --enable-libstdcxx-time=yes --with-default-libstdcxx-abi=new --enable-gnu-unique-object --disable-libquadmath --disable-libquadmath-support --enable-plugin --enable-default-pie --with-system-zlib --with-target-system-zlib=auto --enable-objc-gc=auto --enable-multiarch --enable-fix-cortex-a53-843419 --disable-werror --enable-checking=release --build=aarch64-linux-gnu --host=aarch64-linux-gnu --target=aarch64-linux-gnu]
  ignore line: [Thread model: posix]
  ignore line: [gcc version 9.4.0 (Ubuntu 9.4.0-1ubuntu1~20.04.1) ]
  ignore line: [COLLECT_GCC_OPTIONS='-v' '-o' 'CMakeFiles/cmTC_dfd52.dir/CMakeCXXCompilerABI.cpp.o' '-c' '-shared-libgcc' '-mlittle-endian' '-mabi=lp64']
  ignore line: [ /usr/lib/gcc/aarch64-linux-gnu/9/cc1plus -quiet -v -imultiarch aarch64-linux-gnu -D_GNU_SOURCE /usr/share/cmake-3.16/Modules/CMakeCXXCompilerABI.cpp -quiet -dumpbase CMakeCXXCompilerABI.cpp -mlittle-endian -mabi=lp64 -auxbase-strip CMakeFiles/cmTC_dfd52.dir/CMakeCXXCompilerABI.cpp.o -version -fasynchronous-unwind-tables -fstack-protector-strong -Wformat -Wformat-security -fstack-clash-protection -o /tmp/ccnhWYCd.s]
  ignore line: [GNU C++14 (Ubuntu 9.4.0-1ubuntu1~20.04.1) version 9.4.0 (aarch64-linux-gnu)]
  ignore line: [	compiled by GNU C version 9.4.0  GMP version 6.2.0  MPFR version 4.0.2  MPC version 1.1.0  isl version isl-0.22.1-GMP]
  ignore line: []
  ignore line: [GGC heuristics: --param ggc-min-expand=100 --param ggc-min-heapsize=131072]
  ignore line: [ignoring duplicate directory "/usr/include/aarch64-linux-gnu/c++/9"]
  ignore line: [ignoring nonexistent directory "/usr/local/include/aarch64-linux-gnu"]
  ignore line: [ignoring nonexistent directory "/usr/lib/gcc/aarch64-linux-gnu/9/include-fixed"]
  ignore line: [ignoring nonexistent directory "/usr/lib/gcc/aarch64-linux-gnu/9/../../../../aarch64-linux-gnu/include"]
  ignore line: [#include "..." search starts here:]
  ignore line: [#include <...> search starts here:]
  ignore line: [ /usr/include/c++/9]
  ignore line: [ /usr/include/aarch64-linux-gnu/c++/9]
  ignore line: [ /usr/include/c++/9/backward]
  ignore line: [ /usr/lib/gcc/aarch64-linux-gnu/9/include]
  ignore line: [ /usr/local/include]
  ignore line: [ /usr/include/aarch64-linux-gnu]
  ignore line: [ /usr/include]
  ignore line: [End of search list.]
  ignore line: [GNU C++14 (Ubuntu 9.4.0-1ubuntu1~20.04.1) version 9.4.0 (aarch64-linux-gnu)]
  ignore line: [	compiled by GNU C version 9.4.0  GMP version 6.2.0  MPFR version 4.0.2  MPC version 1.1.0  isl version isl-0.22.1-GMP]
  ignore line: []
  ignore line: [GGC heuristics: --param ggc-min-expand=100 --param ggc-min-heapsize=131072]
  ignore line: [Compiler executable checksum: 4d0ffd0faaba59e19a04d931506edddd]
  ignore line: [COLLECT_GCC_OPTIONS='-v' '-o' 'CMakeFiles/cmTC_dfd52.dir/CMakeCXXCompilerABI.cpp.o' '-c' '-shared-libgcc' '-mlittle-endian' '-mabi=lp64']
  ignore line: [ as -v -EL -mabi=lp64 -o CMakeFiles/cmTC_dfd52.dir/CMakeCXXCompilerABI.cpp.o /tmp/ccnhWYCd.s]
  ignore line: [GNU assembler version 2.34 (aarch64-linux-gnu) using BFD version (GNU Binutils for Ubuntu) 2.34]
  ignore line: [COMPILER_PATH=/usr/lib/gcc/aarch64-linux-gnu/9/:/usr/lib/gcc/aarch64-linux-gnu/9/:/usr/lib/gcc/aarch64-linux-gnu/:/usr/lib/gcc/aarch64-linux-gnu/9/:/usr/lib/gcc/aarch64-linux-gnu/]
  ignore line: [LIBRARY_PATH=/usr/lib/gcc/aarch64-linux-gnu/9/:/usr/lib/gcc/aarch64-linux-gnu/9/../../../aarch64-linux-gnu/:/usr/lib/gcc/aarch64-linux-gnu/9/../../../../lib/:/lib/aarch64-linux-gnu/:/lib/../lib/:/usr/lib/aarch64-linux-gnu/:/usr/lib/../lib/:/usr/lib/gcc/aarch64-linux-gnu/9/../../../:/lib/:/usr/lib/]
  ignore line: [COLLECT_GCC_OPTIONS='-v' '-o' 'CMakeFiles/cmTC_dfd52.dir/CMakeCXXCompilerABI.cpp.o' '-c' '-shared-libgcc' '-mlittle-endian' '-mabi=lp64']
  ignore line: [Linking CXX executable cmTC_dfd52]
  ignore line: [/usr/bin/cmake -E cmake_link_script CMakeFiles/cmTC_dfd52.dir/link.txt --verbose=1]
  ignore line: [/usr/bin/c++      -v CMakeFiles/cmTC_dfd52.dir/CMakeCXXCompilerABI.cpp.o  -o cmTC_dfd52 ]
  ignore line: [Using built-in specs.]
  ignore line: [COLLECT_GCC=/usr/bin/c++]
  ignore line: [COLLECT_LTO_WRAPPER=/usr/lib/gcc/aarch64-linux-gnu/9/lto-wrapper]
  ignore line: [Target: aarch64-linux-gnu]
  ignore line: [Configured with: ../src/configure -v --with-pkgversion='Ubuntu 9.4.0-1ubuntu1~20.04.1' --with-bugurl=file:///usr/share/doc/gcc-9/README.Bugs --enable-languages=c ada c++ go d fortran objc obj-c++ gm2 --prefix=/usr --with-gcc-major-version-only --program-suffix=-9 --program-prefix=aarch64-linux-gnu- --enable-shared --enable-linker-build-id --libexecdir=/usr/lib --without-included-gettext --enable-threads=posix --libdir=/usr/lib --enable-nls --enable-clocale=gnu --enable-libstdcxx-debug --enable-libstdcxx-time=yes --with-default-libstdcxx-abi=new --enable-gnu-unique-object --disable-libquadmath --disable-libquadmath-support --enable-plugin --enable-default-pie --with-system-zlib --with-target-system-zlib=auto --enable-objc-gc=auto --enable-multiarch --enable-fix-cortex-a53-843419 --disable-werror --enable-checking=release --build=aarch64-linux-gnu --host=aarch64-linux-gnu --target=aarch64-linux-gnu]
  ignore line: [Thread model: posix]
  ignore line: [gcc version 9.4.0 (Ubuntu 9.4.0-1ubuntu1~20.04.1) ]
  ignore line: [COMPILER_PATH=/usr/lib/gcc/aarch64-linux-gnu/9/:/usr/lib/gcc/aarch64-linux-gnu/9/:/usr/lib/gcc/aarch64-linux-gnu/:/usr/lib/gcc/aarch64-linux-gnu/9/:/usr/lib/gcc/aarch64-linux-gnu/]
  ignore line: [LIBRARY_PATH=/usr/lib/gcc/aarch64-linux-gnu/9/:/usr/lib/gcc/aarch64-linux-gnu/9/../../../aarch64-linux-gnu/:/usr/lib/gcc/aarch64-linux-gnu/9/../../../../lib/:/lib/aarch64-linux-gnu/:/lib/../lib/:/usr/lib/aarch64-linux-gnu/:/usr/lib/../lib/:/usr/lib/gcc/aarch64-linux-gnu/9/../../../:/lib/:/usr/lib/]
  ignore line: [COLLECT_GCC_OPTIONS='-v' '-o' 'cmTC_dfd52' '-shared-libgcc' '-mlittle-endian' '-mabi=lp64']
  link line: [ /usr/lib/gcc/aarch64-linux-gnu/9/collect2 -plugin /usr/lib/gcc/aarch64-linux-gnu/9/liblto_plugin.so -plugin-opt=/usr/lib/gcc/aarch64-linux-gnu/9/lto-wrapper -plugin-opt=-fresolution=/tmp/ccy1Ddg2.res -plugin-opt=-pass-through=-lgcc_s -plugin-opt=-pass-through=-lgcc -plugin-opt=-pass-through=-lc -plugin-opt=-pass-through=-lgcc_s -plugin-opt=-pass-through=-lgcc --build-id --eh-frame-hdr --hash-style=gnu --as-needed -dynamic-linker /lib/ld-linux-aarch64.so.1 -X -EL -maarch64linux --fix-cortex-a53-843419 -pie -z now -z relro -o cmTC_dfd52 /usr/lib/gcc/aarch64-linux-gnu/9/../../../aarch64-linux-gnu/Scrt1.o /usr/lib/gcc/aarch64-linux-gnu/9/../../../aarch64-linux-gnu/crti.o /usr/lib/gcc/aarch64-linux-gnu/9/crtbeginS.o -L/usr/lib/gcc/aarch64-linux-gnu/9 -L/usr/lib/gcc/aarch64-linux-gnu/9/../../../aarch64-linux-gnu -L/usr/lib/gcc/aarch64-linux-gnu/9/../../../../lib -L/lib/aarch64-linux-gnu -L/lib/../lib -L/usr/lib/aarch64-linux-gnu -L/usr/lib/../lib -L/usr/lib/gcc/aarch64-linux-gnu/9/../../.. CMakeFiles/cmTC_dfd52.dir/CMakeCXXCompilerABI.cpp.o -lstdc++ -lm -lgcc_s -lgcc -lc -lgcc_s -lgcc /usr/lib/gcc/aarch64-linux-gnu/9/crtendS.o /usr/lib/gcc/aarch64-linux-gnu/9/../../../aarch64-linux-gnu/crtn.o]
    arg [/usr/lib/gcc/aarch64-linux-gnu/9/collect2] ==> ignore
    arg [-plugin] ==> ignore
    arg [/usr/lib/gcc/aarch64-linux-gnu/9/liblto_plugin.so] ==> ignore
    arg [-plugin-opt=/usr/lib/gcc/aarch64-linux-gnu/9/lto-wrapper] ==> ignore
    arg [-plugin-opt=-fresolution=/tmp/ccy1Ddg2.res] ==> ignore
    arg [-plugin-opt=-pass-through=-lgcc_s] ==> ignore
    arg [-plugin-opt=-pass-through=-lgcc] ==> ignore
    arg [-plugin-opt=-pass-through=-lc] ==> ignore
    arg [-plugin-opt=-pass-through=-lgcc_s] ==> ignore
    arg [-plugin-opt=-pass-through=-lgcc] ==> ignore
    arg [--build-id] ==> ignore
    arg [--eh-frame-hdr] ==> ignore
    arg [--hash-style=gnu] ==> ignore
    arg [--as-needed] ==> ignore
    arg [-dynamic-linker] ==> ignore
    arg [/lib/ld-linux-aarch64.so.1] ==> ignore
    arg [-X] ==> ignore
    arg [-EL] ==> ignore
    arg [-maarch64linux] ==> ignore
    arg [--fix-cortex-a53-843419] ==> ignore
    arg [-pie] ==> ignore
    arg [-znow] ==> ignore
    arg [-zrelro] ==> ignore
    arg [-o] ==> ignore
    arg [cmTC_dfd52] ==> ignore
    arg [/usr/lib/gcc/aarch64-linux-gnu/9/../../../aarch64-linux-gnu/Scrt1.o] ==> ignore
    arg [/usr/lib/gcc/aarch64-linux-gnu/9/../../../aarch64-linux-gnu/crti.o] ==> ignore
    arg [/usr/lib/gcc/aarch64-linux-gnu/9/crtbeginS.o] ==> ignore
    arg [-L/usr/lib/gcc/aarch64-linux-gnu/9] ==> dir [/usr/lib/gcc/aarch64-linux-gnu/9]
    arg [-L/usr/lib/gcc/aarch64-linux-gnu/9/../../../aarch64-linux-gnu] ==> dir [/usr/lib/gcc/aarch64-linux-gnu/9/../../../aarch64-linux-gnu]
    arg [-L/usr/lib/gcc/aarch64-linux-gnu/9/../../../../lib] ==> dir [/usr/lib/gcc/aarch64-linux-gnu/9/../../../../lib]
    arg [-L/lib/aarch64-linux-gnu] ==> dir [/lib/aarch64-linux-gnu]
    arg [-L/lib/../lib] ==> dir [/lib/../lib]
    arg [-L/usr/lib/aarch64-linux-gnu] ==> dir [/usr/lib/aarch64-linux-gnu]
    arg [-L/usr/lib/../lib] ==> dir [/usr/lib/../lib]
    arg [-L/usr/lib/gcc/aarch64-linux-gnu/9/../../..] ==> dir [/usr/lib/gcc/aarch64-linux-gnu/9/../../..]
    arg [CMakeFiles/cmTC_dfd52.dir/CMakeCXXCompilerABI.cpp.o] ==> ignore
    arg [-lstdc++] ==> lib [stdc++]
    arg [-lm] ==> lib [m]
    arg [-lgcc_s] ==> lib [gcc_s]
    arg [-lgcc] ==> lib [gcc]
    arg [-lc] ==> lib [c]
    arg [-lgcc_s] ==> lib [gcc_s]
    arg [-lgcc] ==> lib [gcc]
    arg [/usr/lib/gcc/aarch64-linux-gnu/9/crtendS.o] ==> ignore
    arg [/usr/lib/gcc/aarch64-linux-gnu/9/../../../aarch64-linux-gnu/crtn.o] ==> ignore
  collapse library dir [/usr/lib/gcc/aarch64-linux-gnu/9] ==> [/usr/lib/gcc/aarch64-linux-gnu/9]
  collapse library dir [/usr/lib/gcc/aarch64-linux-gnu/9/../../../aarch64-linux-gnu] ==> [/usr/lib/aarch64-linux-gnu]
  collapse library dir [/usr/lib/gcc/aarch64-linux-gnu/9/../../../../lib] ==> [/usr/lib]
  collapse library dir [/lib/aarch64-linux-gnu] ==> [/lib/aarch64-linux-gnu]
  collapse library dir [/lib/../lib] ==> [/lib]
  collapse library dir [/usr/lib/aarch64-linux-gnu] ==> [/usr/lib/aarch64-linux-gnu]
  collapse library dir [/usr/lib/../lib] ==> [/usr/lib]
  collapse library dir [/usr/lib/gcc/aarch64-linux-gnu/9/../../..] ==> [/usr/lib]
  implicit libs: [stdc++;m;gcc_s;gcc;c;gcc_s;gcc]
  implicit dirs: [/usr/lib/gcc/aarch64-linux-gnu/9;/usr/lib/aarch64-linux-gnu;/usr/lib;/lib/aarch64-linux-gnu;/lib]
  implicit fwks: []


Determining if the C compiler works passed with the following output:
Change Dir: /home/bharath/catkin_ws/build/cgal_catkin/cgal-prefix/src/cgal-build/CMakeFiles/CMakeTmp

Run Build Command(s):/usr/bin/make cmTC_5a756/fast && make[3]: Entering directory '/home/bharath/catkin_ws/build/cgal_catkin/cgal-prefix/src/cgal-build/CMakeFiles/CMakeTmp'
/usr/bin/make -f CMakeFiles/cmTC_5a756.dir/build.make CMakeFiles/cmTC_5a756.dir/build
make[4]: Entering directory '/home/bharath/catkin_ws/build/cgal_catkin/cgal-prefix/src/cgal-build/CMakeFiles/CMakeTmp'
Building C object CMakeFiles/cmTC_5a756.dir/testCCompiler.c.o
/usr/bin/cc    -o CMakeFiles/cmTC_5a756.dir/testCCompiler.c.o   -c /home/bharath/catkin_ws/build/cgal_catkin/cgal-prefix/src/cgal-build/CMakeFiles/CMakeTmp/testCCompiler.c
Linking C executable cmTC_5a756
/usr/bin/cmake -E cmake_link_script CMakeFiles/cmTC_5a756.dir/link.txt --verbose=1
/usr/bin/cc      CMakeFiles/cmTC_5a756.dir/testCCompiler.c.o  -o cmTC_5a756 
make[4]: Leaving directory '/home/bharath/catkin_ws/build/cgal_catkin/cgal-prefix/src/cgal-build/CMakeFiles/CMakeTmp'
make[3]: Leaving directory '/home/bharath/catkin_ws/build/cgal_catkin/cgal-prefix/src/cgal-build/CMakeFiles/CMakeTmp'



Detecting C compiler ABI info compiled with the following output:
Change Dir: /home/bharath/catkin_ws/build/cgal_catkin/cgal-prefix/src/cgal-build/CMakeFiles/CMakeTmp

Run Build Command(s):/usr/bin/make cmTC_8f33d/fast && make[3]: Entering directory '/home/bharath/catkin_ws/build/cgal_catkin/cgal-prefix/src/cgal-build/CMakeFiles/CMakeTmp'
/usr/bin/make -f CMakeFiles/cmTC_8f33d.dir/build.make CMakeFiles/cmTC_8f33d.dir/build
make[4]: Entering directory '/home/bharath/catkin_ws/build/cgal_catkin/cgal-prefix/src/cgal-build/CMakeFiles/CMakeTmp'
Building C object CMakeFiles/cmTC_8f33d.dir/CMakeCCompilerABI.c.o
/usr/bin/cc   -v -o CMakeFiles/cmTC_8f33d.dir/CMakeCCompilerABI.c.o   -c /usr/share/cmake-3.16/Modules/CMakeCCompilerABI.c
Using built-in specs.
COLLECT_GCC=/usr/bin/cc
Target: aarch64-linux-gnu
Configured with: ../src/configure -v --with-pkgversion='Ubuntu 9.4.0-1ubuntu1~20.04.1' --with-bugurl=file:///usr/share/doc/gcc-9/README.Bugs --enable-languages=c,ada,c++,go,d,fortran,objc,obj-c++,gm2 --prefix=/usr --with-gcc-major-version-only --program-suffix=-9 --program-prefix=aarch64-linux-gnu- --enable-shared --enable-linker-build-id --libexecdir=/usr/lib --without-included-gettext --enable-threads=posix --libdir=/usr/lib --enable-nls --enable-clocale=gnu --enable-libstdcxx-debug --enable-libstdcxx-time=yes --with-default-libstdcxx-abi=new --enable-gnu-unique-object --disable-libquadmath --disable-libquadmath-support --enable-plugin --enable-default-pie --with-system-zlib --with-target-system-zlib=auto --enable-objc-gc=auto --enable-multiarch --enable-fix-cortex-a53-843419 --disable-werror --enable-checking=release --build=aarch64-linux-gnu --host=aarch64-linux-gnu --target=aarch64-linux-gnu
Thread model: posix
gcc version 9.4.0 (Ubuntu 9.4.0-1ubuntu1~20.04.1) 
COLLECT_GCC_OPTIONS='-v' '-o' 'CMakeFiles/cmTC_8f33d.dir/CMakeCCompilerABI.c.o' '-c' '-mlittle-endian' '-mabi=lp64'
 /usr/lib/gcc/aarch64-linux-gnu/9/cc1 -quiet -v -imultiarch aarch64-linux-gnu /usr/share/cmake-3.16/Modules/CMakeCCompilerABI.c -quiet -dumpbase CMakeCCompilerABI.c -mlittle-endian -mabi=lp64 -auxbase-strip CMakeFiles/cmTC_8f33d.dir/CMakeCCompilerABI.c.o -version -fasynchronous-unwind-tables -fstack-protector-strong -Wformat -Wformat-security -fstack-clash-protection -o /tmp/cc4sKSE5.s
GNU C17 (Ubuntu 9.4.0-1ubuntu1~20.04.1) version 9.4.0 (aarch64-linux-gnu)
	compiled by GNU C version 9.4.0, GMP version 6.2.0, MPFR version 4.0.2, MPC version 1.1.0, isl version isl-0.22.1-GMP

GGC heuristics: --param ggc-min-expand=100 --param ggc-min-heapsize=131072
ignoring nonexistent directory "/usr/local/include/aarch64-linux-gnu"
ignoring nonexistent directory "/usr/lib/gcc/aarch64-linux-gnu/9/include-fixed"
ignoring nonexistent directory "/usr/lib/gcc/aarch64-linux-gnu/9/../../../../aarch64-linux-gnu/include"
#include "..." search starts here:
#include <...> search starts here:
 /usr/lib/gcc/aarch64-linux-gnu/9/include
 /usr/local/include
 /usr/include/aarch64-linux-gnu
 /usr/include
End of search list.
GNU C17 (Ubuntu 9.4.0-1ubuntu1~20.04.1) version 9.4.0 (aarch64-linux-gnu)
	compiled by GNU C version 9.4.0, GMP version 6.2.0, MPFR version 4.0.2, MPC version 1.1.0, isl version isl-0.22.1-GMP

GGC heuristics: --param ggc-min-expand=100 --param ggc-min-heapsize=131072
Compiler executable checksum: 6a3864a8c3fe8bbb972fb5dbcb1f67d4
COLLECT_GCC_OPTIONS='-v' '-o' 'CMakeFiles/cmTC_8f33d.dir/CMakeCCompilerABI.c.o' '-c' '-mlittle-endian' '-mabi=lp64'
 as -v -EL -mabi=lp64 -o CMakeFiles/cmTC_8f33d.dir/CMakeCCompilerABI.c.o /tmp/cc4sKSE5.s
GNU assembler version 2.34 (aarch64-linux-gnu) using BFD version (GNU Binutils for Ubuntu) 2.34
COMPILER_PATH=/usr/lib/gcc/aarch64-linux-gnu/9/:/usr/lib/gcc/aarch64-linux-gnu/9/:/usr/lib/gcc/aarch64-linux-gnu/:/usr/lib/gcc/aarch64-linux-gnu/9/:/usr/lib/gcc/aarch64-linux-gnu/
LIBRARY_PATH=/usr/lib/gcc/aarch64-linux-gnu/9/:/usr/lib/gcc/aarch64-linux-gnu/9/../../../aarch64-linux-gnu/:/usr/lib/gcc/aarch64-linux-gnu/9/../../../../lib/:/lib/aarch64-linux-gnu/:/lib/../lib/:/usr/lib/aarch64-linux-gnu/:/usr/lib/../lib/:/usr/lib/gcc/aarch64-linux-gnu/9/../../../:/lib/:/usr/lib/
COLLECT_GCC_OPTIONS='-v' '-o' 'CMakeFiles/cmTC_8f33d.dir/CMakeCCompilerABI.c.o' '-c' '-mlittle-endian' '-mabi=lp64'
Linking C executable cmTC_8f33d
/usr/bin/cmake -E cmake_link_script CMakeFiles/cmTC_8f33d.dir/link.txt --verbose=1
/usr/bin/cc     -v CMakeFiles/cmTC_8f33d.dir/CMakeCCompilerABI.c.o  -o cmTC_8f33d 
Using built-in specs.
COLLECT_GCC=/usr/bin/cc
COLLECT_LTO_WRAPPER=/usr/lib/gcc/aarch64-linux-gnu/9/lto-wrapper
Target: aarch64-linux-gnu
Configured with: ../src/configure -v --with-pkgversion='Ubuntu 9.4.0-1ubuntu1~20.04.1' --with-bugurl=file:///usr/share/doc/gcc-9/README.Bugs --enable-languages=c,ada,c++,go,d,fortran,objc,obj-c++,gm2 --prefix=/usr --with-gcc-major-version-only --program-suffix=-9 --program-prefix=aarch64-linux-gnu- --enable-shared --enable-linker-build-id --libexecdir=/usr/lib --without-included-gettext --enable-threads=posix --libdir=/usr/lib --enable-nls --enable-clocale=gnu --enable-libstdcxx-debug --enable-libstdcxx-time=yes --with-default-libstdcxx-abi=new --enable-gnu-unique-object --disable-libquadmath --disable-libquadmath-support --enable-plugin --enable-default-pie --with-system-zlib --with-target-system-zlib=auto --enable-objc-gc=auto --enable-multiarch --enable-fix-cortex-a53-843419 --disable-werror --enable-checking=release --build=aarch64-linux-gnu --host=aarch64-linux-gnu --target=aarch64-linux-gnu
Thread model: posix
gcc version 9.4.0 (Ubuntu 9.4.0-1ubuntu1~20.04.1) 
COMPILER_PATH=/usr/lib/gcc/aarch64-linux-gnu/9/:/usr/lib/gcc/aarch64-linux-gnu/9/:/usr/lib/gcc/aarch64-linux-gnu/:/usr/lib/gcc/aarch64-linux-gnu/9/:/usr/lib/gcc/aarch64-linux-gnu/
LIBRARY_PATH=/usr/lib/gcc/aarch64-linux-gnu/9/:/usr/lib/gcc/aarch64-linux-gnu/9/../../../aarch64-linux-gnu/:/usr/lib/gcc/aarch64-linux-gnu/9/../../../../lib/:/lib/aarch64-linux-gnu/:/lib/../lib/:/usr/lib/aarch64-linux-gnu/:/usr/lib/../lib/:/usr/lib/gcc/aarch64-linux-gnu/9/../../../:/lib/:/usr/lib/
COLLECT_GCC_OPTIONS='-v' '-o' 'cmTC_8f33d' '-mlittle-endian' '-mabi=lp64'
 /usr/lib/gcc/aarch64-linux-gnu/9/collect2 -plugin /usr/lib/gcc/aarch64-linux-gnu/9/liblto_plugin.so -plugin-opt=/usr/lib/gcc/aarch64-linux-gnu/9/lto-wrapper -plugin-opt=-fresolution=/tmp/ccJDAKYN.res -plugin-opt=-pass-through=-lgcc -plugin-opt=-pass-through=-lgcc_s -plugin-opt=-pass-through=-lc -plugin-opt=-pass-through=-lgcc -plugin-opt=-pass-through=-lgcc_s --build-id --eh-frame-hdr --hash-style=gnu --as-needed -dynamic-linker /lib/ld-linux-aarch64.so.1 -X -EL -maarch64linux --fix-cortex-a53-843419 -pie -z now -z relro -o cmTC_8f33d /usr/lib/gcc/aarch64-linux-gnu/9/../../../aarch64-linux-gnu/Scrt1.o /usr/lib/gcc/aarch64-linux-gnu/9/../../../aarch64-linux-gnu/crti.o /usr/lib/gcc/aarch64-linux-gnu/9/crtbeginS.o -L/usr/lib/gcc/aarch64-linux-gnu/9 -L/usr/lib/gcc/aarch64-linux-gnu/9/../../../aarch64-linux-gnu -L/usr/lib/gcc/aarch64-linux-gnu/9/../../../../lib -L/lib/aarch64-linux-gnu -L/lib/../lib -L/usr/lib/aarch64-linux-gnu -L/usr/lib/../lib -L/usr/lib/gcc/aarch64-linux-gnu/9/../../.. CMakeFiles/cmTC_8f33d.dir/CMakeCCompilerABI.c.o -lgcc --push-state --as-needed -lgcc_s --pop-state -lc -lgcc --push-state --as-needed -lgcc_s --pop-state /usr/lib/gcc/aarch64-linux-gnu/9/crtendS.o /usr/lib/gcc/aarch64-linux-gnu/9/../../../aarch64-linux-gnu/crtn.o
COLLECT_GCC_OPTIONS='-v' '-o' 'cmTC_8f33d' '-mlittle-endian' '-mabi=lp64'
make[4]: Leaving directory '/home/bharath/catkin_ws/build/cgal_catkin/cgal-prefix/src/cgal-build/CMakeFiles/CMakeTmp'
make[3]: Leaving directory '/home/bharath/catkin_ws/build/cgal_catkin/cgal-prefix/src/cgal-build/CMakeFiles/CMakeTmp'



Parsed C implicit include dir info from above output: rv=done
  found start of include info
  found start of implicit include info
    add: [/usr/lib/gcc/aarch64-linux-gnu/9/include]
    add: [/usr/local/include]
    add: [/usr/include/aarch64-linux-gnu]
    add: [/usr/include]
  end of search list found
  collapse include dir [/usr/lib/gcc/aarch64-linux-gnu/9/include] ==> [/usr/lib/gcc/aarch64-linux-gnu/9/include]
  collapse include dir [/usr/local/include] ==> [/usr/local/include]
  collapse include dir [/usr/include/aarch64-linux-gnu] ==> [/usr/include/aarch64-linux-gnu]
  collapse include dir [/usr/include] ==> [/usr/include]
  implicit include dirs: [/usr/lib/gcc/aarch64-linux-gnu/9/include;/usr/local/include;/usr/include/aarch64-linux-gnu;/usr/include]


Parsed C implicit link information from above output:
  link line regex: [^( *|.*[/\])(ld|CMAKE_LINK_STARTFILE-NOTFOUND|([^/\]+-)?ld|collect2)[^/\]*( |$)]
  ignore line: [Change Dir: /home/bharath/catkin_ws/build/cgal_catkin/cgal-prefix/src/cgal-build/CMakeFiles/CMakeTmp]
  ignore line: []
  ignore line: [Run Build Command(s):/usr/bin/make cmTC_8f33d/fast && make[3]: Entering directory '/home/bharath/catkin_ws/build/cgal_catkin/cgal-prefix/src/cgal-build/CMakeFiles/CMakeTmp']
  ignore line: [/usr/bin/make -f CMakeFiles/cmTC_8f33d.dir/build.make CMakeFiles/cmTC_8f33d.dir/build]
  ignore line: [make[4]: Entering directory '/home/bharath/catkin_ws/build/cgal_catkin/cgal-prefix/src/cgal-build/CMakeFiles/CMakeTmp']
  ignore line: [Building C object CMakeFiles/cmTC_8f33d.dir/CMakeCCompilerABI.c.o]
  ignore line: [/usr/bin/cc   -v -o CMakeFiles/cmTC_8f33d.dir/CMakeCCompilerABI.c.o   -c /usr/share/cmake-3.16/Modules/CMakeCCompilerABI.c]
  ignore line: [Using built-in specs.]
  ignore line: [COLLECT_GCC=/usr/bin/cc]
  ignore line: [Target: aarch64-linux-gnu]
  ignore line: [Configured with: ../src/configure -v --with-pkgversion='Ubuntu 9.4.0-1ubuntu1~20.04.1' --with-bugurl=file:///usr/share/doc/gcc-9/README.Bugs --enable-languages=c ada c++ go d fortran objc obj-c++ gm2 --prefix=/usr --with-gcc-major-version-only --program-suffix=-9 --program-prefix=aarch64-linux-gnu- --enable-shared --enable-linker-build-id --libexecdir=/usr/lib --without-included-gettext --enable-threads=posix --libdir=/usr/lib --enable-nls --enable-clocale=gnu --enable-libstdcxx-debug --enable-libstdcxx-time=yes --with-default-libstdcxx-abi=new --enable-gnu-unique-object --disable-libquadmath --disable-libquadmath-support --enable-plugin --enable-default-pie --with-system-zlib --with-target-system-zlib=auto --enable-objc-gc=auto --enable-multiarch --enable-fix-cortex-a53-843419 --disable-werror --enable-checking=release --build=aarch64-linux-gnu --host=aarch64-linux-gnu --target=aarch64-linux-gnu]
  ignore line: [Thread model: posix]
  ignore line: [gcc version 9.4.0 (Ubuntu 9.4.0-1ubuntu1~20.04.1) ]
  ignore line: [COLLECT_GCC_OPTIONS='-v' '-o' 'CMakeFiles/cmTC_8f33d.dir/CMakeCCompilerABI.c.o' '-c' '-mlittle-endian' '-mabi=lp64']
  ignore line: [ /usr/lib/gcc/aarch64-linux-gnu/9/cc1 -quiet -v -imultiarch aarch64-linux-gnu /usr/share/cmake-3.16/Modules/CMakeCCompilerABI.c -quiet -dumpbase CMakeCCompilerABI.c -mlittle-endian -mabi=lp64 -auxbase-strip CMakeFiles/cmTC_8f33d.dir/CMakeCCompilerABI.c.o -version -fasynchronous-unwind-tables -fstack-protector-strong -Wformat -Wformat-security -fstack-clash-protection -o /tmp/cc4sKSE5.s]
  ignore line: [GNU C17 (Ubuntu 9.4.0-1ubuntu1~20.04.1) version 9.4.0 (aarch64-linux-gnu)]
  ignore line: [	compiled by GNU C version 9.4.0  GMP version 6.2.0  MPFR version 4.0.2  MPC version 1.1.0  isl version isl-0.22.1-GMP]
  ignore line: []
  ignore line: [GGC heuristics: --param ggc-min-expand=100 --param ggc-min-heapsize=131072]
  ignore line: [ignoring nonexistent directory "/usr/local/include/aarch64-linux-gnu"]
  ignore line: [ignoring nonexistent directory "/usr/lib/gcc/aarch64-linux-gnu/9/include-fixed"]
  ignore line: [ignoring nonexistent directory "/usr/lib/gcc/aarch64-linux-gnu/9/../../../../aarch64-linux-gnu/include"]
  ignore line: [#include "..." search starts here:]
  ignore line: [#include <...> search starts here:]
  ignore line: [ /usr/lib/gcc/aarch64-linux-gnu/9/include]
  ignore line: [ /usr/local/include]
  ignore line: [ /usr/include/aarch64-linux-gnu]
  ignore line: [ /usr/include]
  ignore line: [End of search list.]
  ignore line: [GNU C17 (Ubuntu 9.4.0-1ubuntu1~20.04.1) version 9.4.0 (aarch64-linux-gnu)]
  ignore line: [	compiled by GNU C version 9.4.0  GMP version 6.2.0  MPFR version 4.0.2  MPC version 1.1.0  isl version isl-0.22.1-GMP]
  ignore line: []
  ignore line: [GGC heuristics: --param ggc-min-expand=100 --param ggc-min-heapsize=131072]
  ignore line: [Compiler executable checksum: 6a3864a8c3fe8bbb972fb5dbcb1f67d4]
  ignore line: [COLLECT_GCC_OPTIONS='-v' '-o' 'CMakeFiles/cmTC_8f33d.dir/CMakeCCompilerABI.c.o' '-c' '-mlittle-endian' '-mabi=lp64']
  ignore line: [ as -v -EL -mabi=lp64 -o CMakeFiles/cmTC_8f33d.dir/CMakeCCompilerABI.c.o /tmp/cc4sKSE5.s]
  ignore line: [GNU assembler version 2.34 (aarch64-linux-gnu) using BFD version (GNU Binutils for Ubuntu) 2.34]
  ignore line: [COMPILER_PATH=/usr/lib/gcc/aarch64-linux-gnu/9/:/usr/lib/gcc/aarch64-linux-gnu/9/:/usr/lib/gcc/aarch64-linux-gnu/:/usr/lib/gcc/aarch64-linux-gnu/9/:/usr/lib/gcc/aarch64-linux-gnu/]
  ignore line: [LIBRARY_PATH=/usr/lib/gcc/aarch64-linux-gnu/9/:/usr/lib/gcc/aarch64-linux-gnu/9/../../../aarch64-linux-gnu/:/usr/lib/gcc/aarch64-linux-gnu/9/../../../../lib/:/lib/aarch64-linux-gnu/:/lib/../lib/:/usr/lib/aarch64-linux-gnu/:/usr/lib/../lib/:/usr/lib/gcc/aarch64-linux-gnu/9/../../../:/lib/:/usr/lib/]
  ignore line: [COLLECT_GCC_OPTIONS='-v' '-o' 'CMakeFiles/cmTC_8f33d.dir/CMakeCCompilerABI.c.o' '-c' '-mlittle-endian' '-mabi=lp64']
  ignore line: [Linking C executable cmTC_8f33d]
  ignore line: [/usr/bin/cmake -E cmake_link_script CMakeFiles/cmTC_8f33d.dir/link.txt --verbose=1]
  ignore line: [/usr/bin/cc     -v CMakeFiles/cmTC_8f33d.dir/CMakeCCompilerABI.c.o  -o cmTC_8f33d ]
  ignore line: [Using built-in specs.]
  ignore line: [COLLECT_GCC=/usr/bin/cc]
  ignore line: [COLLECT_LTO_WRAPPER=/usr/lib/gcc/aarch64-linux-gnu/9/lto-wrapper]
  ignore line: [Target: aarch64-linux-gnu]
  ignore line: [Configured with: ../src/configure -v --with-pkgversion='Ubuntu 9.4.0-1ubuntu1~20.04.1' --with-bugurl=file:///usr/share/doc/gcc-9/README.Bugs --enable-languages=c ada c++ go d fortran objc obj-c++ gm2 --prefix=/usr --with-gcc-major-version-only --program-suffix=-9 --program-prefix=aarch64-linux-gnu- --enable-shared --enable-linker-build-id --libexecdir=/usr/lib --without-included-gettext --enable-threads=posix --libdir=/usr/lib --enable-nls --enable-clocale=gnu --enable-libstdcxx-debug --enable-libstdcxx-time=yes --with-default-libstdcxx-abi=new --enable-gnu-unique-object --disable-libquadmath --disable-libquadmath-support --enable-plugin --enable-default-pie --with-system-zlib --with-target-system-zlib=auto --enable-objc-gc=auto --enable-multiarch --enable-fix-cortex-a53-843419 --disable-werror --enable-checking=release --build=aarch64-linux-gnu --host=aarch64-linux-gnu --target=aarch64-linux-gnu]
  ignore line: [Thread model: posix]
  ignore line: [gcc version 9.4.0 (Ubuntu 9.4.0-1ubuntu1~20.04.1) ]
  ignore line: [COMPILER_PATH=/usr/lib/gcc/aarch64-linux-gnu/9/:/usr/lib/gcc/aarch64-linux-gnu/9/:/usr/lib/gcc/aarch64-linux-gnu/:/usr/lib/gcc/aarch64-linux-gnu/9/:/usr/lib/gcc/aarch64-linux-gnu/]
  ignore line: [LIBRARY_PATH=/usr/lib/gcc/aarch64-linux-gnu/9/:/usr/lib/gcc/aarch64-linux-gnu/9/../../../aarch64-linux-gnu/:/usr/lib/gcc/aarch64-linux-gnu/9/../../../../lib/:/lib/aarch64-linux-gnu/:/lib/../lib/:/usr/lib/aarch64-linux-gnu/:/usr/lib/../lib/:/usr/lib/gcc/aarch64-linux-gnu/9/../../../:/lib/:/usr/lib/]
  ignore line: [COLLECT_GCC_OPTIONS='-v' '-o' 'cmTC_8f33d' '-mlittle-endian' '-mabi=lp64']
  link line: [ /usr/lib/gcc/aarch64-linux-gnu/9/collect2 -plugin /usr/lib/gcc/aarch64-linux-gnu/9/liblto_plugin.so -plugin-opt=/usr/lib/gcc/aarch64-linux-gnu/9/lto-wrapper -plugin-opt=-fresolution=/tmp/ccJDAKYN.res -plugin-opt=-pass-through=-lgcc -plugin-opt=-pass-through=-lgcc_s -plugin-opt=-pass-through=-lc -plugin-opt=-pass-through=-lgcc -plugin-opt=-pass-through=-lgcc_s --build-id --eh-frame-hdr --hash-style=gnu --as-needed -dynamic-linker /lib/ld-linux-aarch64.so.1 -X -EL -maarch64linux --fix-cortex-a53-843419 -pie -z now -z relro -o cmTC_8f33d /usr/lib/gcc/aarch64-linux-gnu/9/../../../aarch64-linux-gnu/Scrt1.o /usr/lib/gcc/aarch64-linux-gnu/9/../../../aarch64-linux-gnu/crti.o /usr/lib/gcc/aarch64-linux-gnu/9/crtbeginS.o -L/usr/lib/gcc/aarch64-linux-gnu/9 -L/usr/lib/gcc/aarch64-linux-gnu/9/../../../aarch64-linux-gnu -L/usr/lib/gcc/aarch64-linux-gnu/9/../../../../lib -L/lib/aarch64-linux-gnu -L/lib/../lib -L/usr/lib/aarch64-linux-gnu -L/usr/lib/../lib -L/usr/lib/gcc/aarch64-linux-gnu/9/../../.. CMakeFiles/cmTC_8f33d.dir/CMakeCCompilerABI.c.o -lgcc --push-state --as-needed -lgcc_s --pop-state -lc -lgcc --push-state --as-needed -lgcc_s --pop-state /usr/lib/gcc/aarch64-linux-gnu/9/crtendS.o /usr/lib/gcc/aarch64-linux-gnu/9/../../../aarch64-linux-gnu/crtn.o]
    arg [/usr/lib/gcc/aarch64-linux-gnu/9/collect2] ==> ignore
    arg [-plugin] ==> ignore
    arg [/usr/lib/gcc/aarch64-linux-gnu/9/liblto_plugin.so] ==> ignore
    arg [-plugin-opt=/usr/lib/gcc/aarch64-linux-gnu/9/lto-wrapper] ==> ignore
    arg [-plugin-opt=-fresolution=/tmp/ccJDAKYN.res] ==> ignore
    arg [-plugin-opt=-pass-through=-lgcc] ==> ignore
    arg [-plugin-opt=-pass-through=-lgcc_s] ==> ignore
    arg [-plugin-opt=-pass-through=-lc] ==> ignore
    arg [-plugin-opt=-pass-through=-lgcc] ==> ignore
    arg [-plugin-opt=-pass-through=-lgcc_s] ==> ignore
    arg [--build-id] ==> ignore
    arg [--eh-frame-hdr] ==> ignore
    arg [--hash-style=gnu] ==> ignore
    arg [--as-needed] ==> ignore
    arg [-dynamic-linker] ==> ignore
    arg [/lib/ld-linux-aarch64.so.1] ==> ignore
    arg [-X] ==> ignore
    arg [-EL] ==> ignore
    arg [-maarch64linux] ==> ignore
    arg [--fix-cortex-a53-843419] ==> ignore
    arg [-pie] ==> ignore
    arg [-znow] ==> ignore
    arg [-zrelro] ==> ignore
    arg [-o] ==> ignore
    arg [cmTC_8f33d] ==> ignore
    arg [/usr/lib/gcc/aarch64-linux-gnu/9/../../../aarch64-linux-gnu/Scrt1.o] ==> ignore
    arg [/usr/lib/gcc/aarch64-linux-gnu/9/../../../aarch64-linux-gnu/crti.o] ==> ignore
    arg [/usr/lib/gcc/aarch64-linux-gnu/9/crtbeginS.o] ==> ignore
    arg [-L/usr/lib/gcc/aarch64-linux-gnu/9] ==> dir [/usr/lib/gcc/aarch64-linux-gnu/9]
    arg [-L/usr/lib/gcc/aarch64-linux-gnu/9/../../../aarch64-linux-gnu] ==> dir [/usr/lib/gcc/aarch64-linux-gnu/9/../../../aarch64-linux-gnu]
    arg [-L/usr/lib/gcc/aarch64-linux-gnu/9/../../../../lib] ==> dir [/usr/lib/gcc/aarch64-linux-gnu/9/../../../../lib]
    arg [-L/lib/aarch64-linux-gnu] ==> dir [/lib/aarch64-linux-gnu]
    arg [-L/lib/../lib] ==> dir [/lib/../lib]
    arg [-L/usr/lib/aarch64-linux-gnu] ==> dir [/usr/lib/aarch64-linux-gnu]
    arg [-L/usr/lib/../lib] ==> dir [/usr/lib/../lib]
    arg [-L/usr/lib/gcc/aarch64-linux-gnu/9/../../..] ==> dir [/usr/lib/gcc/aarch64-linux-gnu/9/../../..]
    arg [CMakeFiles/cmTC_8f33d.dir/CMakeCCompilerABI.c.o] ==> ignore
    arg [-lgcc] ==> lib [gcc]
    arg [--push-state] ==> ignore
    arg [--as-needed] ==> ignore
    arg [-lgcc_s] ==> lib [gcc_s]
    arg [--pop-state] ==> ignore
    arg [-lc] ==> lib [c]
    arg [-lgcc] ==> lib [gcc]
    arg [--push-state] ==> ignore
    arg [--as-needed] ==> ignore
    arg [-lgcc_s] ==> lib [gcc_s]
    arg [--pop-state] ==> ignore
    arg [/usr/lib/gcc/aarch64-linux-gnu/9/crtendS.o] ==> ignore
    arg [/usr/lib/gcc/aarch64-linux-gnu/9/../../../aarch64-linux-gnu/crtn.o] ==> ignore
  collapse library dir [/usr/lib/gcc/aarch64-linux-gnu/9] ==> [/usr/lib/gcc/aarch64-linux-gnu/9]
  collapse library dir [/usr/lib/gcc/aarch64-linux-gnu/9/../../../aarch64-linux-gnu] ==> [/usr/lib/aarch64-linux-gnu]
  collapse library dir [/usr/lib/gcc/aarch64-linux-gnu/9/../../../../lib] ==> [/usr/lib]
  collapse library dir [/lib/aarch64-linux-gnu] ==> [/lib/aarch64-linux-gnu]
  collapse library dir [/lib/../lib] ==> [/lib]
  collapse library dir [/usr/lib/aarch64-linux-gnu] ==> [/usr/lib/aarch64-linux-gnu]
  collapse library dir [/usr/lib/../lib] ==> [/usr/lib]
  collapse library dir [/usr/lib/gcc/aarch64-linux-gnu/9/../../..] ==> [/usr/lib]
  implicit libs: [gcc;gcc_s;c;gcc;gcc_s]
  implicit dirs: [/usr/lib/gcc/aarch64-linux-gnu/9;/usr/lib/aarch64-linux-gnu;/usr/lib;/lib/aarch64-linux-gnu;/lib]
  implicit fwks: []


Performing C++ SOURCE FILE Test CGAL_CFG_DENORMALS_COMPILE_BUG succeded with the following output:
Change Dir: /home/bharath/catkin_ws/build/cgal_catkin/cgal-prefix/src/cgal-build/CMakeFiles/CMakeTmp

Run Build Command(s):/usr/bin/make cmTC_3699e/fast && make[3]: Entering directory '/home/bharath/catkin_ws/build/cgal_catkin/cgal-prefix/src/cgal-build/CMakeFiles/CMakeTmp'
/usr/bin/make -f CMakeFiles/cmTC_3699e.dir/build.make CMakeFiles/cmTC_3699e.dir/build
make[4]: Entering directory '/home/bharath/catkin_ws/build/cgal_catkin/cgal-prefix/src/cgal-build/CMakeFiles/CMakeTmp'
Building CXX object CMakeFiles/cmTC_3699e.dir/CGAL_CFG_DENORMALS_COMPILE_BUG.cpp.o
/usr/bin/c++     -o CMakeFiles/cmTC_3699e.dir/CGAL_CFG_DENORMALS_COMPILE_BUG.cpp.o -c /home/bharath/catkin_ws/build/cgal_catkin/cgal-prefix/src/cgal/Installation/cmake/modules/config/testfiles/CGAL_CFG_DENORMALS_COMPILE_BUG.cpp
Linking CXX executable cmTC_3699e
/usr/bin/cmake -E cmake_link_script CMakeFiles/cmTC_3699e.dir/link.txt --verbose=1
/usr/bin/c++       CMakeFiles/cmTC_3699e.dir/CGAL_CFG_DENORMALS_COMPILE_BUG.cpp.o  -o cmTC_3699e 
make[4]: Leaving directory '/home/bharath/catkin_ws/build/cgal_catkin/cgal-prefix/src/cgal-build/CMakeFiles/CMakeTmp'
make[3]: Leaving directory '/home/bharath/catkin_ws/build/cgal_catkin/cgal-prefix/src/cgal-build/CMakeFiles/CMakeTmp'


Source file was:

Performing C++ SOURCE FILE Test CGAL_CFG_FPU_ROUNDING_MODE_UNWINDING_VC_BUG succeded with the following output:
Change Dir: /home/bharath/catkin_ws/build/cgal_catkin/cgal-prefix/src/cgal-build/CMakeFiles/CMakeTmp

Run Build Command(s):/usr/bin/make cmTC_897c3/fast && make[3]: Entering directory '/home/bharath/catkin_ws/build/cgal_catkin/cgal-prefix/src/cgal-build/CMakeFiles/CMakeTmp'
/usr/bin/make -f CMakeFiles/cmTC_897c3.dir/build.make CMakeFiles/cmTC_897c3.dir/build
make[4]: Entering directory '/home/bharath/catkin_ws/build/cgal_catkin/cgal-prefix/src/cgal-build/CMakeFiles/CMakeTmp'
Building CXX object CMakeFiles/cmTC_897c3.dir/CGAL_CFG_FPU_ROUNDING_MODE_UNWINDING_VC_BUG.cpp.o
/usr/bin/c++     -o CMakeFiles/cmTC_897c3.dir/CGAL_CFG_FPU_ROUNDING_MODE_UNWINDING_VC_BUG.cpp.o -c /home/bharath/catkin_ws/build/cgal_catkin/cgal-prefix/src/cgal/Installation/cmake/modules/config/testfiles/CGAL_CFG_FPU_ROUNDING_MODE_UNWINDING_VC_BUG.cpp
Linking CXX executable cmTC_897c3
/usr/bin/cmake -E cmake_link_script CMakeFiles/cmTC_897c3.dir/link.txt --verbose=1
/usr/bin/c++       CMakeFiles/cmTC_897c3.dir/CGAL_CFG_FPU_ROUNDING_MODE_UNWINDING_VC_BUG.cpp.o  -o cmTC_897c3 
make[4]: Leaving directory '/home/bharath/catkin_ws/build/cgal_catkin/cgal-prefix/src/cgal-build/CMakeFiles/CMakeTmp'
make[3]: Leaving directory '/home/bharath/catkin_ws/build/cgal_catkin/cgal-prefix/src/cgal-build/CMakeFiles/CMakeTmp'


Source file was:

Performing C++ SOURCE FILE Test CGAL_CFG_IEEE_754_BUG succeded with the following output:
Change Dir: /home/bharath/catkin_ws/build/cgal_catkin/cgal-prefix/src/cgal-build/CMakeFiles/CMakeTmp

Run Build Command(s):/usr/bin/make cmTC_c38ce/fast && make[3]: Entering directory '/home/bharath/catkin_ws/build/cgal_catkin/cgal-prefix/src/cgal-build/CMakeFiles/CMakeTmp'
/usr/bin/make -f CMakeFiles/cmTC_c38ce.dir/build.make CMakeFiles/cmTC_c38ce.dir/build
make[4]: Entering directory '/home/bharath/catkin_ws/build/cgal_catkin/cgal-prefix/src/cgal-build/CMakeFiles/CMakeTmp'
Building CXX object CMakeFiles/cmTC_c38ce.dir/CGAL_CFG_IEEE_754_BUG.cpp.o
/usr/bin/c++     -o CMakeFiles/cmTC_c38ce.dir/CGAL_CFG_IEEE_754_BUG.cpp.o -c /home/bharath/catkin_ws/build/cgal_catkin/cgal-prefix/src/cgal/Installation/cmake/modules/config/testfiles/CGAL_CFG_IEEE_754_BUG.cpp
Linking CXX executable cmTC_c38ce
/usr/bin/cmake -E cmake_link_script CMakeFiles/cmTC_c38ce.dir/link.txt --verbose=1
/usr/bin/c++       CMakeFiles/cmTC_c38ce.dir/CGAL_CFG_IEEE_754_BUG.cpp.o  -o cmTC_c38ce 
make[4]: Leaving directory '/home/bharath/catkin_ws/build/cgal_catkin/cgal-prefix/src/cgal-build/CMakeFiles/CMakeTmp'
make[3]: Leaving directory '/home/bharath/catkin_ws/build/cgal_catkin/cgal-prefix/src/cgal-build/CMakeFiles/CMakeTmp'


Source file was:

Performing C++ SOURCE FILE Test CGAL_CFG_ISTREAM_INT_BUG succeded with the following output:
Change Dir: /home/bharath/catkin_ws/build/cgal_catkin/cgal-prefix/src/cgal-build/CMakeFiles/CMakeTmp

Run Build Command(s):/usr/bin/make cmTC_b68fb/fast && make[3]: Entering directory '/home/bharath/catkin_ws/build/cgal_catkin/cgal-prefix/src/cgal-build/CMakeFiles/CMakeTmp'
/usr/bin/make -f CMakeFiles/cmTC_b68fb.dir/build.make CMakeFiles/cmTC_b68fb.dir/build
make[4]: Entering directory '/home/bharath/catkin_ws/build/cgal_catkin/cgal-prefix/src/cgal-build/CMakeFiles/CMakeTmp'
Building CXX object CMakeFiles/cmTC_b68fb.dir/CGAL_CFG_ISTREAM_INT_BUG.cpp.o
/usr/bin/c++     -o CMakeFiles/cmTC_b68fb.dir/CGAL_CFG_ISTREAM_INT_BUG.cpp.o -c /home/bharath/catkin_ws/build/cgal_catkin/cgal-prefix/src/cgal/Installation/cmake/modules/config/testfiles/CGAL_CFG_ISTREAM_INT_BUG.cpp
Linking CXX executable cmTC_b68fb
/usr/bin/cmake -E cmake_link_script CMakeFiles/cmTC_b68fb.dir/link.txt --verbose=1
/usr/bin/c++       CMakeFiles/cmTC_b68fb.dir/CGAL_CFG_ISTREAM_INT_BUG.cpp.o  -o cmTC_b68fb 
make[4]: Leaving directory '/home/bharath/catkin_ws/build/cgal_catkin/cgal-prefix/src/cgal-build/CMakeFiles/CMakeTmp'
make[3]: Leaving directory '/home/bharath/catkin_ws/build/cgal_catkin/cgal-prefix/src/cgal-build/CMakeFiles/CMakeTmp'

7812

Source file was:

Performing C++ SOURCE FILE Test CGAL_CFG_MATCHING_BUG_5 succeded with the following output:
Change Dir: /home/bharath/catkin_ws/build/cgal_catkin/cgal-prefix/src/cgal-build/CMakeFiles/CMakeTmp

Run Build Command(s):/usr/bin/make cmTC_79521/fast && make[3]: Entering directory '/home/bharath/catkin_ws/build/cgal_catkin/cgal-prefix/src/cgal-build/CMakeFiles/CMakeTmp'
/usr/bin/make -f CMakeFiles/cmTC_79521.dir/build.make CMakeFiles/cmTC_79521.dir/build
make[4]: Entering directory '/home/bharath/catkin_ws/build/cgal_catkin/cgal-prefix/src/cgal-build/CMakeFiles/CMakeTmp'
Building CXX object CMakeFiles/cmTC_79521.dir/CGAL_CFG_MATCHING_BUG_5.cpp.o
/usr/bin/c++     -o CMakeFiles/cmTC_79521.dir/CGAL_CFG_MATCHING_BUG_5.cpp.o -c /home/bharath/catkin_ws/build/cgal_catkin/cgal-prefix/src/cgal/Installation/cmake/modules/config/testfiles/CGAL_CFG_MATCHING_BUG_5.cpp
Linking CXX executable cmTC_79521
/usr/bin/cmake -E cmake_link_script CMakeFiles/cmTC_79521.dir/link.txt --verbose=1
/usr/bin/c++       CMakeFiles/cmTC_79521.dir/CGAL_CFG_MATCHING_BUG_5.cpp.o  -o cmTC_79521 
make[4]: Leaving directory '/home/bharath/catkin_ws/build/cgal_catkin/cgal-prefix/src/cgal-build/CMakeFiles/CMakeTmp'
make[3]: Leaving directory '/home/bharath/catkin_ws/build/cgal_catkin/cgal-prefix/src/cgal-build/CMakeFiles/CMakeTmp'


Source file was:

Performing C++ SOURCE FILE Test CGAL_CFG_MATCHING_BUG_6 succeded with the following output:
Change Dir: /home/bharath/catkin_ws/build/cgal_catkin/cgal-prefix/src/cgal-build/CMakeFiles/CMakeTmp

Run Build Command(s):/usr/bin/make cmTC_5ab7d/fast && make[3]: Entering directory '/home/bharath/catkin_ws/build/cgal_catkin/cgal-prefix/src/cgal-build/CMakeFiles/CMakeTmp'
/usr/bin/make -f CMakeFiles/cmTC_5ab7d.dir/build.make CMakeFiles/cmTC_5ab7d.dir/build
make[4]: Entering directory '/home/bharath/catkin_ws/build/cgal_catkin/cgal-prefix/src/cgal-build/CMakeFiles/CMakeTmp'
Building CXX object CMakeFiles/cmTC_5ab7d.dir/CGAL_CFG_MATCHING_BUG_6.cpp.o
/usr/bin/c++     -o CMakeFiles/cmTC_5ab7d.dir/CGAL_CFG_MATCHING_BUG_6.cpp.o -c /home/bharath/catkin_ws/build/cgal_catkin/cgal-prefix/src/cgal/Installation/cmake/modules/config/testfiles/CGAL_CFG_MATCHING_BUG_6.cpp
Linking CXX executable cmTC_5ab7d
/usr/bin/cmake -E cmake_link_script CMakeFiles/cmTC_5ab7d.dir/link.txt --verbose=1
/usr/bin/c++       CMakeFiles/cmTC_5ab7d.dir/CGAL_CFG_MATCHING_BUG_6.cpp.o  -o cmTC_5ab7d 
make[4]: Leaving directory '/home/bharath/catkin_ws/build/cgal_catkin/cgal-prefix/src/cgal-build/CMakeFiles/CMakeTmp'
make[3]: Leaving directory '/home/bharath/catkin_ws/build/cgal_catkin/cgal-prefix/src/cgal-build/CMakeFiles/CMakeTmp'


Source file was:

Performing C++ SOURCE FILE Test CGAL_CFG_MATCHING_BUG_7 succeded with the following output:
Change Dir: /home/bharath/catkin_ws/build/cgal_catkin/cgal-prefix/src/cgal-build/CMakeFiles/CMakeTmp

Run Build Command(s):/usr/bin/make cmTC_68f05/fast && make[3]: Entering directory '/home/bharath/catkin_ws/build/cgal_catkin/cgal-prefix/src/cgal-build/CMakeFiles/CMakeTmp'
/usr/bin/make -f CMakeFiles/cmTC_68f05.dir/build.make CMakeFiles/cmTC_68f05.dir/build
make[4]: Entering directory '/home/bharath/catkin_ws/build/cgal_catkin/cgal-prefix/src/cgal-build/CMakeFiles/CMakeTmp'
Building CXX object CMakeFiles/cmTC_68f05.dir/CGAL_CFG_MATCHING_BUG_7.cpp.o
/usr/bin/c++     -o CMakeFiles/cmTC_68f05.dir/CGAL_CFG_MATCHING_BUG_7.cpp.o -c /home/bharath/catkin_ws/build/cgal_catkin/cgal-prefix/src/cgal/Installation/cmake/modules/config/testfiles/CGAL_CFG_MATCHING_BUG_7.cpp
Linking CXX executable cmTC_68f05
/usr/bin/cmake -E cmake_link_script CMakeFiles/cmTC_68f05.dir/link.txt --verbose=1
/usr/bin/c++       CMakeFiles/cmTC_68f05.dir/CGAL_CFG_MATCHING_BUG_7.cpp.o  -o cmTC_68f05 
make[4]: Leaving directory '/home/bharath/catkin_ws/build/cgal_catkin/cgal-prefix/src/cgal-build/CMakeFiles/CMakeTmp'
make[3]: Leaving directory '/home/bharath/catkin_ws/build/cgal_catkin/cgal-prefix/src/cgal-build/CMakeFiles/CMakeTmp'


Source file was:

Performing C++ SOURCE FILE Test CGAL_CFG_MATCHING_BUG_8 succeded with the following output:
Change Dir: /home/bharath/catkin_ws/build/cgal_catkin/cgal-prefix/src/cgal-build/CMakeFiles/CMakeTmp

Run Build Command(s):/usr/bin/make cmTC_0534e/fast && make[3]: Entering directory '/home/bharath/catkin_ws/build/cgal_catkin/cgal-prefix/src/cgal-build/CMakeFiles/CMakeTmp'
/usr/bin/make -f CMakeFiles/cmTC_0534e.dir/build.make CMakeFiles/cmTC_0534e.dir/build
make[4]: Entering directory '/home/bharath/catkin_ws/build/cgal_catkin/cgal-prefix/src/cgal-build/CMakeFiles/CMakeTmp'
Building CXX object CMakeFiles/cmTC_0534e.dir/CGAL_CFG_MATCHING_BUG_8.cpp.o
/usr/bin/c++     -o CMakeFiles/cmTC_0534e.dir/CGAL_CFG_MATCHING_BUG_8.cpp.o -c /home/bharath/catkin_ws/build/cgal_catkin/cgal-prefix/src/cgal/Installation/cmake/modules/config/testfiles/CGAL_CFG_MATCHING_BUG_8.cpp
Linking CXX executable cmTC_0534e
/usr/bin/cmake -E cmake_link_script CMakeFiles/cmTC_0534e.dir/link.txt --verbose=1
/usr/bin/c++       CMakeFiles/cmTC_0534e.dir/CGAL_CFG_MATCHING_BUG_8.cpp.o  -o cmTC_0534e 
make[4]: Leaving directory '/home/bharath/catkin_ws/build/cgal_catkin/cgal-prefix/src/cgal-build/CMakeFiles/CMakeTmp'
make[3]: Leaving directory '/home/bharath/catkin_ws/build/cgal_catkin/cgal-prefix/src/cgal-build/CMakeFiles/CMakeTmp'


Source file was:

Performing C++ SOURCE FILE Test CGAL_CFG_NO_LIMITS succeded with the following output:
Change Dir: /home/bharath/catkin_ws/build/cgal_catkin/cgal-prefix/src/cgal-build/CMakeFiles/CMakeTmp

Run Build Command(s):/usr/bin/make cmTC_996aa/fast && make[3]: Entering directory '/home/bharath/catkin_ws/build/cgal_catkin/cgal-prefix/src/cgal-build/CMakeFiles/CMakeTmp'
/usr/bin/make -f CMakeFiles/cmTC_996aa.dir/build.make CMakeFiles/cmTC_996aa.dir/build
make[4]: Entering directory '/home/bharath/catkin_ws/build/cgal_catkin/cgal-prefix/src/cgal-build/CMakeFiles/CMakeTmp'
Building CXX object CMakeFiles/cmTC_996aa.dir/CGAL_CFG_NO_LIMITS.cpp.o
/usr/bin/c++     -o CMakeFiles/cmTC_996aa.dir/CGAL_CFG_NO_LIMITS.cpp.o -c /home/bharath/catkin_ws/build/cgal_catkin/cgal-prefix/src/cgal/Installation/cmake/modules/config/testfiles/CGAL_CFG_NO_LIMITS.cpp
Linking CXX executable cmTC_996aa
/usr/bin/cmake -E cmake_link_script CMakeFiles/cmTC_996aa.dir/link.txt --verbose=1
/usr/bin/c++       CMakeFiles/cmTC_996aa.dir/CGAL_CFG_NO_LIMITS.cpp.o  -o cmTC_996aa 
make[4]: Leaving directory '/home/bharath/catkin_ws/build/cgal_catkin/cgal-prefix/src/cgal-build/CMakeFiles/CMakeTmp'
make[3]: Leaving directory '/home/bharath/catkin_ws/build/cgal_catkin/cgal-prefix/src/cgal-build/CMakeFiles/CMakeTmp'


Source file was:

Performing C++ SOURCE FILE Test CGAL_CFG_NO_NEXTAFTER succeded with the following output:
Change Dir: /home/bharath/catkin_ws/build/cgal_catkin/cgal-prefix/src/cgal-build/CMakeFiles/CMakeTmp

Run Build Command(s):/usr/bin/make cmTC_9e10b/fast && make[3]: Entering directory '/home/bharath/catkin_ws/build/cgal_catkin/cgal-prefix/src/cgal-build/CMakeFiles/CMakeTmp'
/usr/bin/make -f CMakeFiles/cmTC_9e10b.dir/build.make CMakeFiles/cmTC_9e10b.dir/build
make[4]: Entering directory '/home/bharath/catkin_ws/build/cgal_catkin/cgal-prefix/src/cgal-build/CMakeFiles/CMakeTmp'
Building CXX object CMakeFiles/cmTC_9e10b.dir/CGAL_CFG_NO_NEXTAFTER.cpp.o
/usr/bin/c++     -o CMakeFiles/cmTC_9e10b.dir/CGAL_CFG_NO_NEXTAFTER.cpp.o -c /home/bharath/catkin_ws/build/cgal_catkin/cgal-prefix/src/cgal/Installation/cmake/modules/config/testfiles/CGAL_CFG_NO_NEXTAFTER.cpp
Linking CXX executable cmTC_9e10b
/usr/bin/cmake -E cmake_link_script CMakeFiles/cmTC_9e10b.dir/link.txt --verbose=1
/usr/bin/c++       CMakeFiles/cmTC_9e10b.dir/CGAL_CFG_NO_NEXTAFTER.cpp.o  -o cmTC_9e10b 
make[4]: Leaving directory '/home/bharath/catkin_ws/build/cgal_catkin/cgal-prefix/src/cgal-build/CMakeFiles/CMakeTmp'
make[3]: Leaving directory '/home/bharath/catkin_ws/build/cgal_catkin/cgal-prefix/src/cgal-build/CMakeFiles/CMakeTmp'


Source file was:

Performing C++ SOURCE FILE Test CGAL_CFG_NO_STL succeded with the following output:
Change Dir: /home/bharath/catkin_ws/build/cgal_catkin/cgal-prefix/src/cgal-build/CMakeFiles/CMakeTmp

Run Build Command(s):/usr/bin/make cmTC_1c0d3/fast && make[3]: Entering directory '/home/bharath/catkin_ws/build/cgal_catkin/cgal-prefix/src/cgal-build/CMakeFiles/CMakeTmp'
/usr/bin/make -f CMakeFiles/cmTC_1c0d3.dir/build.make CMakeFiles/cmTC_1c0d3.dir/build
make[4]: Entering directory '/home/bharath/catkin_ws/build/cgal_catkin/cgal-prefix/src/cgal-build/CMakeFiles/CMakeTmp'
Building CXX object CMakeFiles/cmTC_1c0d3.dir/CGAL_CFG_NO_STL.cpp.o
/usr/bin/c++     -o CMakeFiles/cmTC_1c0d3.dir/CGAL_CFG_NO_STL.cpp.o -c /home/bharath/catkin_ws/build/cgal_catkin/cgal-prefix/src/cgal/Installation/cmake/modules/config/testfiles/CGAL_CFG_NO_STL.cpp
Linking CXX executable cmTC_1c0d3
/usr/bin/cmake -E cmake_link_script CMakeFiles/cmTC_1c0d3.dir/link.txt --verbose=1
/usr/bin/c++       CMakeFiles/cmTC_1c0d3.dir/CGAL_CFG_NO_STL.cpp.o  -o cmTC_1c0d3 
make[4]: Leaving directory '/home/bharath/catkin_ws/build/cgal_catkin/cgal-prefix/src/cgal-build/CMakeFiles/CMakeTmp'
make[3]: Leaving directory '/home/bharath/catkin_ws/build/cgal_catkin/cgal-prefix/src/cgal-build/CMakeFiles/CMakeTmp'


Source file was:

Performing C++ SOURCE FILE Test CGAL_CFG_NUMERIC_LIMITS_BUG succeded with the following output:
Change Dir: /home/bharath/catkin_ws/build/cgal_catkin/cgal-prefix/src/cgal-build/CMakeFiles/CMakeTmp

Run Build Command(s):/usr/bin/make cmTC_ab817/fast && make[3]: Entering directory '/home/bharath/catkin_ws/build/cgal_catkin/cgal-prefix/src/cgal-build/CMakeFiles/CMakeTmp'
/usr/bin/make -f CMakeFiles/cmTC_ab817.dir/build.make CMakeFiles/cmTC_ab817.dir/build
make[4]: Entering directory '/home/bharath/catkin_ws/build/cgal_catkin/cgal-prefix/src/cgal-build/CMakeFiles/CMakeTmp'
Building CXX object CMakeFiles/cmTC_ab817.dir/CGAL_CFG_NUMERIC_LIMITS_BUG.cpp.o
/usr/bin/c++     -o CMakeFiles/cmTC_ab817.dir/CGAL_CFG_NUMERIC_LIMITS_BUG.cpp.o -c /home/bharath/catkin_ws/build/cgal_catkin/cgal-prefix/src/cgal/Installation/cmake/modules/config/testfiles/CGAL_CFG_NUMERIC_LIMITS_BUG.cpp
Linking CXX executable cmTC_ab817
/usr/bin/cmake -E cmake_link_script CMakeFiles/cmTC_ab817.dir/link.txt --verbose=1
/usr/bin/c++       CMakeFiles/cmTC_ab817.dir/CGAL_CFG_NUMERIC_LIMITS_BUG.cpp.o  -o cmTC_ab817 
make[4]: Leaving directory '/home/bharath/catkin_ws/build/cgal_catkin/cgal-prefix/src/cgal-build/CMakeFiles/CMakeTmp'
make[3]: Leaving directory '/home/bharath/catkin_ws/build/cgal_catkin/cgal-prefix/src/cgal-build/CMakeFiles/CMakeTmp'


Source file was:

Performing C++ SOURCE FILE Test CGAL_CFG_OUTOFLINE_MEMBER_DEFINITION_BUG succeded with the following output:
Change Dir: /home/bharath/catkin_ws/build/cgal_catkin/cgal-prefix/src/cgal-build/CMakeFiles/CMakeTmp

Run Build Command(s):/usr/bin/make cmTC_2eefb/fast && make[3]: Entering directory '/home/bharath/catkin_ws/build/cgal_catkin/cgal-prefix/src/cgal-build/CMakeFiles/CMakeTmp'
/usr/bin/make -f CMakeFiles/cmTC_2eefb.dir/build.make CMakeFiles/cmTC_2eefb.dir/build
make[4]: Entering directory '/home/bharath/catkin_ws/build/cgal_catkin/cgal-prefix/src/cgal-build/CMakeFiles/CMakeTmp'
Building CXX object CMakeFiles/cmTC_2eefb.dir/CGAL_CFG_OUTOFLINE_MEMBER_DEFINITION_BUG.cpp.o
/usr/bin/c++     -o CMakeFiles/cmTC_2eefb.dir/CGAL_CFG_OUTOFLINE_MEMBER_DEFINITION_BUG.cpp.o -c /home/bharath/catkin_ws/build/cgal_catkin/cgal-prefix/src/cgal/Installation/cmake/modules/config/testfiles/CGAL_CFG_OUTOFLINE_MEMBER_DEFINITION_BUG.cpp
Linking CXX executable cmTC_2eefb
/usr/bin/cmake -E cmake_link_script CMakeFiles/cmTC_2eefb.dir/link.txt --verbose=1
/usr/bin/c++       CMakeFiles/cmTC_2eefb.dir/CGAL_CFG_OUTOFLINE_MEMBER_DEFINITION_BUG.cpp.o  -o cmTC_2eefb 
make[4]: Leaving directory '/home/bharath/catkin_ws/build/cgal_catkin/cgal-prefix/src/cgal-build/CMakeFiles/CMakeTmp'
make[3]: Leaving directory '/home/bharath/catkin_ws/build/cgal_catkin/cgal-prefix/src/cgal-build/CMakeFiles/CMakeTmp'


Source file was:

Performing C++ SOURCE FILE Test CGAL_CFG_TEMPLATE_IN_DEFAULT_PARAMETER_BUG succeded with the following output:
Change Dir: /home/bharath/catkin_ws/build/cgal_catkin/cgal-prefix/src/cgal-build/CMakeFiles/CMakeTmp

Run Build Command(s):/usr/bin/make cmTC_1e9ca/fast && make[3]: Entering directory '/home/bharath/catkin_ws/build/cgal_catkin/cgal-prefix/src/cgal-build/CMakeFiles/CMakeTmp'
/usr/bin/make -f CMakeFiles/cmTC_1e9ca.dir/build.make CMakeFiles/cmTC_1e9ca.dir/build
make[4]: Entering directory '/home/bharath/catkin_ws/build/cgal_catkin/cgal-prefix/src/cgal-build/CMakeFiles/CMakeTmp'
Building CXX object CMakeFiles/cmTC_1e9ca.dir/CGAL_CFG_TEMPLATE_IN_DEFAULT_PARAMETER_BUG.cpp.o
/usr/bin/c++     -o CMakeFiles/cmTC_1e9ca.dir/CGAL_CFG_TEMPLATE_IN_DEFAULT_PARAMETER_BUG.cpp.o -c /home/bharath/catkin_ws/build/cgal_catkin/cgal-prefix/src/cgal/Installation/cmake/modules/config/testfiles/CGAL_CFG_TEMPLATE_IN_DEFAULT_PARAMETER_BUG.cpp
Linking CXX executable cmTC_1e9ca
/usr/bin/cmake -E cmake_link_script CMakeFiles/cmTC_1e9ca.dir/link.txt --verbose=1
/usr/bin/c++       CMakeFiles/cmTC_1e9ca.dir/CGAL_CFG_TEMPLATE_IN_DEFAULT_PARAMETER_BUG.cpp.o  -o cmTC_1e9ca 
make[4]: Leaving directory '/home/bharath/catkin_ws/build/cgal_catkin/cgal-prefix/src/cgal-build/CMakeFiles/CMakeTmp'
make[3]: Leaving directory '/home/bharath/catkin_ws/build/cgal_catkin/cgal-prefix/src/cgal-build/CMakeFiles/CMakeTmp'


Source file was:

Performing C++ SOURCE FILE Test CGAL_CFG_TYPENAME_BEFORE_DEFAULT_ARGUMENT_BUG succeded with the following output:
Change Dir: /home/bharath/catkin_ws/build/cgal_catkin/cgal-prefix/src/cgal-build/CMakeFiles/CMakeTmp

Run Build Command(s):/usr/bin/make cmTC_3f69a/fast && make[3]: Entering directory '/home/bharath/catkin_ws/build/cgal_catkin/cgal-prefix/src/cgal-build/CMakeFiles/CMakeTmp'
/usr/bin/make -f CMakeFiles/cmTC_3f69a.dir/build.make CMakeFiles/cmTC_3f69a.dir/build
make[4]: Entering directory '/home/bharath/catkin_ws/build/cgal_catkin/cgal-prefix/src/cgal-build/CMakeFiles/CMakeTmp'
Building CXX object CMakeFiles/cmTC_3f69a.dir/CGAL_CFG_TYPENAME_BEFORE_DEFAULT_ARGUMENT_BUG.cpp.o
/usr/bin/c++     -o CMakeFiles/cmTC_3f69a.dir/CGAL_CFG_TYPENAME_BEFORE_DEFAULT_ARGUMENT_BUG.cpp.o -c /home/bharath/catkin_ws/build/cgal_catkin/cgal-prefix/src/cgal/Installation/cmake/modules/config/testfiles/CGAL_CFG_TYPENAME_BEFORE_DEFAULT_ARGUMENT_BUG.cpp
Linking CXX executable cmTC_3f69a
/usr/bin/cmake -E cmake_link_script CMakeFiles/cmTC_3f69a.dir/link.txt --verbose=1
/usr/bin/c++       CMakeFiles/cmTC_3f69a.dir/CGAL_CFG_TYPENAME_BEFORE_DEFAULT_ARGUMENT_BUG.cpp.o  -o cmTC_3f69a 
make[4]: Leaving directory '/home/bharath/catkin_ws/build/cgal_catkin/cgal-prefix/src/cgal-build/CMakeFiles/CMakeTmp'
make[3]: Leaving directory '/home/bharath/catkin_ws/build/cgal_catkin/cgal-prefix/src/cgal-build/CMakeFiles/CMakeTmp'


Source file was:

Performing C++ SOURCE FILE Test CGAL_CFG_USING_BASE_MEMBER_BUG_2 succeded with the following output:
Change Dir: /home/bharath/catkin_ws/build/cgal_catkin/cgal-prefix/src/cgal-build/CMakeFiles/CMakeTmp

Run Build Command(s):/usr/bin/make cmTC_e4102/fast && make[3]: Entering directory '/home/bharath/catkin_ws/build/cgal_catkin/cgal-prefix/src/cgal-build/CMakeFiles/CMakeTmp'
/usr/bin/make -f CMakeFiles/cmTC_e4102.dir/build.make CMakeFiles/cmTC_e4102.dir/build
make[4]: Entering directory '/home/bharath/catkin_ws/build/cgal_catkin/cgal-prefix/src/cgal-build/CMakeFiles/CMakeTmp'
Building CXX object CMakeFiles/cmTC_e4102.dir/CGAL_CFG_USING_BASE_MEMBER_BUG_2.cpp.o
/usr/bin/c++     -o CMakeFiles/cmTC_e4102.dir/CGAL_CFG_USING_BASE_MEMBER_BUG_2.cpp.o -c /home/bharath/catkin_ws/build/cgal_catkin/cgal-prefix/src/cgal/Installation/cmake/modules/config/testfiles/CGAL_CFG_USING_BASE_MEMBER_BUG_2.cpp
Linking CXX executable cmTC_e4102
/usr/bin/cmake -E cmake_link_script CMakeFiles/cmTC_e4102.dir/link.txt --verbose=1
/usr/bin/c++       CMakeFiles/cmTC_e4102.dir/CGAL_CFG_USING_BASE_MEMBER_BUG_2.cpp.o  -o cmTC_e4102 
make[4]: Leaving directory '/home/bharath/catkin_ws/build/cgal_catkin/cgal-prefix/src/cgal-build/CMakeFiles/CMakeTmp'
make[3]: Leaving directory '/home/bharath/catkin_ws/build/cgal_catkin/cgal-prefix/src/cgal-build/CMakeFiles/CMakeTmp'


Source file was:

