Performing C SOURCE FILE Test CMAKE_HAVE_LIBC_PTHREAD failed with the following output:
Change Dir: /home/bharath/catkin_ws/build/gps/CMakeFiles/CMakeTmp

Run Build Command(s):/bin/make cmTC_b825c/fast && /bin/make -f CMakeFiles/cmTC_b825c.dir/build.make CMakeFiles/cmTC_b825c.dir/build
make[1]: Entering directory '/home/bharath/catkin_ws/build/gps/CMakeFiles/CMakeTmp'
Building C object CMakeFiles/cmTC_b825c.dir/src.c.o
/bin/cc   -DCMAKE_HAVE_LIBC_PTHREAD   -o CMakeFiles/cmTC_b825c.dir/src.c.o   -c /home/bharath/catkin_ws/build/gps/CMakeFiles/CMakeTmp/src.c
Linking C executable cmTC_b825c
/usr/bin/cmake -E cmake_link_script CMakeFiles/cmTC_b825c.dir/link.txt --verbose=1
/bin/cc  -DCMAKE_HAVE_LIBC_PTHREAD    -rdynamic CMakeFiles/cmTC_b825c.dir/src.c.o  -o cmTC_b825c 
/bin/ld: CMakeFiles/cmTC_b825c.dir/src.c.o: in function `main':
src.c:(.text+0x48): undefined reference to `pthread_create'
/bin/ld: src.c:(.text+0x50): undefined reference to `pthread_detach'
/bin/ld: src.c:(.text+0x5c): undefined reference to `pthread_join'
collect2: error: ld returned 1 exit status
make[1]: *** [CMakeFiles/cmTC_b825c.dir/build.make:87: cmTC_b825c] Error 1
make[1]: Leaving directory '/home/bharath/catkin_ws/build/gps/CMakeFiles/CMakeTmp'
make: *** [Makefile:121: cmTC_b825c/fast] Error 2


Source file was:
#include <pthread.h>

void* test_func(void* data)
{
  return data;
}

int main(void)
{
  pthread_t thread;
  pthread_create(&thread, NULL, test_func, NULL);
  pthread_detach(thread);
  pthread_join(thread, NULL);
  pthread_atfork(NULL, NULL, NULL);
  pthread_exit(NULL);

  return 0;
}

Determining if the function pthread_create exists in the pthreads failed with the following output:
Change Dir: /home/bharath/catkin_ws/build/gps/CMakeFiles/CMakeTmp

Run Build Command(s):/bin/make cmTC_c68db/fast && /bin/make -f CMakeFiles/cmTC_c68db.dir/build.make CMakeFiles/cmTC_c68db.dir/build
make[1]: Entering directory '/home/bharath/catkin_ws/build/gps/CMakeFiles/CMakeTmp'
Building C object CMakeFiles/cmTC_c68db.dir/CheckFunctionExists.c.o
/bin/cc   -DCHECK_FUNCTION_EXISTS=pthread_create   -o CMakeFiles/cmTC_c68db.dir/CheckFunctionExists.c.o   -c /usr/share/cmake-3.16/Modules/CheckFunctionExists.c
Linking C executable cmTC_c68db
/usr/bin/cmake -E cmake_link_script CMakeFiles/cmTC_c68db.dir/link.txt --verbose=1
/bin/cc  -DCHECK_FUNCTION_EXISTS=pthread_create    -rdynamic CMakeFiles/cmTC_c68db.dir/CheckFunctionExists.c.o  -o cmTC_c68db  -lpthreads 
/bin/ld: cannot find -lpthreads
collect2: error: ld returned 1 exit status
make[1]: *** [CMakeFiles/cmTC_c68db.dir/build.make:87: cmTC_c68db] Error 1
make[1]: Leaving directory '/home/bharath/catkin_ws/build/gps/CMakeFiles/CMakeTmp'
make: *** [Makefile:121: cmTC_c68db/fast] Error 2



