[  0%] Built target actionlib_generate_messages_py
[ 25%] Built target dwa_local_planner_gencfg
[ 25%] Built target visualization_msgs_generate_messages_py
[ 25%] Built target visualization_msgs_generate_messages_nodejs
[ 25%] Built target visualization_msgs_generate_messages_lisp
[ 25%] Built target nav_msgs_generate_messages_lisp
[ 25%] Built target nav_msgs_generate_messages_eus
[ 25%] Built target visualization_msgs_generate_messages_eus
[ 25%] Built target nav_msgs_generate_messages_cpp
[ 25%] Built target map_msgs_generate_messages_nodejs
[ 25%] Built target map_msgs_generate_messages_lisp
[ 25%] Built target map_msgs_generate_messages_cpp
[ 25%] Built target tf2_msgs_generate_messages_nodejs
[ 25%] Built target tf2_msgs_generate_messages_lisp
[ 25%] Built target map_msgs_generate_messages_eus
[ 25%] Built target _catkin_empty_exported_target
[ 25%] Built target actionlib_msgs_generate_messages_py
[ 25%] Built target std_msgs_generate_messages_nodejs
[ 25%] Built target geometry_msgs_generate_messages_eus
[ 25%] Built target dynamic_reconfigure_gencfg
[ 25%] Built target tf2_msgs_generate_messages_cpp
[ 25%] Built target dynamic_reconfigure_generate_messages_lisp
[ 25%] Built target dynamic_reconfigure_generate_messages_cpp
[ 25%] Built target nav_msgs_generate_messages_py
[ 25%] Built target tf_generate_messages_lisp
[ 25%] Built target costmap_2d_gencfg
[ 25%] Built target tf2_msgs_generate_messages_py
[ 25%] Built target dynamic_reconfigure_generate_messages_nodejs
[ 25%] Built target nav_msgs_generate_messages_nodejs
[ 25%] Built target sensor_msgs_generate_messages_cpp
[ 25%] Built target costmap_2d_generate_messages_py
[ 25%] Built target costmap_2d_generate_messages_lisp
[ 25%] Built target roscpp_generate_messages_lisp
[ 25%] Built target actionlib_generate_messages_lisp
[ 25%] Built target map_msgs_generate_messages_py
[ 25%] Built target actionlib_msgs_generate_messages_eus
[ 25%] Built target dynamic_reconfigure_generate_messages_py
[ 25%] Built target base_local_planner_generate_messages_cpp
[ 25%] Built target base_local_planner_generate_messages_eus
[ 25%] Built target tf_generate_messages_eus
[ 25%] Built target rosgraph_msgs_generate_messages_lisp
[ 25%] Built target rosgraph_msgs_generate_messages_py
[ 25%] Built target base_local_planner_generate_messages_lisp
[ 25%] Built target std_msgs_generate_messages_cpp
[ 25%] Built target base_local_planner_generate_messages_nodejs
[ 25%] Built target base_local_planner_generate_messages_py
[ 25%] Built target std_msgs_generate_messages_py
[ 25%] Built target base_local_planner_gencfg
[ 25%] Built target roscpp_generate_messages_eus
[ 25%] Built target std_msgs_generate_messages_lisp
[ 25%] Built target costmap_2d_generate_messages_nodejs
[ 25%] Built target geometry_msgs_generate_messages_cpp
[ 25%] Built target costmap_2d_generate_messages_eus
[ 25%] Built target geometry_msgs_generate_messages_py
[ 25%] Built target tf2_msgs_generate_messages_eus
[ 25%] Built target sensor_msgs_generate_messages_py
[ 25%] Built target costmap_2d_generate_messages_cpp
[ 25%] Built target rosgraph_msgs_generate_messages_nodejs
[ 25%] Built target actionlib_generate_messages_cpp
[ 25%] Built target geometry_msgs_generate_messages_lisp
[ 25%] Built target tf_generate_messages_cpp
[ 25%] Built target dynamic_reconfigure_generate_messages_eus
[ 25%] Built target geometry_msgs_generate_messages_nodejs
[ 25%] Built target tf_generate_messages_nodejs
[ 25%] Built target actionlib_msgs_generate_messages_nodejs
[ 25%] Built target actionlib_msgs_generate_messages_lisp
[ 25%] Built target std_msgs_generate_messages_eus
[ 25%] Built target tf_generate_messages_py
[ 25%] Built target roscpp_generate_messages_py
[ 25%] Built target roscpp_generate_messages_cpp
[ 25%] Built target roscpp_generate_messages_nodejs
[ 25%] Built target rosgraph_msgs_generate_messages_eus
[ 25%] Built target visualization_msgs_generate_messages_cpp
[ 25%] Built target sensor_msgs_generate_messages_eus
[ 25%] Built target sensor_msgs_generate_messages_lisp
[ 25%] Built target sensor_msgs_generate_messages_nodejs
[ 25%] Built target rosgraph_msgs_generate_messages_cpp
[ 25%] Built target actionlib_generate_messages_eus
[ 25%] Built target actionlib_msgs_generate_messages_cpp
[ 25%] Built target actionlib_generate_messages_nodejs
[100%] Built target dwa_local_planner
