[ 20%] Built target tf_generate_messages_nodejs
[ 20%] Built target move_base_gencfg
[ 20%] Built target std_srvs_generate_messages_lisp
[ 20%] Built target std_srvs_generate_messages_nodejs
[ 20%] Built target navfn_generate_messages_eus
[ 20%] Built target navfn_generate_messages_nodejs
[ 20%] Built target move_base_msgs_generate_messages_lisp
[ 20%] Built target move_base_msgs_generate_messages_py
[ 20%] Built target visualization_msgs_generate_messages_py
[ 20%] Built target move_base_msgs_generate_messages_eus
[ 20%] Built target move_base_msgs_generate_messages_nodejs
[ 20%] Built target visualization_msgs_generate_messages_nodejs
[ 20%] Built target visualization_msgs_generate_messages_lisp
[ 20%] Built target nav_msgs_generate_messages_lisp
[ 20%] Built target visualization_msgs_generate_messages_eus
[ 20%] Built target nav_msgs_generate_messages_eus
[ 20%] Built target nav_msgs_generate_messages_cpp
[ 20%] Built target map_msgs_generate_messages_nodejs
[ 20%] Built target map_msgs_generate_messages_lisp
[ 20%] Built target map_msgs_generate_messages_cpp
[ 20%] Built target tf2_msgs_generate_messages_lisp
[ 20%] Built target tf2_msgs_generate_messages_nodejs
[ 20%] Built target tf2_msgs_generate_messages_eus
[ 20%] Built target sensor_msgs_generate_messages_py
[ 20%] Built target visualization_msgs_generate_messages_cpp
[ 20%] Built target sensor_msgs_generate_messages_nodejs
[ 20%] Built target sensor_msgs_generate_messages_lisp
[ 20%] Built target sensor_msgs_generate_messages_eus
[ 20%] Built target sensor_msgs_generate_messages_cpp
[ 20%] Built target nav_msgs_generate_messages_nodejs
[ 20%] Built target roscpp_generate_messages_eus
[ 20%] Built target base_local_planner_gencfg
[ 20%] Built target roscpp_generate_messages_cpp
[ 20%] Built target navfn_generate_messages_py
[ 20%] Built target std_msgs_generate_messages_py
[ 20%] Built target std_msgs_generate_messages_nodejs
[ 20%] Built target roscpp_generate_messages_nodejs
[ 20%] Built target geometry_msgs_generate_messages_eus
[ 20%] Built target actionlib_msgs_generate_messages_py
[ 20%] Built target actionlib_generate_messages_cpp
[ 20%] Built target rosgraph_msgs_generate_messages_nodejs
[ 20%] Built target costmap_2d_generate_messages_cpp
[ 20%] Built target navfn_generate_messages_cpp
[ 20%] Built target tf_generate_messages_eus
[ 20%] Built target actionlib_generate_messages_py
[ 20%] Built target rosgraph_msgs_generate_messages_lisp
[ 20%] Built target actionlib_generate_messages_lisp
[ 20%] Built target map_msgs_generate_messages_eus
[ 20%] Built target _catkin_empty_exported_target
[ 20%] Built target navfn_generate_messages_lisp
[ 20%] Built target roscpp_generate_messages_lisp
[ 20%] Built target costmap_2d_generate_messages_lisp
[ 20%] Built target rosgraph_msgs_generate_messages_py
[ 20%] Built target actionlib_generate_messages_nodejs
[ 20%] Built target base_local_planner_generate_messages_nodejs
[ 20%] Built target std_msgs_generate_messages_cpp
[ 20%] Built target std_srvs_generate_messages_eus
[ 20%] Built target base_local_planner_generate_messages_py
[ 20%] Built target map_msgs_generate_messages_py
[ 20%] Built target rosgraph_msgs_generate_messages_cpp
[ 20%] Built target actionlib_msgs_generate_messages_cpp
[ 20%] Built target actionlib_generate_messages_eus
[ 20%] Built target roscpp_generate_messages_py
[ 20%] Built target std_msgs_generate_messages_eus
[ 20%] Built target actionlib_msgs_generate_messages_lisp
[ 20%] Built target actionlib_msgs_generate_messages_nodejs
[ 20%] Built target std_srvs_generate_messages_py
[ 20%] Built target tf_generate_messages_py
[ 20%] Built target rosgraph_msgs_generate_messages_eus
[ 20%] Built target actionlib_msgs_generate_messages_eus
[ 20%] Built target dynamic_reconfigure_generate_messages_py
[ 20%] Built target std_srvs_generate_messages_cpp
[ 20%] Built target base_local_planner_generate_messages_cpp
[ 20%] Built target base_local_planner_generate_messages_eus
[ 20%] Built target geometry_msgs_generate_messages_py
[ 20%] Built target base_local_planner_generate_messages_lisp
[ 20%] Built target costmap_2d_generate_messages_nodejs
[ 20%] Built target std_msgs_generate_messages_lisp
[ 20%] Built target costmap_2d_generate_messages_py
[ 20%] Built target costmap_2d_gencfg
[ 20%] Built target nav_msgs_generate_messages_py
[ 20%] Built target dynamic_reconfigure_generate_messages_cpp
[ 20%] Built target tf_generate_messages_lisp
[ 20%] Built target dynamic_reconfigure_gencfg
[ 20%] Built target dynamic_reconfigure_generate_messages_lisp
[ 20%] Built target tf2_msgs_generate_messages_cpp
[ 20%] Built target tf2_msgs_generate_messages_py
[ 20%] Built target dynamic_reconfigure_generate_messages_nodejs
[ 20%] Built target costmap_2d_generate_messages_eus
[ 20%] Built target geometry_msgs_generate_messages_cpp
[ 20%] Built target tf_generate_messages_cpp
[ 20%] Built target geometry_msgs_generate_messages_lisp
[ 20%] Built target move_base_msgs_generate_messages_cpp
[ 20%] Built target dynamic_reconfigure_generate_messages_eus
[ 20%] Built target geometry_msgs_generate_messages_nodejs
[ 60%] Built target move_base
[100%] Built target move_base_node
