[35m[1mScanning dependencies of target rosgraph_msgs_generate_messages_nodejs[0m
[  0%] Built target rosgraph_msgs_generate_messages_nodejs
[35m[1mScanning dependencies of target rosgraph_msgs_generate_messages_eus[0m
[  0%] Built target rosgraph_msgs_generate_messages_eus
[35m[1mScanning dependencies of target rosgraph_msgs_generate_messages_cpp[0m
[  0%] Built target rosgraph_msgs_generate_messages_cpp
[35m[1mScanning dependencies of target roscpp_generate_messages_nodejs[0m
[  0%] Built target roscpp_generate_messages_nodejs
[35m[1mScanning dependencies of target std_msgs_generate_messages_eus[0m
[  0%] Built target std_msgs_generate_messages_eus
[35m[1mScanning dependencies of target roscpp_generate_messages_eus[0m
[  0%] Built target roscpp_generate_messages_eus
[35m[1mScanning dependencies of target roscpp_generate_messages_cpp[0m
[  0%] Built target roscpp_generate_messages_cpp
[35m[1mScanning dependencies of target roscpp_generate_messages_py[0m
[  0%] Built target roscpp_generate_messages_py
[35m[1mScanning dependencies of target rosgraph_msgs_generate_messages_py[0m
[  0%] Built target rosgraph_msgs_generate_messages_py
[35m[1mScanning dependencies of target std_msgs_generate_messages_cpp[0m
[  0%] Built target std_msgs_generate_messages_cpp
[35m[1mScanning dependencies of target _gps_generate_messages_check_deps_Gps[0m
[  0%] Built target _gps_generate_messages_check_deps_Gps
[35m[1mScanning dependencies of target std_msgs_generate_messages_lisp[0m
[  0%] Built target std_msgs_generate_messages_lisp
[35m[1mScanning dependencies of target _catkin_empty_exported_target[0m
[  0%] Built target _catkin_empty_exported_target
[35m[1mScanning dependencies of target roscpp_generate_messages_lisp[0m
[  0%] Built target roscpp_generate_messages_lisp
[35m[1mScanning dependencies of target rosgraph_msgs_generate_messages_lisp[0m
[  0%] Built target rosgraph_msgs_generate_messages_lisp
[35m[1mScanning dependencies of target std_msgs_generate_messages_nodejs[0m
[  0%] Built target std_msgs_generate_messages_nodejs
[35m[1mScanning dependencies of target std_msgs_generate_messages_py[0m
[  0%] Built target std_msgs_generate_messages_py
[35m[1mScanning dependencies of target gps_generate_messages_lisp[0m
[ 11%] [34m[1mGenerating Lisp code from gps/Gps.msg[0m
[ 11%] Built target gps_generate_messages_lisp
[35m[1mScanning dependencies of target gps_generate_messages_py[0m
[ 22%] [34m[1mGenerating Python from MSG gps/Gps[0m
[35m[1mScanning dependencies of target gps_generate_messages_nodejs[0m
[ 33%] [34m[1mGenerating Javascript code from gps/Gps.msg[0m
[ 33%] Built target gps_generate_messages_nodejs
[35m[1mScanning dependencies of target gps_generate_messages_eus[0m
[ 44%] [34m[1mGenerating EusLisp code from gps/Gps.msg[0m
[ 55%] [34m[1mGenerating Python msg __init__.py for gps[0m
[ 66%] [34m[1mGenerating EusLisp manifest code for gps[0m
[ 66%] Built target gps_generate_messages_py
[35m[1mScanning dependencies of target gps_generate_messages_cpp[0m
[ 77%] [34m[1mGenerating C++ code from gps/Gps.msg[0m
[ 77%] Built target gps_generate_messages_cpp
[35m[1mScanning dependencies of target gps[0m
[ 88%] [32mBuilding CXX object CMakeFiles/gps.dir/src/gps_node.cpp.o[0m
[ 88%] Built target gps_generate_messages_eus
[35m[1mScanning dependencies of target gps_generate_messages[0m
[ 88%] Built target gps_generate_messages
[100%] [32m[1mLinking CXX executable /home/bharath/catkin_ws/devel/.private/gps/lib/gps/gps[0m
[100%] Built target gps
