Linked: (/home/bharath/catkin_ws/devel/.private/mpu6050/include/mpu6050/ResetIMURequest.h, /home/bharath/catkin_ws/devel/include/mpu6050/ResetIMURequest.h)
Linked: (/home/bharath/catkin_ws/devel/.private/mpu6050/include/mpu6050/ResetIMU.h, /home/bharath/catkin_ws/devel/include/mpu6050/ResetIMU.h)
Linked: (/home/bharath/catkin_ws/devel/.private/mpu6050/include/mpu6050/ResetIMUResponse.h, /home/bharath/catkin_ws/devel/include/mpu6050/ResetIMUResponse.h)
Linked: (/home/bharath/catkin_ws/devel/.private/mpu6050/lib/mpu6050/mpu6050_node, /home/bharath/catkin_ws/devel/lib/mpu6050/mpu6050_node)
Linked: (/home/bharath/catkin_ws/devel/.private/mpu6050/lib/pkgconfig/mpu6050.pc, /home/bharath/catkin_ws/devel/lib/pkgconfig/mpu6050.pc)
Linked: (/home/bharath/catkin_ws/devel/.private/mpu6050/lib/python3/dist-packages/mpu6050/__init__.py, /home/bharath/catkin_ws/devel/lib/python3/dist-packages/mpu6050/__init__.py)
Linked: (/home/bharath/catkin_ws/devel/.private/mpu6050/lib/python3/dist-packages/mpu6050/srv/__init__.py, /home/bharath/catkin_ws/devel/lib/python3/dist-packages/mpu6050/srv/__init__.py)
Linked: (/home/bharath/catkin_ws/devel/.private/mpu6050/lib/python3/dist-packages/mpu6050/srv/_ResetIMU.py, /home/bharath/catkin_ws/devel/lib/python3/dist-packages/mpu6050/srv/_ResetIMU.py)
Linked: (/home/bharath/catkin_ws/devel/.private/mpu6050/share/roseus/ros/mpu6050/manifest.l, /home/bharath/catkin_ws/devel/share/roseus/ros/mpu6050/manifest.l)
Linked: (/home/bharath/catkin_ws/devel/.private/mpu6050/share/roseus/ros/mpu6050/srv/ResetIMU.l, /home/bharath/catkin_ws/devel/share/roseus/ros/mpu6050/srv/ResetIMU.l)
Linked: (/home/bharath/catkin_ws/devel/.private/mpu6050/share/common-lisp/ros/mpu6050/srv/_package.lisp, /home/bharath/catkin_ws/devel/share/common-lisp/ros/mpu6050/srv/_package.lisp)
Linked: (/home/bharath/catkin_ws/devel/.private/mpu6050/share/common-lisp/ros/mpu6050/srv/mpu6050-srv.asd, /home/bharath/catkin_ws/devel/share/common-lisp/ros/mpu6050/srv/mpu6050-srv.asd)
Linked: (/home/bharath/catkin_ws/devel/.private/mpu6050/share/common-lisp/ros/mpu6050/srv/_package_ResetIMU.lisp, /home/bharath/catkin_ws/devel/share/common-lisp/ros/mpu6050/srv/_package_ResetIMU.lisp)
Linked: (/home/bharath/catkin_ws/devel/.private/mpu6050/share/common-lisp/ros/mpu6050/srv/ResetIMU.lisp, /home/bharath/catkin_ws/devel/share/common-lisp/ros/mpu6050/srv/ResetIMU.lisp)
Linked: (/home/bharath/catkin_ws/devel/.private/mpu6050/share/gennodejs/ros/mpu6050/_index.js, /home/bharath/catkin_ws/devel/share/gennodejs/ros/mpu6050/_index.js)
Linked: (/home/bharath/catkin_ws/devel/.private/mpu6050/share/gennodejs/ros/mpu6050/srv/ResetIMU.js, /home/bharath/catkin_ws/devel/share/gennodejs/ros/mpu6050/srv/ResetIMU.js)
Linked: (/home/bharath/catkin_ws/devel/.private/mpu6050/share/gennodejs/ros/mpu6050/srv/_index.js, /home/bharath/catkin_ws/devel/share/gennodejs/ros/mpu6050/srv/_index.js)
Linked: (/home/bharath/catkin_ws/devel/.private/mpu6050/share/mpu6050/cmake/mpu6050Config-version.cmake, /home/bharath/catkin_ws/devel/share/mpu6050/cmake/mpu6050Config-version.cmake)
Linked: (/home/bharath/catkin_ws/devel/.private/mpu6050/share/mpu6050/cmake/mpu6050-msg-paths.cmake, /home/bharath/catkin_ws/devel/share/mpu6050/cmake/mpu6050-msg-paths.cmake)
Linked: (/home/bharath/catkin_ws/devel/.private/mpu6050/share/mpu6050/cmake/mpu6050Config.cmake, /home/bharath/catkin_ws/devel/share/mpu6050/cmake/mpu6050Config.cmake)
Linked: (/home/bharath/catkin_ws/devel/.private/mpu6050/share/mpu6050/cmake/mpu6050-msg-extras.cmake, /home/bharath/catkin_ws/devel/share/mpu6050/cmake/mpu6050-msg-extras.cmake)
