[  0%] Built target _polygon_coverage_msgs_generate_messages_check_deps_PlannerService
[  0%] Built target std_msgs_generate_messages_cpp
[  0%] Built target trajectory_msgs_generate_messages_cpp
[  0%] Built target geometry_msgs_generate_messages_cpp
[  0%] Built target _polygon_coverage_msgs_generate_messages_check_deps_PolygonService
[  0%] Built target _polygon_coverage_msgs_generate_messages_check_deps_PolygonWithHoles
[  0%] Built target _polygon_coverage_msgs_generate_messages_check_deps_PolygonWithHolesStamped
[  0%] Built target geometry_msgs_generate_messages_eus
[  0%] Built target std_msgs_generate_messages_eus
[  0%] Built target std_msgs_generate_messages_lisp
[  0%] Built target trajectory_msgs_generate_messages_eus
[  0%] Built target geometry_msgs_generate_messages_lisp
[  0%] Built target trajectory_msgs_generate_messages_lisp
[  0%] Built target geometry_msgs_generate_messages_nodejs
[  0%] Built target geometry_msgs_generate_messages_py
[  0%] Built target std_msgs_generate_messages_nodejs
[  0%] Built target trajectory_msgs_generate_messages_nodejs
[  0%] Built target std_msgs_generate_messages_py
[  0%] Built target trajectory_msgs_generate_messages_py
[ 15%] Built target polygon_coverage_msgs_generate_messages_cpp
[ 34%] Built target polygon_coverage_msgs_generate_messages_eus
[ 50%] Built target polygon_coverage_msgs_generate_messages_lisp
[ 65%] Built target polygon_coverage_msgs_generate_messages_nodejs
[ 88%] Built target polygon_coverage_msgs_generate_messages_py
[100%] Built target polygon_coverage_msgs
[100%] Built target polygon_coverage_msgs_generate_messages
