Linked: (/home/bharath/catkin_ws/devel/.private/polygon_coverage_msgs/include/polygon_coverage_msgs/PolygonWithHolesStamped.h, /home/bharath/catkin_ws/devel/include/polygon_coverage_msgs/PolygonWithHolesStamped.h)
Linked: (/home/bharath/catkin_ws/devel/.private/polygon_coverage_msgs/include/polygon_coverage_msgs/PlannerServiceRequest.h, /home/bharath/catkin_ws/devel/include/polygon_coverage_msgs/PlannerServiceRequest.h)
Linked: (/home/bharath/catkin_ws/devel/.private/polygon_coverage_msgs/include/polygon_coverage_msgs/PolygonServiceResponse.h, /home/bharath/catkin_ws/devel/include/polygon_coverage_msgs/PolygonServiceResponse.h)
Linked: (/home/bharath/catkin_ws/devel/.private/polygon_coverage_msgs/include/polygon_coverage_msgs/PolygonService.h, /home/bharath/catkin_ws/devel/include/polygon_coverage_msgs/PolygonService.h)
Linked: (/home/bharath/catkin_ws/devel/.private/polygon_coverage_msgs/include/polygon_coverage_msgs/PolygonWithHoles.h, /home/bharath/catkin_ws/devel/include/polygon_coverage_msgs/PolygonWithHoles.h)
Linked: (/home/bharath/catkin_ws/devel/.private/polygon_coverage_msgs/include/polygon_coverage_msgs/PlannerServiceResponse.h, /home/bharath/catkin_ws/devel/include/polygon_coverage_msgs/PlannerServiceResponse.h)
Linked: (/home/bharath/catkin_ws/devel/.private/polygon_coverage_msgs/include/polygon_coverage_msgs/PlannerService.h, /home/bharath/catkin_ws/devel/include/polygon_coverage_msgs/PlannerService.h)
Linked: (/home/bharath/catkin_ws/devel/.private/polygon_coverage_msgs/include/polygon_coverage_msgs/PolygonServiceRequest.h, /home/bharath/catkin_ws/devel/include/polygon_coverage_msgs/PolygonServiceRequest.h)
Linked: (/home/bharath/catkin_ws/devel/.private/polygon_coverage_msgs/lib/libpolygon_coverage_msgs.so, /home/bharath/catkin_ws/devel/lib/libpolygon_coverage_msgs.so)
Linked: (/home/bharath/catkin_ws/devel/.private/polygon_coverage_msgs/lib/pkgconfig/polygon_coverage_msgs.pc, /home/bharath/catkin_ws/devel/lib/pkgconfig/polygon_coverage_msgs.pc)
Linked: (/home/bharath/catkin_ws/devel/.private/polygon_coverage_msgs/lib/python3/dist-packages/polygon_coverage_msgs/__init__.py, /home/bharath/catkin_ws/devel/lib/python3/dist-packages/polygon_coverage_msgs/__init__.py)
Linked: (/home/bharath/catkin_ws/devel/.private/polygon_coverage_msgs/lib/python3/dist-packages/polygon_coverage_msgs/msg/_PolygonWithHoles.py, /home/bharath/catkin_ws/devel/lib/python3/dist-packages/polygon_coverage_msgs/msg/_PolygonWithHoles.py)
Linked: (/home/bharath/catkin_ws/devel/.private/polygon_coverage_msgs/lib/python3/dist-packages/polygon_coverage_msgs/msg/__init__.py, /home/bharath/catkin_ws/devel/lib/python3/dist-packages/polygon_coverage_msgs/msg/__init__.py)
Linked: (/home/bharath/catkin_ws/devel/.private/polygon_coverage_msgs/lib/python3/dist-packages/polygon_coverage_msgs/msg/_PolygonWithHolesStamped.py, /home/bharath/catkin_ws/devel/lib/python3/dist-packages/polygon_coverage_msgs/msg/_PolygonWithHolesStamped.py)
Linked: (/home/bharath/catkin_ws/devel/.private/polygon_coverage_msgs/lib/python3/dist-packages/polygon_coverage_msgs/srv/__init__.py, /home/bharath/catkin_ws/devel/lib/python3/dist-packages/polygon_coverage_msgs/srv/__init__.py)
Linked: (/home/bharath/catkin_ws/devel/.private/polygon_coverage_msgs/lib/python3/dist-packages/polygon_coverage_msgs/srv/_PolygonService.py, /home/bharath/catkin_ws/devel/lib/python3/dist-packages/polygon_coverage_msgs/srv/_PolygonService.py)
Linked: (/home/bharath/catkin_ws/devel/.private/polygon_coverage_msgs/lib/python3/dist-packages/polygon_coverage_msgs/srv/_PlannerService.py, /home/bharath/catkin_ws/devel/lib/python3/dist-packages/polygon_coverage_msgs/srv/_PlannerService.py)
Linked: (/home/bharath/catkin_ws/devel/.private/polygon_coverage_msgs/share/roseus/ros/polygon_coverage_msgs/manifest.l, /home/bharath/catkin_ws/devel/share/roseus/ros/polygon_coverage_msgs/manifest.l)
Linked: (/home/bharath/catkin_ws/devel/.private/polygon_coverage_msgs/share/roseus/ros/polygon_coverage_msgs/msg/PolygonWithHolesStamped.l, /home/bharath/catkin_ws/devel/share/roseus/ros/polygon_coverage_msgs/msg/PolygonWithHolesStamped.l)
Linked: (/home/bharath/catkin_ws/devel/.private/polygon_coverage_msgs/share/roseus/ros/polygon_coverage_msgs/msg/PolygonWithHoles.l, /home/bharath/catkin_ws/devel/share/roseus/ros/polygon_coverage_msgs/msg/PolygonWithHoles.l)
Linked: (/home/bharath/catkin_ws/devel/.private/polygon_coverage_msgs/share/roseus/ros/polygon_coverage_msgs/srv/PlannerService.l, /home/bharath/catkin_ws/devel/share/roseus/ros/polygon_coverage_msgs/srv/PlannerService.l)
Linked: (/home/bharath/catkin_ws/devel/.private/polygon_coverage_msgs/share/roseus/ros/polygon_coverage_msgs/srv/PolygonService.l, /home/bharath/catkin_ws/devel/share/roseus/ros/polygon_coverage_msgs/srv/PolygonService.l)
Linked: (/home/bharath/catkin_ws/devel/.private/polygon_coverage_msgs/share/common-lisp/ros/polygon_coverage_msgs/msg/PolygonWithHoles.lisp, /home/bharath/catkin_ws/devel/share/common-lisp/ros/polygon_coverage_msgs/msg/PolygonWithHoles.lisp)
Linked: (/home/bharath/catkin_ws/devel/.private/polygon_coverage_msgs/share/common-lisp/ros/polygon_coverage_msgs/msg/_package_PolygonWithHolesStamped.lisp, /home/bharath/catkin_ws/devel/share/common-lisp/ros/polygon_coverage_msgs/msg/_package_PolygonWithHolesStamped.lisp)
Linked: (/home/bharath/catkin_ws/devel/.private/polygon_coverage_msgs/share/common-lisp/ros/polygon_coverage_msgs/msg/_package.lisp, /home/bharath/catkin_ws/devel/share/common-lisp/ros/polygon_coverage_msgs/msg/_package.lisp)
Linked: (/home/bharath/catkin_ws/devel/.private/polygon_coverage_msgs/share/common-lisp/ros/polygon_coverage_msgs/msg/_package_PolygonWithHoles.lisp, /home/bharath/catkin_ws/devel/share/common-lisp/ros/polygon_coverage_msgs/msg/_package_PolygonWithHoles.lisp)
Linked: (/home/bharath/catkin_ws/devel/.private/polygon_coverage_msgs/share/common-lisp/ros/polygon_coverage_msgs/msg/polygon_coverage_msgs-msg.asd, /home/bharath/catkin_ws/devel/share/common-lisp/ros/polygon_coverage_msgs/msg/polygon_coverage_msgs-msg.asd)
Linked: (/home/bharath/catkin_ws/devel/.private/polygon_coverage_msgs/share/common-lisp/ros/polygon_coverage_msgs/msg/PolygonWithHolesStamped.lisp, /home/bharath/catkin_ws/devel/share/common-lisp/ros/polygon_coverage_msgs/msg/PolygonWithHolesStamped.lisp)
Linked: (/home/bharath/catkin_ws/devel/.private/polygon_coverage_msgs/share/common-lisp/ros/polygon_coverage_msgs/srv/polygon_coverage_msgs-srv.asd, /home/bharath/catkin_ws/devel/share/common-lisp/ros/polygon_coverage_msgs/srv/polygon_coverage_msgs-srv.asd)
Linked: (/home/bharath/catkin_ws/devel/.private/polygon_coverage_msgs/share/common-lisp/ros/polygon_coverage_msgs/srv/_package.lisp, /home/bharath/catkin_ws/devel/share/common-lisp/ros/polygon_coverage_msgs/srv/_package.lisp)
Linked: (/home/bharath/catkin_ws/devel/.private/polygon_coverage_msgs/share/common-lisp/ros/polygon_coverage_msgs/srv/_package_PolygonService.lisp, /home/bharath/catkin_ws/devel/share/common-lisp/ros/polygon_coverage_msgs/srv/_package_PolygonService.lisp)
Linked: (/home/bharath/catkin_ws/devel/.private/polygon_coverage_msgs/share/common-lisp/ros/polygon_coverage_msgs/srv/PolygonService.lisp, /home/bharath/catkin_ws/devel/share/common-lisp/ros/polygon_coverage_msgs/srv/PolygonService.lisp)
Linked: (/home/bharath/catkin_ws/devel/.private/polygon_coverage_msgs/share/common-lisp/ros/polygon_coverage_msgs/srv/PlannerService.lisp, /home/bharath/catkin_ws/devel/share/common-lisp/ros/polygon_coverage_msgs/srv/PlannerService.lisp)
Linked: (/home/bharath/catkin_ws/devel/.private/polygon_coverage_msgs/share/common-lisp/ros/polygon_coverage_msgs/srv/_package_PlannerService.lisp, /home/bharath/catkin_ws/devel/share/common-lisp/ros/polygon_coverage_msgs/srv/_package_PlannerService.lisp)
Linked: (/home/bharath/catkin_ws/devel/.private/polygon_coverage_msgs/share/gennodejs/ros/polygon_coverage_msgs/_index.js, /home/bharath/catkin_ws/devel/share/gennodejs/ros/polygon_coverage_msgs/_index.js)
Linked: (/home/bharath/catkin_ws/devel/.private/polygon_coverage_msgs/share/gennodejs/ros/polygon_coverage_msgs/msg/PolygonWithHolesStamped.js, /home/bharath/catkin_ws/devel/share/gennodejs/ros/polygon_coverage_msgs/msg/PolygonWithHolesStamped.js)
Linked: (/home/bharath/catkin_ws/devel/.private/polygon_coverage_msgs/share/gennodejs/ros/polygon_coverage_msgs/msg/_index.js, /home/bharath/catkin_ws/devel/share/gennodejs/ros/polygon_coverage_msgs/msg/_index.js)
Linked: (/home/bharath/catkin_ws/devel/.private/polygon_coverage_msgs/share/gennodejs/ros/polygon_coverage_msgs/msg/PolygonWithHoles.js, /home/bharath/catkin_ws/devel/share/gennodejs/ros/polygon_coverage_msgs/msg/PolygonWithHoles.js)
Linked: (/home/bharath/catkin_ws/devel/.private/polygon_coverage_msgs/share/gennodejs/ros/polygon_coverage_msgs/srv/PlannerService.js, /home/bharath/catkin_ws/devel/share/gennodejs/ros/polygon_coverage_msgs/srv/PlannerService.js)
Linked: (/home/bharath/catkin_ws/devel/.private/polygon_coverage_msgs/share/gennodejs/ros/polygon_coverage_msgs/srv/_index.js, /home/bharath/catkin_ws/devel/share/gennodejs/ros/polygon_coverage_msgs/srv/_index.js)
Linked: (/home/bharath/catkin_ws/devel/.private/polygon_coverage_msgs/share/gennodejs/ros/polygon_coverage_msgs/srv/PolygonService.js, /home/bharath/catkin_ws/devel/share/gennodejs/ros/polygon_coverage_msgs/srv/PolygonService.js)
Linked: (/home/bharath/catkin_ws/devel/.private/polygon_coverage_msgs/share/polygon_coverage_msgs/cmake/polygon_coverage_msgs-msg-paths.cmake, /home/bharath/catkin_ws/devel/share/polygon_coverage_msgs/cmake/polygon_coverage_msgs-msg-paths.cmake)
Linked: (/home/bharath/catkin_ws/devel/.private/polygon_coverage_msgs/share/polygon_coverage_msgs/cmake/polygon_coverage_msgsConfig-version.cmake, /home/bharath/catkin_ws/devel/share/polygon_coverage_msgs/cmake/polygon_coverage_msgsConfig-version.cmake)
Linked: (/home/bharath/catkin_ws/devel/.private/polygon_coverage_msgs/share/polygon_coverage_msgs/cmake/polygon_coverage_msgsConfig.cmake, /home/bharath/catkin_ws/devel/share/polygon_coverage_msgs/cmake/polygon_coverage_msgsConfig.cmake)
Linked: (/home/bharath/catkin_ws/devel/.private/polygon_coverage_msgs/share/polygon_coverage_msgs/cmake/polygon_coverage_msgs-msg-extras.cmake, /home/bharath/catkin_ws/devel/share/polygon_coverage_msgs/cmake/polygon_coverage_msgs-msg-extras.cmake)
