Symlinking /home/bharath/catkin_ws/devel/lib/pkgconfig/nmea_navsat_driver.pc
Symlinking /home/bharath/catkin_ws/devel/lib/nmea_navsat_driver/test_driver.py
Symlinking /home/bharath/catkin_ws/devel/lib/python3/dist-packages/libnmea_navsat_driver/__init__.py
Symlinking /home/bharath/catkin_ws/devel/share/nmea_navsat_driver/cmake/nmea_navsat_driverConfig-version.cmake
Symlinking /home/bharath/catkin_ws/devel/share/nmea_navsat_driver/cmake/nmea_navsat_driverConfig.cmake
Symlinking /home/bharath/catkin_ws/devel/share/nmea_navsat_driver/venv/lib64
Symlinking /home/bharath/catkin_ws/devel/share/nmea_navsat_driver/venv/pyvenv.cfg
Symlinking /home/bharath/catkin_ws/devel/share/nmea_navsat_driver/venv/lib/python3.8/site-packages/distro.py
Symlinking /home/bharath/catkin_ws/devel/share/nmea_navsat_driver/venv/lib/python3.8/site-packages/virtualserialports.py
Symlinking /home/bharath/catkin_ws/devel/share/nmea_navsat_driver/venv/lib/python3.8/site-packages/pyparsing.py
Symlinking /home/bharath/catkin_ws/devel/share/nmea_navsat_driver/venv/lib/python3.8/site-packages/six.py
Symlinking /home/bharath/catkin_ws/devel/share/nmea_navsat_driver/venv/lib/python3.8/site-packages/easy_install.py
Symlinking /home/bharath/catkin_ws/devel/share/nmea_navsat_driver/venv/lib/python3.8/site-packages/piptools/click.py
Symlinking /home/bharath/catkin_ws/devel/share/nmea_navsat_driver/venv/lib/python3.8/site-packages/piptools/__main__.py
Symlinking /home/bharath/catkin_ws/devel/share/nmea_navsat_driver/venv/lib/python3.8/site-packages/piptools/sync.py
Symlinking /home/bharath/catkin_ws/devel/share/nmea_navsat_driver/venv/lib/python3.8/site-packages/piptools/writer.py
Symlinking /home/bharath/catkin_ws/devel/share/nmea_navsat_driver/venv/lib/python3.8/site-packages/piptools/__init__.py
Symlinking /home/bharath/catkin_ws/devel/share/nmea_navsat_driver/venv/lib/python3.8/site-packages/piptools/utils.py
Symlinking /home/bharath/catkin_ws/devel/share/nmea_navsat_driver/venv/lib/python3.8/site-packages/piptools/logging.py
Symlinking /home/bharath/catkin_ws/devel/share/nmea_navsat_driver/venv/lib/python3.8/site-packages/piptools/resolver.py
Symlinking /home/bharath/catkin_ws/devel/share/nmea_navsat_driver/venv/lib/python3.8/site-packages/piptools/cache.py
Symlinking /home/bharath/catkin_ws/devel/share/nmea_navsat_driver/venv/lib/python3.8/site-packages/piptools/locations.py
Symlinking /home/bharath/catkin_ws/devel/share/nmea_navsat_driver/venv/lib/python3.8/site-packages/piptools/exceptions.py
Symlinking /home/bharath/catkin_ws/devel/share/nmea_navsat_driver/venv/lib/python3.8/site-packages/piptools/repositories/local.py
Symlinking /home/bharath/catkin_ws/devel/share/nmea_navsat_driver/venv/lib/python3.8/site-packages/piptools/repositories/base.py
Symlinking /home/bharath/catkin_ws/devel/share/nmea_navsat_driver/venv/lib/python3.8/site-packages/piptools/repositories/__init__.py
Symlinking /home/bharath/catkin_ws/devel/share/nmea_navsat_driver/venv/lib/python3.8/site-packages/piptools/repositories/pypi.py
Symlinking /home/bharath/catkin_ws/devel/share/nmea_navsat_driver/venv/lib/python3.8/site-packages/piptools/scripts/sync.py
Symlinking /home/bharath/catkin_ws/devel/share/nmea_navsat_driver/venv/lib/python3.8/site-packages/piptools/scripts/__init__.py
Symlinking /home/bharath/catkin_ws/devel/share/nmea_navsat_driver/venv/lib/python3.8/site-packages/piptools/scripts/compile.py
Symlinking /home/bharath/catkin_ws/devel/share/nmea_navsat_driver/venv/lib/python3.8/site-packages/piptools/_compat/contextlib.py
Symlinking /home/bharath/catkin_ws/devel/share/nmea_navsat_driver/venv/lib/python3.8/site-packages/piptools/_compat/__init__.py
Symlinking /home/bharath/catkin_ws/devel/share/nmea_navsat_driver/venv/lib/python3.8/site-packages/piptools/_compat/tempfile.py
Symlinking /home/bharath/catkin_ws/devel/share/nmea_navsat_driver/venv/lib/python3.8/site-packages/piptools/_compat/pip_compat.py
Symlinking /home/bharath/catkin_ws/devel/share/nmea_navsat_driver/venv/lib/python3.8/site-packages/PyVirtualSerialPorts-1.0.1.dist-info/LICENSE
Symlinking /home/bharath/catkin_ws/devel/share/nmea_navsat_driver/venv/lib/python3.8/site-packages/PyVirtualSerialPorts-1.0.1.dist-info/WHEEL
Symlinking /home/bharath/catkin_ws/devel/share/nmea_navsat_driver/venv/lib/python3.8/site-packages/PyVirtualSerialPorts-1.0.1.dist-info/INSTALLER
Symlinking /home/bharath/catkin_ws/devel/share/nmea_navsat_driver/venv/lib/python3.8/site-packages/PyVirtualSerialPorts-1.0.1.dist-info/RECORD
Symlinking /home/bharath/catkin_ws/devel/share/nmea_navsat_driver/venv/lib/python3.8/site-packages/PyVirtualSerialPorts-1.0.1.dist-info/entry_points.txt
Symlinking /home/bharath/catkin_ws/devel/share/nmea_navsat_driver/venv/lib/python3.8/site-packages/PyVirtualSerialPorts-1.0.1.dist-info/METADATA
Symlinking /home/bharath/catkin_ws/devel/share/nmea_navsat_driver/venv/lib/python3.8/site-packages/PyVirtualSerialPorts-1.0.1.dist-info/top_level.txt
Symlinking /home/bharath/catkin_ws/devel/share/nmea_navsat_driver/venv/lib/python3.8/site-packages/pip-20.1.dist-info/LICENSE.txt
Symlinking /home/bharath/catkin_ws/devel/share/nmea_navsat_driver/venv/lib/python3.8/site-packages/pip-20.1.dist-info/WHEEL
Symlinking /home/bharath/catkin_ws/devel/share/nmea_navsat_driver/venv/lib/python3.8/site-packages/pip-20.1.dist-info/INSTALLER
Symlinking /home/bharath/catkin_ws/devel/share/nmea_navsat_driver/venv/lib/python3.8/site-packages/pip-20.1.dist-info/RECORD
Symlinking /home/bharath/catkin_ws/devel/share/nmea_navsat_driver/venv/lib/python3.8/site-packages/pip-20.1.dist-info/entry_points.txt
Symlinking /home/bharath/catkin_ws/devel/share/nmea_navsat_driver/venv/lib/python3.8/site-packages/pip-20.1.dist-info/METADATA
Symlinking /home/bharath/catkin_ws/devel/share/nmea_navsat_driver/venv/lib/python3.8/site-packages/pip-20.1.dist-info/top_level.txt
Symlinking /home/bharath/catkin_ws/devel/share/nmea_navsat_driver/venv/lib/python3.8/site-packages/dateutil/tzwin.py
Symlinking /home/bharath/catkin_ws/devel/share/nmea_navsat_driver/venv/lib/python3.8/site-packages/dateutil/relativedelta.py
Symlinking /home/bharath/catkin_ws/devel/share/nmea_navsat_driver/venv/lib/python3.8/site-packages/dateutil/rrule.py
Symlinking /home/bharath/catkin_ws/devel/share/nmea_navsat_driver/venv/lib/python3.8/site-packages/dateutil/__init__.py
Symlinking /home/bharath/catkin_ws/devel/share/nmea_navsat_driver/venv/lib/python3.8/site-packages/dateutil/_version.py
Symlinking /home/bharath/catkin_ws/devel/share/nmea_navsat_driver/venv/lib/python3.8/site-packages/dateutil/utils.py
Symlinking /home/bharath/catkin_ws/devel/share/nmea_navsat_driver/venv/lib/python3.8/site-packages/dateutil/easter.py
Symlinking /home/bharath/catkin_ws/devel/share/nmea_navsat_driver/venv/lib/python3.8/site-packages/dateutil/_common.py
Symlinking /home/bharath/catkin_ws/devel/share/nmea_navsat_driver/venv/lib/python3.8/site-packages/dateutil/parser/isoparser.py
Symlinking /home/bharath/catkin_ws/devel/share/nmea_navsat_driver/venv/lib/python3.8/site-packages/dateutil/parser/__init__.py
Symlinking /home/bharath/catkin_ws/devel/share/nmea_navsat_driver/venv/lib/python3.8/site-packages/dateutil/parser/_parser.py
Symlinking /home/bharath/catkin_ws/devel/share/nmea_navsat_driver/venv/lib/python3.8/site-packages/dateutil/zoneinfo/rebuild.py
Symlinking /home/bharath/catkin_ws/devel/share/nmea_navsat_driver/venv/lib/python3.8/site-packages/dateutil/zoneinfo/__init__.py
Symlinking /home/bharath/catkin_ws/devel/share/nmea_navsat_driver/venv/lib/python3.8/site-packages/dateutil/zoneinfo/dateutil-zoneinfo.tar.gz
Symlinking /home/bharath/catkin_ws/devel/share/nmea_navsat_driver/venv/lib/python3.8/site-packages/dateutil/tz/tz.py
Symlinking /home/bharath/catkin_ws/devel/share/nmea_navsat_driver/venv/lib/python3.8/site-packages/dateutil/tz/__init__.py
Symlinking /home/bharath/catkin_ws/devel/share/nmea_navsat_driver/venv/lib/python3.8/site-packages/dateutil/tz/_factories.py
Symlinking /home/bharath/catkin_ws/devel/share/nmea_navsat_driver/venv/lib/python3.8/site-packages/dateutil/tz/win.py
Symlinking /home/bharath/catkin_ws/devel/share/nmea_navsat_driver/venv/lib/python3.8/site-packages/dateutil/tz/_common.py
Symlinking /home/bharath/catkin_ws/devel/share/nmea_navsat_driver/venv/lib/python3.8/site-packages/pkg_resources/__init__.py
Symlinking /home/bharath/catkin_ws/devel/share/nmea_navsat_driver/venv/lib/python3.8/site-packages/pkg_resources/py31compat.py
Symlinking /home/bharath/catkin_ws/devel/share/nmea_navsat_driver/venv/lib/python3.8/site-packages/pkg_resources/extern/__init__.py
Symlinking /home/bharath/catkin_ws/devel/share/nmea_navsat_driver/venv/lib/python3.8/site-packages/pkg_resources/_vendor/__init__.py
Symlinking /home/bharath/catkin_ws/devel/share/nmea_navsat_driver/venv/lib/python3.8/site-packages/pkg_resources/_vendor/appdirs.py
Symlinking /home/bharath/catkin_ws/devel/share/nmea_navsat_driver/venv/lib/python3.8/site-packages/pkg_resources/_vendor/pyparsing.py
Symlinking /home/bharath/catkin_ws/devel/share/nmea_navsat_driver/venv/lib/python3.8/site-packages/pkg_resources/_vendor/six.py
Symlinking /home/bharath/catkin_ws/devel/share/nmea_navsat_driver/venv/lib/python3.8/site-packages/pkg_resources/_vendor/packaging/specifiers.py
Symlinking /home/bharath/catkin_ws/devel/share/nmea_navsat_driver/venv/lib/python3.8/site-packages/pkg_resources/_vendor/packaging/requirements.py
Symlinking /home/bharath/catkin_ws/devel/share/nmea_navsat_driver/venv/lib/python3.8/site-packages/pkg_resources/_vendor/packaging/_structures.py
Symlinking /home/bharath/catkin_ws/devel/share/nmea_navsat_driver/venv/lib/python3.8/site-packages/pkg_resources/_vendor/packaging/_compat.py
Symlinking /home/bharath/catkin_ws/devel/share/nmea_navsat_driver/venv/lib/python3.8/site-packages/pkg_resources/_vendor/packaging/__init__.py
Symlinking /home/bharath/catkin_ws/devel/share/nmea_navsat_driver/venv/lib/python3.8/site-packages/pkg_resources/_vendor/packaging/utils.py
Symlinking /home/bharath/catkin_ws/devel/share/nmea_navsat_driver/venv/lib/python3.8/site-packages/pkg_resources/_vendor/packaging/__about__.py
Symlinking /home/bharath/catkin_ws/devel/share/nmea_navsat_driver/venv/lib/python3.8/site-packages/pkg_resources/_vendor/packaging/version.py
Symlinking /home/bharath/catkin_ws/devel/share/nmea_navsat_driver/venv/lib/python3.8/site-packages/pkg_resources/_vendor/packaging/markers.py
Symlinking /home/bharath/catkin_ws/devel/share/nmea_navsat_driver/venv/lib/python3.8/site-packages/pip/__main__.py
Symlinking /home/bharath/catkin_ws/devel/share/nmea_navsat_driver/venv/lib/python3.8/site-packages/pip/__init__.py
Symlinking /home/bharath/catkin_ws/devel/share/nmea_navsat_driver/venv/lib/python3.8/site-packages/pip/_internal/wheel_builder.py
Symlinking /home/bharath/catkin_ws/devel/share/nmea_navsat_driver/venv/lib/python3.8/site-packages/pip/_internal/configuration.py
Symlinking /home/bharath/catkin_ws/devel/share/nmea_navsat_driver/venv/lib/python3.8/site-packages/pip/_internal/__init__.py
Symlinking /home/bharath/catkin_ws/devel/share/nmea_navsat_driver/venv/lib/python3.8/site-packages/pip/_internal/pyproject.py
Symlinking /home/bharath/catkin_ws/devel/share/nmea_navsat_driver/venv/lib/python3.8/site-packages/pip/_internal/self_outdated_check.py
Symlinking /home/bharath/catkin_ws/devel/share/nmea_navsat_driver/venv/lib/python3.8/site-packages/pip/_internal/build_env.py
Symlinking /home/bharath/catkin_ws/devel/share/nmea_navsat_driver/venv/lib/python3.8/site-packages/pip/_internal/main.py
Symlinking /home/bharath/catkin_ws/devel/share/nmea_navsat_driver/venv/lib/python3.8/site-packages/pip/_internal/cache.py
Symlinking /home/bharath/catkin_ws/devel/share/nmea_navsat_driver/venv/lib/python3.8/site-packages/pip/_internal/locations.py
Symlinking /home/bharath/catkin_ws/devel/share/nmea_navsat_driver/venv/lib/python3.8/site-packages/pip/_internal/exceptions.py
Symlinking /home/bharath/catkin_ws/devel/share/nmea_navsat_driver/venv/lib/python3.8/site-packages/pip/_internal/index/collector.py
Symlinking /home/bharath/catkin_ws/devel/share/nmea_navsat_driver/venv/lib/python3.8/site-packages/pip/_internal/index/__init__.py
Symlinking /home/bharath/catkin_ws/devel/share/nmea_navsat_driver/venv/lib/python3.8/site-packages/pip/_internal/index/package_finder.py
Symlinking /home/bharath/catkin_ws/devel/share/nmea_navsat_driver/venv/lib/python3.8/site-packages/pip/_internal/req/req_tracker.py
Symlinking /home/bharath/catkin_ws/devel/share/nmea_navsat_driver/venv/lib/python3.8/site-packages/pip/_internal/req/constructors.py
Symlinking /home/bharath/catkin_ws/devel/share/nmea_navsat_driver/venv/lib/python3.8/site-packages/pip/_internal/req/req_uninstall.py
Symlinking /home/bharath/catkin_ws/devel/share/nmea_navsat_driver/venv/lib/python3.8/site-packages/pip/_internal/req/__init__.py
Symlinking /home/bharath/catkin_ws/devel/share/nmea_navsat_driver/venv/lib/python3.8/site-packages/pip/_internal/req/req_file.py
Symlinking /home/bharath/catkin_ws/devel/share/nmea_navsat_driver/venv/lib/python3.8/site-packages/pip/_internal/req/req_install.py
Symlinking /home/bharath/catkin_ws/devel/share/nmea_navsat_driver/venv/lib/python3.8/site-packages/pip/_internal/req/req_set.py
Symlinking /home/bharath/catkin_ws/devel/share/nmea_navsat_driver/venv/lib/python3.8/site-packages/pip/_internal/commands/hash.py
Symlinking /home/bharath/catkin_ws/devel/share/nmea_navsat_driver/venv/lib/python3.8/site-packages/pip/_internal/commands/check.py
Symlinking /home/bharath/catkin_ws/devel/share/nmea_navsat_driver/venv/lib/python3.8/site-packages/pip/_internal/commands/list.py
Symlinking /home/bharath/catkin_ws/devel/share/nmea_navsat_driver/venv/lib/python3.8/site-packages/pip/_internal/commands/debug.py
Symlinking /home/bharath/catkin_ws/devel/share/nmea_navsat_driver/venv/lib/python3.8/site-packages/pip/_internal/commands/help.py
Symlinking /home/bharath/catkin_ws/devel/share/nmea_navsat_driver/venv/lib/python3.8/site-packages/pip/_internal/commands/show.py
Symlinking /home/bharath/catkin_ws/devel/share/nmea_navsat_driver/venv/lib/python3.8/site-packages/pip/_internal/commands/configuration.py
Symlinking /home/bharath/catkin_ws/devel/share/nmea_navsat_driver/venv/lib/python3.8/site-packages/pip/_internal/commands/__init__.py
Symlinking /home/bharath/catkin_ws/devel/share/nmea_navsat_driver/venv/lib/python3.8/site-packages/pip/_internal/commands/uninstall.py
Symlinking /home/bharath/catkin_ws/devel/share/nmea_navsat_driver/venv/lib/python3.8/site-packages/pip/_internal/commands/download.py
Symlinking /home/bharath/catkin_ws/devel/share/nmea_navsat_driver/venv/lib/python3.8/site-packages/pip/_internal/commands/install.py
Symlinking /home/bharath/catkin_ws/devel/share/nmea_navsat_driver/venv/lib/python3.8/site-packages/pip/_internal/commands/search.py
Symlinking /home/bharath/catkin_ws/devel/share/nmea_navsat_driver/venv/lib/python3.8/site-packages/pip/_internal/commands/wheel.py
Symlinking /home/bharath/catkin_ws/devel/share/nmea_navsat_driver/venv/lib/python3.8/site-packages/pip/_internal/commands/freeze.py
Symlinking /home/bharath/catkin_ws/devel/share/nmea_navsat_driver/venv/lib/python3.8/site-packages/pip/_internal/commands/completion.py
Symlinking /home/bharath/catkin_ws/devel/share/nmea_navsat_driver/venv/lib/python3.8/site-packages/pip/_internal/commands/cache.py
Symlinking /home/bharath/catkin_ws/devel/share/nmea_navsat_driver/venv/lib/python3.8/site-packages/pip/_internal/operations/check.py
Symlinking /home/bharath/catkin_ws/devel/share/nmea_navsat_driver/venv/lib/python3.8/site-packages/pip/_internal/operations/prepare.py
Symlinking /home/bharath/catkin_ws/devel/share/nmea_navsat_driver/venv/lib/python3.8/site-packages/pip/_internal/operations/__init__.py
Symlinking /home/bharath/catkin_ws/devel/share/nmea_navsat_driver/venv/lib/python3.8/site-packages/pip/_internal/operations/freeze.py
Symlinking /home/bharath/catkin_ws/devel/share/nmea_navsat_driver/venv/lib/python3.8/site-packages/pip/_internal/operations/install/editable_legacy.py
Symlinking /home/bharath/catkin_ws/devel/share/nmea_navsat_driver/venv/lib/python3.8/site-packages/pip/_internal/operations/install/__init__.py
Symlinking /home/bharath/catkin_ws/devel/share/nmea_navsat_driver/venv/lib/python3.8/site-packages/pip/_internal/operations/install/legacy.py
Symlinking /home/bharath/catkin_ws/devel/share/nmea_navsat_driver/venv/lib/python3.8/site-packages/pip/_internal/operations/install/wheel.py
Symlinking /home/bharath/catkin_ws/devel/share/nmea_navsat_driver/venv/lib/python3.8/site-packages/pip/_internal/operations/build/wheel_legacy.py
Symlinking /home/bharath/catkin_ws/devel/share/nmea_navsat_driver/venv/lib/python3.8/site-packages/pip/_internal/operations/build/__init__.py
Symlinking /home/bharath/catkin_ws/devel/share/nmea_navsat_driver/venv/lib/python3.8/site-packages/pip/_internal/operations/build/metadata.py
Symlinking /home/bharath/catkin_ws/devel/share/nmea_navsat_driver/venv/lib/python3.8/site-packages/pip/_internal/operations/build/metadata_legacy.py
Symlinking /home/bharath/catkin_ws/devel/share/nmea_navsat_driver/venv/lib/python3.8/site-packages/pip/_internal/operations/build/wheel.py
Symlinking /home/bharath/catkin_ws/devel/share/nmea_navsat_driver/venv/lib/python3.8/site-packages/pip/_internal/network/session.py
Symlinking /home/bharath/catkin_ws/devel/share/nmea_navsat_driver/venv/lib/python3.8/site-packages/pip/_internal/network/xmlrpc.py
Symlinking /home/bharath/catkin_ws/devel/share/nmea_navsat_driver/venv/lib/python3.8/site-packages/pip/_internal/network/auth.py
Symlinking /home/bharath/catkin_ws/devel/share/nmea_navsat_driver/venv/lib/python3.8/site-packages/pip/_internal/network/__init__.py
Symlinking /home/bharath/catkin_ws/devel/share/nmea_navsat_driver/venv/lib/python3.8/site-packages/pip/_internal/network/utils.py
Symlinking /home/bharath/catkin_ws/devel/share/nmea_navsat_driver/venv/lib/python3.8/site-packages/pip/_internal/network/download.py
Symlinking /home/bharath/catkin_ws/devel/share/nmea_navsat_driver/venv/lib/python3.8/site-packages/pip/_internal/network/cache.py
Symlinking /home/bharath/catkin_ws/devel/share/nmea_navsat_driver/venv/lib/python3.8/site-packages/pip/_internal/vcs/mercurial.py
Symlinking /home/bharath/catkin_ws/devel/share/nmea_navsat_driver/venv/lib/python3.8/site-packages/pip/_internal/vcs/subversion.py
Symlinking /home/bharath/catkin_ws/devel/share/nmea_navsat_driver/venv/lib/python3.8/site-packages/pip/_internal/vcs/versioncontrol.py
Symlinking /home/bharath/catkin_ws/devel/share/nmea_navsat_driver/venv/lib/python3.8/site-packages/pip/_internal/vcs/bazaar.py
Symlinking /home/bharath/catkin_ws/devel/share/nmea_navsat_driver/venv/lib/python3.8/site-packages/pip/_internal/vcs/__init__.py
Symlinking /home/bharath/catkin_ws/devel/share/nmea_navsat_driver/venv/lib/python3.8/site-packages/pip/_internal/vcs/git.py
Symlinking /home/bharath/catkin_ws/devel/share/nmea_navsat_driver/venv/lib/python3.8/site-packages/pip/_internal/models/selection_prefs.py
Symlinking /home/bharath/catkin_ws/devel/share/nmea_navsat_driver/venv/lib/python3.8/site-packages/pip/_internal/models/link.py
Symlinking /home/bharath/catkin_ws/devel/share/nmea_navsat_driver/venv/lib/python3.8/site-packages/pip/_internal/models/scheme.py
Symlinking /home/bharath/catkin_ws/devel/share/nmea_navsat_driver/venv/lib/python3.8/site-packages/pip/_internal/models/direct_url.py
Symlinking /home/bharath/catkin_ws/devel/share/nmea_navsat_driver/venv/lib/python3.8/site-packages/pip/_internal/models/format_control.py
Symlinking /home/bharath/catkin_ws/devel/share/nmea_navsat_driver/venv/lib/python3.8/site-packages/pip/_internal/models/__init__.py
Symlinking /home/bharath/catkin_ws/devel/share/nmea_navsat_driver/venv/lib/python3.8/site-packages/pip/_internal/models/search_scope.py
Symlinking /home/bharath/catkin_ws/devel/share/nmea_navsat_driver/venv/lib/python3.8/site-packages/pip/_internal/models/candidate.py
Symlinking /home/bharath/catkin_ws/devel/share/nmea_navsat_driver/venv/lib/python3.8/site-packages/pip/_internal/models/target_python.py
Symlinking /home/bharath/catkin_ws/devel/share/nmea_navsat_driver/venv/lib/python3.8/site-packages/pip/_internal/models/index.py
Symlinking /home/bharath/catkin_ws/devel/share/nmea_navsat_driver/venv/lib/python3.8/site-packages/pip/_internal/models/wheel.py
Symlinking /home/bharath/catkin_ws/devel/share/nmea_navsat_driver/venv/lib/python3.8/site-packages/pip/_internal/cli/req_command.py
Symlinking /home/bharath/catkin_ws/devel/share/nmea_navsat_driver/venv/lib/python3.8/site-packages/pip/_internal/cli/parser.py
Symlinking /home/bharath/catkin_ws/devel/share/nmea_navsat_driver/venv/lib/python3.8/site-packages/pip/_internal/cli/base_command.py
Symlinking /home/bharath/catkin_ws/devel/share/nmea_navsat_driver/venv/lib/python3.8/site-packages/pip/_internal/cli/__init__.py
Symlinking /home/bharath/catkin_ws/devel/share/nmea_navsat_driver/venv/lib/python3.8/site-packages/pip/_internal/cli/spinners.py
Symlinking /home/bharath/catkin_ws/devel/share/nmea_navsat_driver/venv/lib/python3.8/site-packages/pip/_internal/cli/cmdoptions.py
Symlinking /home/bharath/catkin_ws/devel/share/nmea_navsat_driver/venv/lib/python3.8/site-packages/pip/_internal/cli/main_parser.py
Symlinking /home/bharath/catkin_ws/devel/share/nmea_navsat_driver/venv/lib/python3.8/site-packages/pip/_internal/cli/command_context.py
Symlinking /home/bharath/catkin_ws/devel/share/nmea_navsat_driver/venv/lib/python3.8/site-packages/pip/_internal/cli/status_codes.py
Symlinking /home/bharath/catkin_ws/devel/share/nmea_navsat_driver/venv/lib/python3.8/site-packages/pip/_internal/cli/main.py
Symlinking /home/bharath/catkin_ws/devel/share/nmea_navsat_driver/venv/lib/python3.8/site-packages/pip/_internal/cli/autocompletion.py
Symlinking /home/bharath/catkin_ws/devel/share/nmea_navsat_driver/venv/lib/python3.8/site-packages/pip/_internal/cli/progress_bars.py
Symlinking /home/bharath/catkin_ws/devel/share/nmea_navsat_driver/venv/lib/python3.8/site-packages/pip/_internal/resolution/base.py
Symlinking /home/bharath/catkin_ws/devel/share/nmea_navsat_driver/venv/lib/python3.8/site-packages/pip/_internal/resolution/__init__.py
Symlinking /home/bharath/catkin_ws/devel/share/nmea_navsat_driver/venv/lib/python3.8/site-packages/pip/_internal/resolution/resolvelib/provider.py
Symlinking /home/bharath/catkin_ws/devel/share/nmea_navsat_driver/venv/lib/python3.8/site-packages/pip/_internal/resolution/resolvelib/requirements.py
Symlinking /home/bharath/catkin_ws/devel/share/nmea_navsat_driver/venv/lib/python3.8/site-packages/pip/_internal/resolution/resolvelib/base.py
Symlinking /home/bharath/catkin_ws/devel/share/nmea_navsat_driver/venv/lib/python3.8/site-packages/pip/_internal/resolution/resolvelib/__init__.py
Symlinking /home/bharath/catkin_ws/devel/share/nmea_navsat_driver/venv/lib/python3.8/site-packages/pip/_internal/resolution/resolvelib/candidates.py
Symlinking /home/bharath/catkin_ws/devel/share/nmea_navsat_driver/venv/lib/python3.8/site-packages/pip/_internal/resolution/resolvelib/factory.py
Symlinking /home/bharath/catkin_ws/devel/share/nmea_navsat_driver/venv/lib/python3.8/site-packages/pip/_internal/resolution/resolvelib/resolver.py
Symlinking /home/bharath/catkin_ws/devel/share/nmea_navsat_driver/venv/lib/python3.8/site-packages/pip/_internal/resolution/legacy/__init__.py
Symlinking /home/bharath/catkin_ws/devel/share/nmea_navsat_driver/venv/lib/python3.8/site-packages/pip/_internal/resolution/legacy/resolver.py
Symlinking /home/bharath/catkin_ws/devel/share/nmea_navsat_driver/venv/lib/python3.8/site-packages/pip/_internal/distributions/base.py
Symlinking /home/bharath/catkin_ws/devel/share/nmea_navsat_driver/venv/lib/python3.8/site-packages/pip/_internal/distributions/__init__.py
Symlinking /home/bharath/catkin_ws/devel/share/nmea_navsat_driver/venv/lib/python3.8/site-packages/pip/_internal/distributions/wheel.py
Symlinking /home/bharath/catkin_ws/devel/share/nmea_navsat_driver/venv/lib/python3.8/site-packages/pip/_internal/distributions/sdist.py
Symlinking /home/bharath/catkin_ws/devel/share/nmea_navsat_driver/venv/lib/python3.8/site-packages/pip/_internal/distributions/installed.py
Symlinking /home/bharath/catkin_ws/devel/share/nmea_navsat_driver/venv/lib/python3.8/site-packages/pip/_internal/utils/filetypes.py
Symlinking /home/bharath/catkin_ws/devel/share/nmea_navsat_driver/venv/lib/python3.8/site-packages/pip/_internal/utils/compatibility_tags.py
Symlinking /home/bharath/catkin_ws/devel/share/nmea_navsat_driver/venv/lib/python3.8/site-packages/pip/_internal/utils/urls.py
Symlinking /home/bharath/catkin_ws/devel/share/nmea_navsat_driver/venv/lib/python3.8/site-packages/pip/_internal/utils/setuptools_build.py
Symlinking /home/bharath/catkin_ws/devel/share/nmea_navsat_driver/venv/lib/python3.8/site-packages/pip/_internal/utils/unpacking.py
Symlinking /home/bharath/catkin_ws/devel/share/nmea_navsat_driver/venv/lib/python3.8/site-packages/pip/_internal/utils/packaging.py
Symlinking /home/bharath/catkin_ws/devel/share/nmea_navsat_driver/venv/lib/python3.8/site-packages/pip/_internal/utils/encoding.py
Symlinking /home/bharath/catkin_ws/devel/share/nmea_navsat_driver/venv/lib/python3.8/site-packages/pip/_internal/utils/entrypoints.py
Symlinking /home/bharath/catkin_ws/devel/share/nmea_navsat_driver/venv/lib/python3.8/site-packages/pip/_internal/utils/pkg_resources.py
Symlinking /home/bharath/catkin_ws/devel/share/nmea_navsat_driver/venv/lib/python3.8/site-packages/pip/_internal/utils/subprocess.py
Symlinking /home/bharath/catkin_ws/devel/share/nmea_navsat_driver/venv/lib/python3.8/site-packages/pip/_internal/utils/models.py
Symlinking /home/bharath/catkin_ws/devel/share/nmea_navsat_driver/venv/lib/python3.8/site-packages/pip/_internal/utils/filesystem.py
Symlinking /home/bharath/catkin_ws/devel/share/nmea_navsat_driver/venv/lib/python3.8/site-packages/pip/_internal/utils/__init__.py
Symlinking /home/bharath/catkin_ws/devel/share/nmea_navsat_driver/venv/lib/python3.8/site-packages/pip/_internal/utils/typing.py
Symlinking /home/bharath/catkin_ws/devel/share/nmea_navsat_driver/venv/lib/python3.8/site-packages/pip/_internal/utils/glibc.py
Symlinking /home/bharath/catkin_ws/devel/share/nmea_navsat_driver/venv/lib/python3.8/site-packages/pip/_internal/utils/distutils_args.py
Symlinking /home/bharath/catkin_ws/devel/share/nmea_navsat_driver/venv/lib/python3.8/site-packages/pip/_internal/utils/inject_securetransport.py
Symlinking /home/bharath/catkin_ws/devel/share/nmea_navsat_driver/venv/lib/python3.8/site-packages/pip/_internal/utils/hashes.py
Symlinking /home/bharath/catkin_ws/devel/share/nmea_navsat_driver/venv/lib/python3.8/site-packages/pip/_internal/utils/logging.py
Symlinking /home/bharath/catkin_ws/devel/share/nmea_navsat_driver/venv/lib/python3.8/site-packages/pip/_internal/utils/appdirs.py
Symlinking /home/bharath/catkin_ws/devel/share/nmea_navsat_driver/venv/lib/python3.8/site-packages/pip/_internal/utils/misc.py
Symlinking /home/bharath/catkin_ws/devel/share/nmea_navsat_driver/venv/lib/python3.8/site-packages/pip/_internal/utils/direct_url_helpers.py
Symlinking /home/bharath/catkin_ws/devel/share/nmea_navsat_driver/venv/lib/python3.8/site-packages/pip/_internal/utils/temp_dir.py
Symlinking /home/bharath/catkin_ws/devel/share/nmea_navsat_driver/venv/lib/python3.8/site-packages/pip/_internal/utils/virtualenv.py
Symlinking /home/bharath/catkin_ws/devel/share/nmea_navsat_driver/venv/lib/python3.8/site-packages/pip/_internal/utils/deprecation.py
Symlinking /home/bharath/catkin_ws/devel/share/nmea_navsat_driver/venv/lib/python3.8/site-packages/pip/_internal/utils/compat.py
Symlinking /home/bharath/catkin_ws/devel/share/nmea_navsat_driver/venv/lib/python3.8/site-packages/pip/_internal/utils/wheel.py
Symlinking /home/bharath/catkin_ws/devel/share/nmea_navsat_driver/venv/lib/python3.8/site-packages/pip/_vendor/distro.py
Symlinking /home/bharath/catkin_ws/devel/share/nmea_navsat_driver/venv/lib/python3.8/site-packages/pip/_vendor/ipaddress.py
Symlinking /home/bharath/catkin_ws/devel/share/nmea_navsat_driver/venv/lib/python3.8/site-packages/pip/_vendor/__init__.py
Symlinking /home/bharath/catkin_ws/devel/share/nmea_navsat_driver/venv/lib/python3.8/site-packages/pip/_vendor/toml.py
Symlinking /home/bharath/catkin_ws/devel/share/nmea_navsat_driver/venv/lib/python3.8/site-packages/pip/_vendor/retrying.py
Symlinking /home/bharath/catkin_ws/devel/share/nmea_navsat_driver/venv/lib/python3.8/site-packages/pip/_vendor/contextlib2.py
Symlinking /home/bharath/catkin_ws/devel/share/nmea_navsat_driver/venv/lib/python3.8/site-packages/pip/_vendor/appdirs.py
Symlinking /home/bharath/catkin_ws/devel/share/nmea_navsat_driver/venv/lib/python3.8/site-packages/pip/_vendor/vendor.txt
Symlinking /home/bharath/catkin_ws/devel/share/nmea_navsat_driver/venv/lib/python3.8/site-packages/pip/_vendor/pyparsing.py
Symlinking /home/bharath/catkin_ws/devel/share/nmea_navsat_driver/venv/lib/python3.8/site-packages/pip/_vendor/six.py
Symlinking /home/bharath/catkin_ws/devel/share/nmea_navsat_driver/venv/lib/python3.8/site-packages/pip/_vendor/idna/uts46data.py
Symlinking /home/bharath/catkin_ws/devel/share/nmea_navsat_driver/venv/lib/python3.8/site-packages/pip/_vendor/idna/__init__.py
Symlinking /home/bharath/catkin_ws/devel/share/nmea_navsat_driver/venv/lib/python3.8/site-packages/pip/_vendor/idna/intranges.py
Symlinking /home/bharath/catkin_ws/devel/share/nmea_navsat_driver/venv/lib/python3.8/site-packages/pip/_vendor/idna/idnadata.py
Symlinking /home/bharath/catkin_ws/devel/share/nmea_navsat_driver/venv/lib/python3.8/site-packages/pip/_vendor/idna/package_data.py
Symlinking /home/bharath/catkin_ws/devel/share/nmea_navsat_driver/venv/lib/python3.8/site-packages/pip/_vendor/idna/codec.py
Symlinking /home/bharath/catkin_ws/devel/share/nmea_navsat_driver/venv/lib/python3.8/site-packages/pip/_vendor/idna/core.py
Symlinking /home/bharath/catkin_ws/devel/share/nmea_navsat_driver/venv/lib/python3.8/site-packages/pip/_vendor/idna/compat.py
Symlinking /home/bharath/catkin_ws/devel/share/nmea_navsat_driver/venv/lib/python3.8/site-packages/pip/_vendor/pep517/check.py
Symlinking /home/bharath/catkin_ws/devel/share/nmea_navsat_driver/venv/lib/python3.8/site-packages/pip/_vendor/pep517/dirtools.py
Symlinking /home/bharath/catkin_ws/devel/share/nmea_navsat_driver/venv/lib/python3.8/site-packages/pip/_vendor/pep517/_in_process.py
Symlinking /home/bharath/catkin_ws/devel/share/nmea_navsat_driver/venv/lib/python3.8/site-packages/pip/_vendor/pep517/__init__.py
Symlinking /home/bharath/catkin_ws/devel/share/nmea_navsat_driver/venv/lib/python3.8/site-packages/pip/_vendor/pep517/build.py
Symlinking /home/bharath/catkin_ws/devel/share/nmea_navsat_driver/venv/lib/python3.8/site-packages/pip/_vendor/pep517/envbuild.py
Symlinking /home/bharath/catkin_ws/devel/share/nmea_navsat_driver/venv/lib/python3.8/site-packages/pip/_vendor/pep517/meta.py
Symlinking /home/bharath/catkin_ws/devel/share/nmea_navsat_driver/venv/lib/python3.8/site-packages/pip/_vendor/pep517/colorlog.py
Symlinking /home/bharath/catkin_ws/devel/share/nmea_navsat_driver/venv/lib/python3.8/site-packages/pip/_vendor/pep517/compat.py
Symlinking /home/bharath/catkin_ws/devel/share/nmea_navsat_driver/venv/lib/python3.8/site-packages/pip/_vendor/pep517/wrappers.py
Symlinking /home/bharath/catkin_ws/devel/share/nmea_navsat_driver/venv/lib/python3.8/site-packages/pip/_vendor/colorama/initialise.py
Symlinking /home/bharath/catkin_ws/devel/share/nmea_navsat_driver/venv/lib/python3.8/site-packages/pip/_vendor/colorama/ansi.py
Symlinking /home/bharath/catkin_ws/devel/share/nmea_navsat_driver/venv/lib/python3.8/site-packages/pip/_vendor/colorama/__init__.py
Symlinking /home/bharath/catkin_ws/devel/share/nmea_navsat_driver/venv/lib/python3.8/site-packages/pip/_vendor/colorama/win32.py
Symlinking /home/bharath/catkin_ws/devel/share/nmea_navsat_driver/venv/lib/python3.8/site-packages/pip/_vendor/colorama/winterm.py
Symlinking /home/bharath/catkin_ws/devel/share/nmea_navsat_driver/venv/lib/python3.8/site-packages/pip/_vendor/colorama/ansitowin32.py
Symlinking /home/bharath/catkin_ws/devel/share/nmea_navsat_driver/venv/lib/python3.8/site-packages/pip/_vendor/toml/encoder.py
Symlinking /home/bharath/catkin_ws/devel/share/nmea_navsat_driver/venv/lib/python3.8/site-packages/pip/_vendor/toml/tz.py
Symlinking /home/bharath/catkin_ws/devel/share/nmea_navsat_driver/venv/lib/python3.8/site-packages/pip/_vendor/toml/ordered.py
Symlinking /home/bharath/catkin_ws/devel/share/nmea_navsat_driver/venv/lib/python3.8/site-packages/pip/_vendor/toml/__init__.py
Symlinking /home/bharath/catkin_ws/devel/share/nmea_navsat_driver/venv/lib/python3.8/site-packages/pip/_vendor/toml/decoder.py
Symlinking /home/bharath/catkin_ws/devel/share/nmea_navsat_driver/venv/lib/python3.8/site-packages/pip/_vendor/requests/api.py
Symlinking /home/bharath/catkin_ws/devel/share/nmea_navsat_driver/venv/lib/python3.8/site-packages/pip/_vendor/requests/sessions.py
Symlinking /home/bharath/catkin_ws/devel/share/nmea_navsat_driver/venv/lib/python3.8/site-packages/pip/_vendor/requests/packages.py
Symlinking /home/bharath/catkin_ws/devel/share/nmea_navsat_driver/venv/lib/python3.8/site-packages/pip/_vendor/requests/help.py
Symlinking /home/bharath/catkin_ws/devel/share/nmea_navsat_driver/venv/lib/python3.8/site-packages/pip/_vendor/requests/models.py
Symlinking /home/bharath/catkin_ws/devel/share/nmea_navsat_driver/venv/lib/python3.8/site-packages/pip/_vendor/requests/certs.py
Symlinking /home/bharath/catkin_ws/devel/share/nmea_navsat_driver/venv/lib/python3.8/site-packages/pip/_vendor/requests/auth.py
Symlinking /home/bharath/catkin_ws/devel/share/nmea_navsat_driver/venv/lib/python3.8/site-packages/pip/_vendor/requests/adapters.py
Symlinking /home/bharath/catkin_ws/devel/share/nmea_navsat_driver/venv/lib/python3.8/site-packages/pip/_vendor/requests/__init__.py
Symlinking /home/bharath/catkin_ws/devel/share/nmea_navsat_driver/venv/lib/python3.8/site-packages/pip/_vendor/requests/__version__.py
Symlinking /home/bharath/catkin_ws/devel/share/nmea_navsat_driver/venv/lib/python3.8/site-packages/pip/_vendor/requests/cookies.py
Symlinking /home/bharath/catkin_ws/devel/share/nmea_navsat_driver/venv/lib/python3.8/site-packages/pip/_vendor/requests/structures.py
Symlinking /home/bharath/catkin_ws/devel/share/nmea_navsat_driver/venv/lib/python3.8/site-packages/pip/_vendor/requests/utils.py
Symlinking /home/bharath/catkin_ws/devel/share/nmea_navsat_driver/venv/lib/python3.8/site-packages/pip/_vendor/requests/hooks.py
Symlinking /home/bharath/catkin_ws/devel/share/nmea_navsat_driver/venv/lib/python3.8/site-packages/pip/_vendor/requests/status_codes.py
Symlinking /home/bharath/catkin_ws/devel/share/nmea_navsat_driver/venv/lib/python3.8/site-packages/pip/_vendor/requests/_internal_utils.py
Symlinking /home/bharath/catkin_ws/devel/share/nmea_navsat_driver/venv/lib/python3.8/site-packages/pip/_vendor/requests/compat.py
Symlinking /home/bharath/catkin_ws/devel/share/nmea_navsat_driver/venv/lib/python3.8/site-packages/pip/_vendor/requests/exceptions.py
Symlinking /home/bharath/catkin_ws/devel/share/nmea_navsat_driver/venv/lib/python3.8/site-packages/pip/_vendor/cachecontrol/wrapper.py
Symlinking /home/bharath/catkin_ws/devel/share/nmea_navsat_driver/venv/lib/python3.8/site-packages/pip/_vendor/cachecontrol/heuristics.py
Symlinking /home/bharath/catkin_ws/devel/share/nmea_navsat_driver/venv/lib/python3.8/site-packages/pip/_vendor/cachecontrol/__init__.py
Symlinking /home/bharath/catkin_ws/devel/share/nmea_navsat_driver/venv/lib/python3.8/site-packages/pip/_vendor/cachecontrol/serialize.py
Symlinking /home/bharath/catkin_ws/devel/share/nmea_navsat_driver/venv/lib/python3.8/site-packages/pip/_vendor/cachecontrol/controller.py
Symlinking /home/bharath/catkin_ws/devel/share/nmea_navsat_driver/venv/lib/python3.8/site-packages/pip/_vendor/cachecontrol/compat.py
Symlinking /home/bharath/catkin_ws/devel/share/nmea_navsat_driver/venv/lib/python3.8/site-packages/pip/_vendor/cachecontrol/_cmd.py
Symlinking /home/bharath/catkin_ws/devel/share/nmea_navsat_driver/venv/lib/python3.8/site-packages/pip/_vendor/cachecontrol/adapter.py
Symlinking /home/bharath/catkin_ws/devel/share/nmea_navsat_driver/venv/lib/python3.8/site-packages/pip/_vendor/cachecontrol/cache.py
Symlinking /home/bharath/catkin_ws/devel/share/nmea_navsat_driver/venv/lib/python3.8/site-packages/pip/_vendor/cachecontrol/filewrapper.py
Symlinking /home/bharath/catkin_ws/devel/share/nmea_navsat_driver/venv/lib/python3.8/site-packages/pip/_vendor/cachecontrol/caches/redis_cache.py
Symlinking /home/bharath/catkin_ws/devel/share/nmea_navsat_driver/venv/lib/python3.8/site-packages/pip/_vendor/cachecontrol/caches/__init__.py
Symlinking /home/bharath/catkin_ws/devel/share/nmea_navsat_driver/venv/lib/python3.8/site-packages/pip/_vendor/cachecontrol/caches/file_cache.py
Symlinking /home/bharath/catkin_ws/devel/share/nmea_navsat_driver/venv/lib/python3.8/site-packages/pip/_vendor/distlib/w32.exe
Symlinking /home/bharath/catkin_ws/devel/share/nmea_navsat_driver/venv/lib/python3.8/site-packages/pip/_vendor/distlib/database.py
Symlinking /home/bharath/catkin_ws/devel/share/nmea_navsat_driver/venv/lib/python3.8/site-packages/pip/_vendor/distlib/t32.exe
Symlinking /home/bharath/catkin_ws/devel/share/nmea_navsat_driver/venv/lib/python3.8/site-packages/pip/_vendor/distlib/__init__.py
Symlinking /home/bharath/catkin_ws/devel/share/nmea_navsat_driver/venv/lib/python3.8/site-packages/pip/_vendor/distlib/metadata.py
Symlinking /home/bharath/catkin_ws/devel/share/nmea_navsat_driver/venv/lib/python3.8/site-packages/pip/_vendor/distlib/index.py
Symlinking /home/bharath/catkin_ws/devel/share/nmea_navsat_driver/venv/lib/python3.8/site-packages/pip/_vendor/distlib/util.py
Symlinking /home/bharath/catkin_ws/devel/share/nmea_navsat_driver/venv/lib/python3.8/site-packages/pip/_vendor/distlib/resources.py
Symlinking /home/bharath/catkin_ws/devel/share/nmea_navsat_driver/venv/lib/python3.8/site-packages/pip/_vendor/distlib/scripts.py
Symlinking /home/bharath/catkin_ws/devel/share/nmea_navsat_driver/venv/lib/python3.8/site-packages/pip/_vendor/distlib/manifest.py
Symlinking /home/bharath/catkin_ws/devel/share/nmea_navsat_driver/venv/lib/python3.8/site-packages/pip/_vendor/distlib/version.py
Symlinking /home/bharath/catkin_ws/devel/share/nmea_navsat_driver/venv/lib/python3.8/site-packages/pip/_vendor/distlib/w64.exe
Symlinking /home/bharath/catkin_ws/devel/share/nmea_navsat_driver/venv/lib/python3.8/site-packages/pip/_vendor/distlib/compat.py
Symlinking /home/bharath/catkin_ws/devel/share/nmea_navsat_driver/venv/lib/python3.8/site-packages/pip/_vendor/distlib/locators.py
Symlinking /home/bharath/catkin_ws/devel/share/nmea_navsat_driver/venv/lib/python3.8/site-packages/pip/_vendor/distlib/wheel.py
Symlinking /home/bharath/catkin_ws/devel/share/nmea_navsat_driver/venv/lib/python3.8/site-packages/pip/_vendor/distlib/t64.exe
Symlinking /home/bharath/catkin_ws/devel/share/nmea_navsat_driver/venv/lib/python3.8/site-packages/pip/_vendor/distlib/markers.py
Symlinking /home/bharath/catkin_ws/devel/share/nmea_navsat_driver/venv/lib/python3.8/site-packages/pip/_vendor/distlib/_backport/tarfile.py
Symlinking /home/bharath/catkin_ws/devel/share/nmea_navsat_driver/venv/lib/python3.8/site-packages/pip/_vendor/distlib/_backport/sysconfig.cfg
Symlinking /home/bharath/catkin_ws/devel/share/nmea_navsat_driver/venv/lib/python3.8/site-packages/pip/_vendor/distlib/_backport/__init__.py
Symlinking /home/bharath/catkin_ws/devel/share/nmea_navsat_driver/venv/lib/python3.8/site-packages/pip/_vendor/distlib/_backport/sysconfig.py
Symlinking /home/bharath/catkin_ws/devel/share/nmea_navsat_driver/venv/lib/python3.8/site-packages/pip/_vendor/distlib/_backport/shutil.py
Symlinking /home/bharath/catkin_ws/devel/share/nmea_navsat_driver/venv/lib/python3.8/site-packages/pip/_vendor/distlib/_backport/misc.py
Symlinking /home/bharath/catkin_ws/devel/share/nmea_navsat_driver/venv/lib/python3.8/site-packages/pip/_vendor/pkg_resources/__init__.py
Symlinking /home/bharath/catkin_ws/devel/share/nmea_navsat_driver/venv/lib/python3.8/site-packages/pip/_vendor/pkg_resources/py31compat.py
Symlinking /home/bharath/catkin_ws/devel/share/nmea_navsat_driver/venv/lib/python3.8/site-packages/pip/_vendor/resolvelib/reporters.py
Symlinking /home/bharath/catkin_ws/devel/share/nmea_navsat_driver/venv/lib/python3.8/site-packages/pip/_vendor/resolvelib/structs.py
Symlinking /home/bharath/catkin_ws/devel/share/nmea_navsat_driver/venv/lib/python3.8/site-packages/pip/_vendor/resolvelib/__init__.py
Symlinking /home/bharath/catkin_ws/devel/share/nmea_navsat_driver/venv/lib/python3.8/site-packages/pip/_vendor/resolvelib/providers.py
Symlinking /home/bharath/catkin_ws/devel/share/nmea_navsat_driver/venv/lib/python3.8/site-packages/pip/_vendor/resolvelib/resolvers.py
Symlinking /home/bharath/catkin_ws/devel/share/nmea_navsat_driver/venv/lib/python3.8/site-packages/pip/_vendor/webencodings/mklabels.py
Symlinking /home/bharath/catkin_ws/devel/share/nmea_navsat_driver/venv/lib/python3.8/site-packages/pip/_vendor/webencodings/tests.py
Symlinking /home/bharath/catkin_ws/devel/share/nmea_navsat_driver/venv/lib/python3.8/site-packages/pip/_vendor/webencodings/__init__.py
Symlinking /home/bharath/catkin_ws/devel/share/nmea_navsat_driver/venv/lib/python3.8/site-packages/pip/_vendor/webencodings/x_user_defined.py
Symlinking /home/bharath/catkin_ws/devel/share/nmea_navsat_driver/venv/lib/python3.8/site-packages/pip/_vendor/webencodings/labels.py
Symlinking /home/bharath/catkin_ws/devel/share/nmea_navsat_driver/venv/lib/python3.8/site-packages/pip/_vendor/msgpack/__init__.py
Symlinking /home/bharath/catkin_ws/devel/share/nmea_navsat_driver/venv/lib/python3.8/site-packages/pip/_vendor/msgpack/_version.py
Symlinking /home/bharath/catkin_ws/devel/share/nmea_navsat_driver/venv/lib/python3.8/site-packages/pip/_vendor/msgpack/fallback.py
Symlinking /home/bharath/catkin_ws/devel/share/nmea_navsat_driver/venv/lib/python3.8/site-packages/pip/_vendor/msgpack/ext.py
Symlinking /home/bharath/catkin_ws/devel/share/nmea_navsat_driver/venv/lib/python3.8/site-packages/pip/_vendor/msgpack/exceptions.py
Symlinking /home/bharath/catkin_ws/devel/share/nmea_navsat_driver/venv/lib/python3.8/site-packages/pip/_vendor/progress/bar.py
Symlinking /home/bharath/catkin_ws/devel/share/nmea_navsat_driver/venv/lib/python3.8/site-packages/pip/_vendor/progress/__init__.py
Symlinking /home/bharath/catkin_ws/devel/share/nmea_navsat_driver/venv/lib/python3.8/site-packages/pip/_vendor/progress/spinner.py
Symlinking /home/bharath/catkin_ws/devel/share/nmea_navsat_driver/venv/lib/python3.8/site-packages/pip/_vendor/progress/counter.py
Symlinking /home/bharath/catkin_ws/devel/share/nmea_navsat_driver/venv/lib/python3.8/site-packages/pip/_vendor/chardet/gb2312prober.py
Symlinking /home/bharath/catkin_ws/devel/share/nmea_navsat_driver/venv/lib/python3.8/site-packages/pip/_vendor/chardet/langhungarianmodel.py
Symlinking /home/bharath/catkin_ws/devel/share/nmea_navsat_driver/venv/lib/python3.8/site-packages/pip/_vendor/chardet/chardistribution.py
Symlinking /home/bharath/catkin_ws/devel/share/nmea_navsat_driver/venv/lib/python3.8/site-packages/pip/_vendor/chardet/eucjpprober.py
Symlinking /home/bharath/catkin_ws/devel/share/nmea_navsat_driver/venv/lib/python3.8/site-packages/pip/_vendor/chardet/mbcharsetprober.py
Symlinking /home/bharath/catkin_ws/devel/share/nmea_navsat_driver/venv/lib/python3.8/site-packages/pip/_vendor/chardet/escprober.py
Symlinking /home/bharath/catkin_ws/devel/share/nmea_navsat_driver/venv/lib/python3.8/site-packages/pip/_vendor/chardet/euctwprober.py
Symlinking /home/bharath/catkin_ws/devel/share/nmea_navsat_driver/venv/lib/python3.8/site-packages/pip/_vendor/chardet/langturkishmodel.py
Symlinking /home/bharath/catkin_ws/devel/share/nmea_navsat_driver/venv/lib/python3.8/site-packages/pip/_vendor/chardet/langcyrillicmodel.py
Symlinking /home/bharath/catkin_ws/devel/share/nmea_navsat_driver/venv/lib/python3.8/site-packages/pip/_vendor/chardet/utf8prober.py
Symlinking /home/bharath/catkin_ws/devel/share/nmea_navsat_driver/venv/lib/python3.8/site-packages/pip/_vendor/chardet/langbulgarianmodel.py
Symlinking /home/bharath/catkin_ws/devel/share/nmea_navsat_driver/venv/lib/python3.8/site-packages/pip/_vendor/chardet/charsetgroupprober.py
Symlinking /home/bharath/catkin_ws/devel/share/nmea_navsat_driver/venv/lib/python3.8/site-packages/pip/_vendor/chardet/sbcharsetprober.py
Symlinking /home/bharath/catkin_ws/devel/share/nmea_navsat_driver/venv/lib/python3.8/site-packages/pip/_vendor/chardet/langhebrewmodel.py
Symlinking /home/bharath/catkin_ws/devel/share/nmea_navsat_driver/venv/lib/python3.8/site-packages/pip/_vendor/chardet/langthaimodel.py
Symlinking /home/bharath/catkin_ws/devel/share/nmea_navsat_driver/venv/lib/python3.8/site-packages/pip/_vendor/chardet/latin1prober.py
Symlinking /home/bharath/catkin_ws/devel/share/nmea_navsat_driver/venv/lib/python3.8/site-packages/pip/_vendor/chardet/__init__.py
Symlinking /home/bharath/catkin_ws/devel/share/nmea_navsat_driver/venv/lib/python3.8/site-packages/pip/_vendor/chardet/codingstatemachine.py
Symlinking /home/bharath/catkin_ws/devel/share/nmea_navsat_driver/venv/lib/python3.8/site-packages/pip/_vendor/chardet/sjisprober.py
Symlinking /home/bharath/catkin_ws/devel/share/nmea_navsat_driver/venv/lib/python3.8/site-packages/pip/_vendor/chardet/big5freq.py
Symlinking /home/bharath/catkin_ws/devel/share/nmea_navsat_driver/venv/lib/python3.8/site-packages/pip/_vendor/chardet/euctwfreq.py
Symlinking /home/bharath/catkin_ws/devel/share/nmea_navsat_driver/venv/lib/python3.8/site-packages/pip/_vendor/chardet/sbcsgroupprober.py
Symlinking /home/bharath/catkin_ws/devel/share/nmea_navsat_driver/venv/lib/python3.8/site-packages/pip/_vendor/chardet/charsetprober.py
Symlinking /home/bharath/catkin_ws/devel/share/nmea_navsat_driver/venv/lib/python3.8/site-packages/pip/_vendor/chardet/universaldetector.py
Symlinking /home/bharath/catkin_ws/devel/share/nmea_navsat_driver/venv/lib/python3.8/site-packages/pip/_vendor/chardet/mbcsgroupprober.py
Symlinking /home/bharath/catkin_ws/devel/share/nmea_navsat_driver/venv/lib/python3.8/site-packages/pip/_vendor/chardet/big5prober.py
Symlinking /home/bharath/catkin_ws/devel/share/nmea_navsat_driver/venv/lib/python3.8/site-packages/pip/_vendor/chardet/jisfreq.py
Symlinking /home/bharath/catkin_ws/devel/share/nmea_navsat_driver/venv/lib/python3.8/site-packages/pip/_vendor/chardet/langgreekmodel.py
Symlinking /home/bharath/catkin_ws/devel/share/nmea_navsat_driver/venv/lib/python3.8/site-packages/pip/_vendor/chardet/jpcntx.py
Symlinking /home/bharath/catkin_ws/devel/share/nmea_navsat_driver/venv/lib/python3.8/site-packages/pip/_vendor/chardet/euckrfreq.py
Symlinking /home/bharath/catkin_ws/devel/share/nmea_navsat_driver/venv/lib/python3.8/site-packages/pip/_vendor/chardet/enums.py
Symlinking /home/bharath/catkin_ws/devel/share/nmea_navsat_driver/venv/lib/python3.8/site-packages/pip/_vendor/chardet/version.py
Symlinking /home/bharath/catkin_ws/devel/share/nmea_navsat_driver/venv/lib/python3.8/site-packages/pip/_vendor/chardet/cp949prober.py
Symlinking /home/bharath/catkin_ws/devel/share/nmea_navsat_driver/venv/lib/python3.8/site-packages/pip/_vendor/chardet/compat.py
Symlinking /home/bharath/catkin_ws/devel/share/nmea_navsat_driver/venv/lib/python3.8/site-packages/pip/_vendor/chardet/hebrewprober.py
Symlinking /home/bharath/catkin_ws/devel/share/nmea_navsat_driver/venv/lib/python3.8/site-packages/pip/_vendor/chardet/mbcssm.py
Symlinking /home/bharath/catkin_ws/devel/share/nmea_navsat_driver/venv/lib/python3.8/site-packages/pip/_vendor/chardet/euckrprober.py
Symlinking /home/bharath/catkin_ws/devel/share/nmea_navsat_driver/venv/lib/python3.8/site-packages/pip/_vendor/chardet/escsm.py
Symlinking /home/bharath/catkin_ws/devel/share/nmea_navsat_driver/venv/lib/python3.8/site-packages/pip/_vendor/chardet/gb2312freq.py
Symlinking /home/bharath/catkin_ws/devel/share/nmea_navsat_driver/venv/lib/python3.8/site-packages/pip/_vendor/chardet/cli/__init__.py
Symlinking /home/bharath/catkin_ws/devel/share/nmea_navsat_driver/venv/lib/python3.8/site-packages/pip/_vendor/chardet/cli/chardetect.py
Symlinking /home/bharath/catkin_ws/devel/share/nmea_navsat_driver/venv/lib/python3.8/site-packages/pip/_vendor/urllib3/request.py
Symlinking /home/bharath/catkin_ws/devel/share/nmea_navsat_driver/venv/lib/python3.8/site-packages/pip/_vendor/urllib3/response.py
Symlinking /home/bharath/catkin_ws/devel/share/nmea_navsat_driver/venv/lib/python3.8/site-packages/pip/_vendor/urllib3/connection.py
Symlinking /home/bharath/catkin_ws/devel/share/nmea_navsat_driver/venv/lib/python3.8/site-packages/pip/_vendor/urllib3/__init__.py
Symlinking /home/bharath/catkin_ws/devel/share/nmea_navsat_driver/venv/lib/python3.8/site-packages/pip/_vendor/urllib3/_collections.py
Symlinking /home/bharath/catkin_ws/devel/share/nmea_navsat_driver/venv/lib/python3.8/site-packages/pip/_vendor/urllib3/fields.py
Symlinking /home/bharath/catkin_ws/devel/share/nmea_navsat_driver/venv/lib/python3.8/site-packages/pip/_vendor/urllib3/poolmanager.py
Symlinking /home/bharath/catkin_ws/devel/share/nmea_navsat_driver/venv/lib/python3.8/site-packages/pip/_vendor/urllib3/connectionpool.py
Symlinking /home/bharath/catkin_ws/devel/share/nmea_navsat_driver/venv/lib/python3.8/site-packages/pip/_vendor/urllib3/filepost.py
Symlinking /home/bharath/catkin_ws/devel/share/nmea_navsat_driver/venv/lib/python3.8/site-packages/pip/_vendor/urllib3/exceptions.py
Symlinking /home/bharath/catkin_ws/devel/share/nmea_navsat_driver/venv/lib/python3.8/site-packages/pip/_vendor/urllib3/contrib/pyopenssl.py
Symlinking /home/bharath/catkin_ws/devel/share/nmea_navsat_driver/venv/lib/python3.8/site-packages/pip/_vendor/urllib3/contrib/securetransport.py
Symlinking /home/bharath/catkin_ws/devel/share/nmea_navsat_driver/venv/lib/python3.8/site-packages/pip/_vendor/urllib3/contrib/socks.py
Symlinking /home/bharath/catkin_ws/devel/share/nmea_navsat_driver/venv/lib/python3.8/site-packages/pip/_vendor/urllib3/contrib/__init__.py
Symlinking /home/bharath/catkin_ws/devel/share/nmea_navsat_driver/venv/lib/python3.8/site-packages/pip/_vendor/urllib3/contrib/appengine.py
Symlinking /home/bharath/catkin_ws/devel/share/nmea_navsat_driver/venv/lib/python3.8/site-packages/pip/_vendor/urllib3/contrib/ntlmpool.py
Symlinking /home/bharath/catkin_ws/devel/share/nmea_navsat_driver/venv/lib/python3.8/site-packages/pip/_vendor/urllib3/contrib/_appengine_environ.py
Symlinking /home/bharath/catkin_ws/devel/share/nmea_navsat_driver/venv/lib/python3.8/site-packages/pip/_vendor/urllib3/contrib/_securetransport/low_level.py
Symlinking /home/bharath/catkin_ws/devel/share/nmea_navsat_driver/venv/lib/python3.8/site-packages/pip/_vendor/urllib3/contrib/_securetransport/__init__.py
Symlinking /home/bharath/catkin_ws/devel/share/nmea_navsat_driver/venv/lib/python3.8/site-packages/pip/_vendor/urllib3/contrib/_securetransport/bindings.py
Symlinking /home/bharath/catkin_ws/devel/share/nmea_navsat_driver/venv/lib/python3.8/site-packages/pip/_vendor/urllib3/packages/__init__.py
Symlinking /home/bharath/catkin_ws/devel/share/nmea_navsat_driver/venv/lib/python3.8/site-packages/pip/_vendor/urllib3/packages/six.py
Symlinking /home/bharath/catkin_ws/devel/share/nmea_navsat_driver/venv/lib/python3.8/site-packages/pip/_vendor/urllib3/packages/backports/makefile.py
Symlinking /home/bharath/catkin_ws/devel/share/nmea_navsat_driver/venv/lib/python3.8/site-packages/pip/_vendor/urllib3/packages/backports/__init__.py
Symlinking /home/bharath/catkin_ws/devel/share/nmea_navsat_driver/venv/lib/python3.8/site-packages/pip/_vendor/urllib3/packages/ssl_match_hostname/_implementation.py
Symlinking /home/bharath/catkin_ws/devel/share/nmea_navsat_driver/venv/lib/python3.8/site-packages/pip/_vendor/urllib3/packages/ssl_match_hostname/__init__.py
Symlinking /home/bharath/catkin_ws/devel/share/nmea_navsat_driver/venv/lib/python3.8/site-packages/pip/_vendor/urllib3/util/queue.py
Symlinking /home/bharath/catkin_ws/devel/share/nmea_navsat_driver/venv/lib/python3.8/site-packages/pip/_vendor/urllib3/util/request.py
Symlinking /home/bharath/catkin_ws/devel/share/nmea_navsat_driver/venv/lib/python3.8/site-packages/pip/_vendor/urllib3/util/response.py
Symlinking /home/bharath/catkin_ws/devel/share/nmea_navsat_driver/venv/lib/python3.8/site-packages/pip/_vendor/urllib3/util/connection.py
Symlinking /home/bharath/catkin_ws/devel/share/nmea_navsat_driver/venv/lib/python3.8/site-packages/pip/_vendor/urllib3/util/wait.py
Symlinking /home/bharath/catkin_ws/devel/share/nmea_navsat_driver/venv/lib/python3.8/site-packages/pip/_vendor/urllib3/util/retry.py
Symlinking /home/bharath/catkin_ws/devel/share/nmea_navsat_driver/venv/lib/python3.8/site-packages/pip/_vendor/urllib3/util/__init__.py
Symlinking /home/bharath/catkin_ws/devel/share/nmea_navsat_driver/venv/lib/python3.8/site-packages/pip/_vendor/urllib3/util/ssl_.py
Symlinking /home/bharath/catkin_ws/devel/share/nmea_navsat_driver/venv/lib/python3.8/site-packages/pip/_vendor/urllib3/util/url.py
Symlinking /home/bharath/catkin_ws/devel/share/nmea_navsat_driver/venv/lib/python3.8/site-packages/pip/_vendor/urllib3/util/timeout.py
Symlinking /home/bharath/catkin_ws/devel/share/nmea_navsat_driver/venv/lib/python3.8/site-packages/pip/_vendor/packaging/specifiers.py
Symlinking /home/bharath/catkin_ws/devel/share/nmea_navsat_driver/venv/lib/python3.8/site-packages/pip/_vendor/packaging/requirements.py
Symlinking /home/bharath/catkin_ws/devel/share/nmea_navsat_driver/venv/lib/python3.8/site-packages/pip/_vendor/packaging/_structures.py
Symlinking /home/bharath/catkin_ws/devel/share/nmea_navsat_driver/venv/lib/python3.8/site-packages/pip/_vendor/packaging/_compat.py
Symlinking /home/bharath/catkin_ws/devel/share/nmea_navsat_driver/venv/lib/python3.8/site-packages/pip/_vendor/packaging/_typing.py
Symlinking /home/bharath/catkin_ws/devel/share/nmea_navsat_driver/venv/lib/python3.8/site-packages/pip/_vendor/packaging/__init__.py
Symlinking /home/bharath/catkin_ws/devel/share/nmea_navsat_driver/venv/lib/python3.8/site-packages/pip/_vendor/packaging/tags.py
Symlinking /home/bharath/catkin_ws/devel/share/nmea_navsat_driver/venv/lib/python3.8/site-packages/pip/_vendor/packaging/utils.py
Symlinking /home/bharath/catkin_ws/devel/share/nmea_navsat_driver/venv/lib/python3.8/site-packages/pip/_vendor/packaging/__about__.py
Symlinking /home/bharath/catkin_ws/devel/share/nmea_navsat_driver/venv/lib/python3.8/site-packages/pip/_vendor/packaging/version.py
Symlinking /home/bharath/catkin_ws/devel/share/nmea_navsat_driver/venv/lib/python3.8/site-packages/pip/_vendor/packaging/markers.py
Symlinking /home/bharath/catkin_ws/devel/share/nmea_navsat_driver/venv/lib/python3.8/site-packages/pip/_vendor/certifi/__main__.py
Symlinking /home/bharath/catkin_ws/devel/share/nmea_navsat_driver/venv/lib/python3.8/site-packages/pip/_vendor/certifi/__init__.py
Symlinking /home/bharath/catkin_ws/devel/share/nmea_navsat_driver/venv/lib/python3.8/site-packages/pip/_vendor/certifi/cacert.pem
Symlinking /home/bharath/catkin_ws/devel/share/nmea_navsat_driver/venv/lib/python3.8/site-packages/pip/_vendor/certifi/core.py
Symlinking /home/bharath/catkin_ws/devel/share/nmea_navsat_driver/venv/lib/python3.8/site-packages/pip/_vendor/html5lib/constants.py
Symlinking /home/bharath/catkin_ws/devel/share/nmea_navsat_driver/venv/lib/python3.8/site-packages/pip/_vendor/html5lib/_ihatexml.py
Symlinking /home/bharath/catkin_ws/devel/share/nmea_navsat_driver/venv/lib/python3.8/site-packages/pip/_vendor/html5lib/__init__.py
Symlinking /home/bharath/catkin_ws/devel/share/nmea_navsat_driver/venv/lib/python3.8/site-packages/pip/_vendor/html5lib/html5parser.py
Symlinking /home/bharath/catkin_ws/devel/share/nmea_navsat_driver/venv/lib/python3.8/site-packages/pip/_vendor/html5lib/_inputstream.py
Symlinking /home/bharath/catkin_ws/devel/share/nmea_navsat_driver/venv/lib/python3.8/site-packages/pip/_vendor/html5lib/_utils.py
Symlinking /home/bharath/catkin_ws/devel/share/nmea_navsat_driver/venv/lib/python3.8/site-packages/pip/_vendor/html5lib/_tokenizer.py
Symlinking /home/bharath/catkin_ws/devel/share/nmea_navsat_driver/venv/lib/python3.8/site-packages/pip/_vendor/html5lib/serializer.py
Symlinking /home/bharath/catkin_ws/devel/share/nmea_navsat_driver/venv/lib/python3.8/site-packages/pip/_vendor/html5lib/filters/base.py
Symlinking /home/bharath/catkin_ws/devel/share/nmea_navsat_driver/venv/lib/python3.8/site-packages/pip/_vendor/html5lib/filters/__init__.py
Symlinking /home/bharath/catkin_ws/devel/share/nmea_navsat_driver/venv/lib/python3.8/site-packages/pip/_vendor/html5lib/filters/alphabeticalattributes.py
Symlinking /home/bharath/catkin_ws/devel/share/nmea_navsat_driver/venv/lib/python3.8/site-packages/pip/_vendor/html5lib/filters/sanitizer.py
Symlinking /home/bharath/catkin_ws/devel/share/nmea_navsat_driver/venv/lib/python3.8/site-packages/pip/_vendor/html5lib/filters/inject_meta_charset.py
Symlinking /home/bharath/catkin_ws/devel/share/nmea_navsat_driver/venv/lib/python3.8/site-packages/pip/_vendor/html5lib/filters/lint.py
Symlinking /home/bharath/catkin_ws/devel/share/nmea_navsat_driver/venv/lib/python3.8/site-packages/pip/_vendor/html5lib/filters/whitespace.py
Symlinking /home/bharath/catkin_ws/devel/share/nmea_navsat_driver/venv/lib/python3.8/site-packages/pip/_vendor/html5lib/filters/optionaltags.py
Symlinking /home/bharath/catkin_ws/devel/share/nmea_navsat_driver/venv/lib/python3.8/site-packages/pip/_vendor/html5lib/treeadapters/__init__.py
Symlinking /home/bharath/catkin_ws/devel/share/nmea_navsat_driver/venv/lib/python3.8/site-packages/pip/_vendor/html5lib/treeadapters/sax.py
Symlinking /home/bharath/catkin_ws/devel/share/nmea_navsat_driver/venv/lib/python3.8/site-packages/pip/_vendor/html5lib/treeadapters/genshi.py
Symlinking /home/bharath/catkin_ws/devel/share/nmea_navsat_driver/venv/lib/python3.8/site-packages/pip/_vendor/html5lib/treebuilders/base.py
Symlinking /home/bharath/catkin_ws/devel/share/nmea_navsat_driver/venv/lib/python3.8/site-packages/pip/_vendor/html5lib/treebuilders/__init__.py
Symlinking /home/bharath/catkin_ws/devel/share/nmea_navsat_driver/venv/lib/python3.8/site-packages/pip/_vendor/html5lib/treebuilders/dom.py
Symlinking /home/bharath/catkin_ws/devel/share/nmea_navsat_driver/venv/lib/python3.8/site-packages/pip/_vendor/html5lib/treebuilders/etree_lxml.py
Symlinking /home/bharath/catkin_ws/devel/share/nmea_navsat_driver/venv/lib/python3.8/site-packages/pip/_vendor/html5lib/treebuilders/etree.py
Symlinking /home/bharath/catkin_ws/devel/share/nmea_navsat_driver/venv/lib/python3.8/site-packages/pip/_vendor/html5lib/_trie/_base.py
Symlinking /home/bharath/catkin_ws/devel/share/nmea_navsat_driver/venv/lib/python3.8/site-packages/pip/_vendor/html5lib/_trie/__init__.py
Symlinking /home/bharath/catkin_ws/devel/share/nmea_navsat_driver/venv/lib/python3.8/site-packages/pip/_vendor/html5lib/_trie/datrie.py
Symlinking /home/bharath/catkin_ws/devel/share/nmea_navsat_driver/venv/lib/python3.8/site-packages/pip/_vendor/html5lib/_trie/py.py
Symlinking /home/bharath/catkin_ws/devel/share/nmea_navsat_driver/venv/lib/python3.8/site-packages/pip/_vendor/html5lib/treewalkers/base.py
Symlinking /home/bharath/catkin_ws/devel/share/nmea_navsat_driver/venv/lib/python3.8/site-packages/pip/_vendor/html5lib/treewalkers/__init__.py
Symlinking /home/bharath/catkin_ws/devel/share/nmea_navsat_driver/venv/lib/python3.8/site-packages/pip/_vendor/html5lib/treewalkers/dom.py
Symlinking /home/bharath/catkin_ws/devel/share/nmea_navsat_driver/venv/lib/python3.8/site-packages/pip/_vendor/html5lib/treewalkers/etree_lxml.py
Symlinking /home/bharath/catkin_ws/devel/share/nmea_navsat_driver/venv/lib/python3.8/site-packages/pip/_vendor/html5lib/treewalkers/genshi.py
Symlinking /home/bharath/catkin_ws/devel/share/nmea_navsat_driver/venv/lib/python3.8/site-packages/pip/_vendor/html5lib/treewalkers/etree.py
Symlinking /home/bharath/catkin_ws/devel/share/nmea_navsat_driver/venv/lib/python3.8/site-packages/setuptools/launch.py
Symlinking /home/bharath/catkin_ws/devel/share/nmea_navsat_driver/venv/lib/python3.8/site-packages/setuptools/depends.py
Symlinking /home/bharath/catkin_ws/devel/share/nmea_navsat_driver/venv/lib/python3.8/site-packages/setuptools/unicode_utils.py
Symlinking /home/bharath/catkin_ws/devel/share/nmea_navsat_driver/venv/lib/python3.8/site-packages/setuptools/gui-32.exe
Symlinking /home/bharath/catkin_ws/devel/share/nmea_navsat_driver/venv/lib/python3.8/site-packages/setuptools/_imp.py
Symlinking /home/bharath/catkin_ws/devel/share/nmea_navsat_driver/venv/lib/python3.8/site-packages/setuptools/cli-32.exe
Symlinking /home/bharath/catkin_ws/devel/share/nmea_navsat_driver/venv/lib/python3.8/site-packages/setuptools/config.py
Symlinking /home/bharath/catkin_ws/devel/share/nmea_navsat_driver/venv/lib/python3.8/site-packages/setuptools/dep_util.py
Symlinking /home/bharath/catkin_ws/devel/share/nmea_navsat_driver/venv/lib/python3.8/site-packages/setuptools/gui.exe
Symlinking /home/bharath/catkin_ws/devel/share/nmea_navsat_driver/venv/lib/python3.8/site-packages/setuptools/extension.py
Symlinking /home/bharath/catkin_ws/devel/share/nmea_navsat_driver/venv/lib/python3.8/site-packages/setuptools/lib2to3_ex.py
Symlinking /home/bharath/catkin_ws/devel/share/nmea_navsat_driver/venv/lib/python3.8/site-packages/setuptools/__init__.py
Symlinking /home/bharath/catkin_ws/devel/share/nmea_navsat_driver/venv/lib/python3.8/site-packages/setuptools/windows_support.py
Symlinking /home/bharath/catkin_ws/devel/share/nmea_navsat_driver/venv/lib/python3.8/site-packages/setuptools/py27compat.py
Symlinking /home/bharath/catkin_ws/devel/share/nmea_navsat_driver/venv/lib/python3.8/site-packages/setuptools/py31compat.py
Symlinking /home/bharath/catkin_ws/devel/share/nmea_navsat_driver/venv/lib/python3.8/site-packages/setuptools/errors.py
Symlinking /home/bharath/catkin_ws/devel/share/nmea_navsat_driver/venv/lib/python3.8/site-packages/setuptools/archive_util.py
Symlinking /home/bharath/catkin_ws/devel/share/nmea_navsat_driver/venv/lib/python3.8/site-packages/setuptools/_deprecation_warning.py
Symlinking /home/bharath/catkin_ws/devel/share/nmea_navsat_driver/venv/lib/python3.8/site-packages/setuptools/gui-64.exe
Symlinking /home/bharath/catkin_ws/devel/share/nmea_navsat_driver/venv/lib/python3.8/site-packages/setuptools/package_index.py
Symlinking /home/bharath/catkin_ws/devel/share/nmea_navsat_driver/venv/lib/python3.8/site-packages/setuptools/cli-64.exe
Symlinking /home/bharath/catkin_ws/devel/share/nmea_navsat_driver/venv/lib/python3.8/site-packages/setuptools/py34compat.py
Symlinking /home/bharath/catkin_ws/devel/share/nmea_navsat_driver/venv/lib/python3.8/site-packages/setuptools/namespaces.py
Symlinking /home/bharath/catkin_ws/devel/share/nmea_navsat_driver/venv/lib/python3.8/site-packages/setuptools/installer.py
Symlinking /home/bharath/catkin_ws/devel/share/nmea_navsat_driver/venv/lib/python3.8/site-packages/setuptools/sandbox.py
Symlinking /home/bharath/catkin_ws/devel/share/nmea_navsat_driver/venv/lib/python3.8/site-packages/setuptools/py33compat.py
Symlinking /home/bharath/catkin_ws/devel/share/nmea_navsat_driver/venv/lib/python3.8/site-packages/setuptools/ssl_support.py
Symlinking /home/bharath/catkin_ws/devel/share/nmea_navsat_driver/venv/lib/python3.8/site-packages/setuptools/build_meta.py
Symlinking /home/bharath/catkin_ws/devel/share/nmea_navsat_driver/venv/lib/python3.8/site-packages/setuptools/monkey.py
Symlinking /home/bharath/catkin_ws/devel/share/nmea_navsat_driver/venv/lib/python3.8/site-packages/setuptools/cli.exe
Symlinking /home/bharath/catkin_ws/devel/share/nmea_navsat_driver/venv/lib/python3.8/site-packages/setuptools/dist.py
Symlinking /home/bharath/catkin_ws/devel/share/nmea_navsat_driver/venv/lib/python3.8/site-packages/setuptools/msvc.py
Symlinking /home/bharath/catkin_ws/devel/share/nmea_navsat_driver/venv/lib/python3.8/site-packages/setuptools/version.py
Symlinking /home/bharath/catkin_ws/devel/share/nmea_navsat_driver/venv/lib/python3.8/site-packages/setuptools/site-patch.py
Symlinking /home/bharath/catkin_ws/devel/share/nmea_navsat_driver/venv/lib/python3.8/site-packages/setuptools/wheel.py
Symlinking /home/bharath/catkin_ws/devel/share/nmea_navsat_driver/venv/lib/python3.8/site-packages/setuptools/script (dev).tmpl
Symlinking /home/bharath/catkin_ws/devel/share/nmea_navsat_driver/venv/lib/python3.8/site-packages/setuptools/glob.py
Symlinking /home/bharath/catkin_ws/devel/share/nmea_navsat_driver/venv/lib/python3.8/site-packages/setuptools/script.tmpl
Symlinking /home/bharath/catkin_ws/devel/share/nmea_navsat_driver/venv/lib/python3.8/site-packages/setuptools/extern/__init__.py
Symlinking /home/bharath/catkin_ws/devel/share/nmea_navsat_driver/venv/lib/python3.8/site-packages/setuptools/_vendor/ordered_set.py
Symlinking /home/bharath/catkin_ws/devel/share/nmea_navsat_driver/venv/lib/python3.8/site-packages/setuptools/_vendor/__init__.py
Symlinking /home/bharath/catkin_ws/devel/share/nmea_navsat_driver/venv/lib/python3.8/site-packages/setuptools/_vendor/pyparsing.py
Symlinking /home/bharath/catkin_ws/devel/share/nmea_navsat_driver/venv/lib/python3.8/site-packages/setuptools/_vendor/six.py
Symlinking /home/bharath/catkin_ws/devel/share/nmea_navsat_driver/venv/lib/python3.8/site-packages/setuptools/_vendor/packaging/specifiers.py
Symlinking /home/bharath/catkin_ws/devel/share/nmea_navsat_driver/venv/lib/python3.8/site-packages/setuptools/_vendor/packaging/requirements.py
Symlinking /home/bharath/catkin_ws/devel/share/nmea_navsat_driver/venv/lib/python3.8/site-packages/setuptools/_vendor/packaging/_structures.py
Symlinking /home/bharath/catkin_ws/devel/share/nmea_navsat_driver/venv/lib/python3.8/site-packages/setuptools/_vendor/packaging/_compat.py
Symlinking /home/bharath/catkin_ws/devel/share/nmea_navsat_driver/venv/lib/python3.8/site-packages/setuptools/_vendor/packaging/__init__.py
Symlinking /home/bharath/catkin_ws/devel/share/nmea_navsat_driver/venv/lib/python3.8/site-packages/setuptools/_vendor/packaging/tags.py
Symlinking /home/bharath/catkin_ws/devel/share/nmea_navsat_driver/venv/lib/python3.8/site-packages/setuptools/_vendor/packaging/utils.py
Symlinking /home/bharath/catkin_ws/devel/share/nmea_navsat_driver/venv/lib/python3.8/site-packages/setuptools/_vendor/packaging/__about__.py
Symlinking /home/bharath/catkin_ws/devel/share/nmea_navsat_driver/venv/lib/python3.8/site-packages/setuptools/_vendor/packaging/version.py
Symlinking /home/bharath/catkin_ws/devel/share/nmea_navsat_driver/venv/lib/python3.8/site-packages/setuptools/_vendor/packaging/markers.py
Symlinking /home/bharath/catkin_ws/devel/share/nmea_navsat_driver/venv/lib/python3.8/site-packages/setuptools/command/build_clib.py
Symlinking /home/bharath/catkin_ws/devel/share/nmea_navsat_driver/venv/lib/python3.8/site-packages/setuptools/command/rotate.py
Symlinking /home/bharath/catkin_ws/devel/share/nmea_navsat_driver/venv/lib/python3.8/site-packages/setuptools/command/bdist_wininst.py
Symlinking /home/bharath/catkin_ws/devel/share/nmea_navsat_driver/venv/lib/python3.8/site-packages/setuptools/command/build_py.py
Symlinking /home/bharath/catkin_ws/devel/share/nmea_navsat_driver/venv/lib/python3.8/site-packages/setuptools/command/install_scripts.py
Symlinking /home/bharath/catkin_ws/devel/share/nmea_navsat_driver/venv/lib/python3.8/site-packages/setuptools/command/develop.py
Symlinking /home/bharath/catkin_ws/devel/share/nmea_navsat_driver/venv/lib/python3.8/site-packages/setuptools/command/bdist_rpm.py
Symlinking /home/bharath/catkin_ws/devel/share/nmea_navsat_driver/venv/lib/python3.8/site-packages/setuptools/command/__init__.py
Symlinking /home/bharath/catkin_ws/devel/share/nmea_navsat_driver/venv/lib/python3.8/site-packages/setuptools/command/upload.py
Symlinking /home/bharath/catkin_ws/devel/share/nmea_navsat_driver/venv/lib/python3.8/site-packages/setuptools/command/saveopts.py
Symlinking /home/bharath/catkin_ws/devel/share/nmea_navsat_driver/venv/lib/python3.8/site-packages/setuptools/command/build_ext.py
Symlinking /home/bharath/catkin_ws/devel/share/nmea_navsat_driver/venv/lib/python3.8/site-packages/setuptools/command/register.py
Symlinking /home/bharath/catkin_ws/devel/share/nmea_navsat_driver/venv/lib/python3.8/site-packages/setuptools/command/dist_info.py
Symlinking /home/bharath/catkin_ws/devel/share/nmea_navsat_driver/venv/lib/python3.8/site-packages/setuptools/command/install.py
Symlinking /home/bharath/catkin_ws/devel/share/nmea_navsat_driver/venv/lib/python3.8/site-packages/setuptools/command/test.py
Symlinking /home/bharath/catkin_ws/devel/share/nmea_navsat_driver/venv/lib/python3.8/site-packages/setuptools/command/egg_info.py
Symlinking /home/bharath/catkin_ws/devel/share/nmea_navsat_driver/venv/lib/python3.8/site-packages/setuptools/command/py36compat.py
Symlinking /home/bharath/catkin_ws/devel/share/nmea_navsat_driver/venv/lib/python3.8/site-packages/setuptools/command/bdist_egg.py
Symlinking /home/bharath/catkin_ws/devel/share/nmea_navsat_driver/venv/lib/python3.8/site-packages/setuptools/command/install_lib.py
Symlinking /home/bharath/catkin_ws/devel/share/nmea_navsat_driver/venv/lib/python3.8/site-packages/setuptools/command/launcher manifest.xml
Symlinking /home/bharath/catkin_ws/devel/share/nmea_navsat_driver/venv/lib/python3.8/site-packages/setuptools/command/install_egg_info.py
Symlinking /home/bharath/catkin_ws/devel/share/nmea_navsat_driver/venv/lib/python3.8/site-packages/setuptools/command/upload_docs.py
Symlinking /home/bharath/catkin_ws/devel/share/nmea_navsat_driver/venv/lib/python3.8/site-packages/setuptools/command/setopt.py
Symlinking /home/bharath/catkin_ws/devel/share/nmea_navsat_driver/venv/lib/python3.8/site-packages/setuptools/command/sdist.py
Symlinking /home/bharath/catkin_ws/devel/share/nmea_navsat_driver/venv/lib/python3.8/site-packages/setuptools/command/easy_install.py
Symlinking /home/bharath/catkin_ws/devel/share/nmea_navsat_driver/venv/lib/python3.8/site-packages/setuptools/command/alias.py
Symlinking /home/bharath/catkin_ws/devel/share/nmea_navsat_driver/venv/lib/python3.8/site-packages/pip_tools-5.1.2.dist-info/LICENSE
Symlinking /home/bharath/catkin_ws/devel/share/nmea_navsat_driver/venv/lib/python3.8/site-packages/pip_tools-5.1.2.dist-info/WHEEL
Symlinking /home/bharath/catkin_ws/devel/share/nmea_navsat_driver/venv/lib/python3.8/site-packages/pip_tools-5.1.2.dist-info/INSTALLER
Symlinking /home/bharath/catkin_ws/devel/share/nmea_navsat_driver/venv/lib/python3.8/site-packages/pip_tools-5.1.2.dist-info/RECORD
Symlinking /home/bharath/catkin_ws/devel/share/nmea_navsat_driver/venv/lib/python3.8/site-packages/pip_tools-5.1.2.dist-info/entry_points.txt
Symlinking /home/bharath/catkin_ws/devel/share/nmea_navsat_driver/venv/lib/python3.8/site-packages/pip_tools-5.1.2.dist-info/METADATA
Symlinking /home/bharath/catkin_ws/devel/share/nmea_navsat_driver/venv/lib/python3.8/site-packages/pip_tools-5.1.2.dist-info/top_level.txt
Symlinking /home/bharath/catkin_ws/devel/share/nmea_navsat_driver/venv/lib/python3.8/site-packages/distro-1.5.0.dist-info/LICENSE
Symlinking /home/bharath/catkin_ws/devel/share/nmea_navsat_driver/venv/lib/python3.8/site-packages/distro-1.5.0.dist-info/WHEEL
Symlinking /home/bharath/catkin_ws/devel/share/nmea_navsat_driver/venv/lib/python3.8/site-packages/distro-1.5.0.dist-info/INSTALLER
Symlinking /home/bharath/catkin_ws/devel/share/nmea_navsat_driver/venv/lib/python3.8/site-packages/distro-1.5.0.dist-info/RECORD
Symlinking /home/bharath/catkin_ws/devel/share/nmea_navsat_driver/venv/lib/python3.8/site-packages/distro-1.5.0.dist-info/entry_points.txt
Symlinking /home/bharath/catkin_ws/devel/share/nmea_navsat_driver/venv/lib/python3.8/site-packages/distro-1.5.0.dist-info/METADATA
Symlinking /home/bharath/catkin_ws/devel/share/nmea_navsat_driver/venv/lib/python3.8/site-packages/distro-1.5.0.dist-info/top_level.txt
Symlinking /home/bharath/catkin_ws/devel/share/nmea_navsat_driver/venv/lib/python3.8/site-packages/rospkg/distro.py
Symlinking /home/bharath/catkin_ws/devel/share/nmea_navsat_driver/venv/lib/python3.8/site-packages/rospkg/environment.py
Symlinking /home/bharath/catkin_ws/devel/share/nmea_navsat_driver/venv/lib/python3.8/site-packages/rospkg/__init__.py
Symlinking /home/bharath/catkin_ws/devel/share/nmea_navsat_driver/venv/lib/python3.8/site-packages/rospkg/rosversion.py
Symlinking /home/bharath/catkin_ws/devel/share/nmea_navsat_driver/venv/lib/python3.8/site-packages/rospkg/common.py
Symlinking /home/bharath/catkin_ws/devel/share/nmea_navsat_driver/venv/lib/python3.8/site-packages/rospkg/rospack.py
Symlinking /home/bharath/catkin_ws/devel/share/nmea_navsat_driver/venv/lib/python3.8/site-packages/rospkg/manifest.py
Symlinking /home/bharath/catkin_ws/devel/share/nmea_navsat_driver/venv/lib/python3.8/site-packages/rospkg/stack.py
Symlinking /home/bharath/catkin_ws/devel/share/nmea_navsat_driver/venv/lib/python3.8/site-packages/rospkg/os_detect.py
Symlinking /home/bharath/catkin_ws/devel/share/nmea_navsat_driver/venv/lib/python3.8/site-packages/pyparsing-2.4.7.dist-info/LICENSE
Symlinking /home/bharath/catkin_ws/devel/share/nmea_navsat_driver/venv/lib/python3.8/site-packages/pyparsing-2.4.7.dist-info/WHEEL
Symlinking /home/bharath/catkin_ws/devel/share/nmea_navsat_driver/venv/lib/python3.8/site-packages/pyparsing-2.4.7.dist-info/INSTALLER
Symlinking /home/bharath/catkin_ws/devel/share/nmea_navsat_driver/venv/lib/python3.8/site-packages/pyparsing-2.4.7.dist-info/RECORD
Symlinking /home/bharath/catkin_ws/devel/share/nmea_navsat_driver/venv/lib/python3.8/site-packages/pyparsing-2.4.7.dist-info/METADATA
Symlinking /home/bharath/catkin_ws/devel/share/nmea_navsat_driver/venv/lib/python3.8/site-packages/pyparsing-2.4.7.dist-info/top_level.txt
Symlinking /home/bharath/catkin_ws/devel/share/nmea_navsat_driver/venv/lib/python3.8/site-packages/python_dateutil-2.8.1.dist-info/LICENSE
Symlinking /home/bharath/catkin_ws/devel/share/nmea_navsat_driver/venv/lib/python3.8/site-packages/python_dateutil-2.8.1.dist-info/WHEEL
Symlinking /home/bharath/catkin_ws/devel/share/nmea_navsat_driver/venv/lib/python3.8/site-packages/python_dateutil-2.8.1.dist-info/INSTALLER
Symlinking /home/bharath/catkin_ws/devel/share/nmea_navsat_driver/venv/lib/python3.8/site-packages/python_dateutil-2.8.1.dist-info/RECORD
Symlinking /home/bharath/catkin_ws/devel/share/nmea_navsat_driver/venv/lib/python3.8/site-packages/python_dateutil-2.8.1.dist-info/METADATA
Symlinking /home/bharath/catkin_ws/devel/share/nmea_navsat_driver/venv/lib/python3.8/site-packages/python_dateutil-2.8.1.dist-info/top_level.txt
Symlinking /home/bharath/catkin_ws/devel/share/nmea_navsat_driver/venv/lib/python3.8/site-packages/python_dateutil-2.8.1.dist-info/zip-safe
Symlinking /home/bharath/catkin_ws/devel/share/nmea_navsat_driver/venv/lib/python3.8/site-packages/rospkg-1.2.6.dist-info/WHEEL
Symlinking /home/bharath/catkin_ws/devel/share/nmea_navsat_driver/venv/lib/python3.8/site-packages/rospkg-1.2.6.dist-info/INSTALLER
Symlinking /home/bharath/catkin_ws/devel/share/nmea_navsat_driver/venv/lib/python3.8/site-packages/rospkg-1.2.6.dist-info/RECORD
Symlinking /home/bharath/catkin_ws/devel/share/nmea_navsat_driver/venv/lib/python3.8/site-packages/rospkg-1.2.6.dist-info/entry_points.txt
Symlinking /home/bharath/catkin_ws/devel/share/nmea_navsat_driver/venv/lib/python3.8/site-packages/rospkg-1.2.6.dist-info/DESCRIPTION.rst
Symlinking /home/bharath/catkin_ws/devel/share/nmea_navsat_driver/venv/lib/python3.8/site-packages/rospkg-1.2.6.dist-info/METADATA
Symlinking /home/bharath/catkin_ws/devel/share/nmea_navsat_driver/venv/lib/python3.8/site-packages/rospkg-1.2.6.dist-info/metadata.json
Symlinking /home/bharath/catkin_ws/devel/share/nmea_navsat_driver/venv/lib/python3.8/site-packages/rospkg-1.2.6.dist-info/top_level.txt
Symlinking /home/bharath/catkin_ws/devel/share/nmea_navsat_driver/venv/lib/python3.8/site-packages/pkg_resources-0.0.0.dist-info/LICENSE.txt
Symlinking /home/bharath/catkin_ws/devel/share/nmea_navsat_driver/venv/lib/python3.8/site-packages/pkg_resources-0.0.0.dist-info/WHEEL
Symlinking /home/bharath/catkin_ws/devel/share/nmea_navsat_driver/venv/lib/python3.8/site-packages/pkg_resources-0.0.0.dist-info/INSTALLER
Symlinking /home/bharath/catkin_ws/devel/share/nmea_navsat_driver/venv/lib/python3.8/site-packages/pkg_resources-0.0.0.dist-info/RECORD
Symlinking /home/bharath/catkin_ws/devel/share/nmea_navsat_driver/venv/lib/python3.8/site-packages/pkg_resources-0.0.0.dist-info/METADATA
Symlinking /home/bharath/catkin_ws/devel/share/nmea_navsat_driver/venv/lib/python3.8/site-packages/pkg_resources-0.0.0.dist-info/AUTHORS.txt
Symlinking /home/bharath/catkin_ws/devel/share/nmea_navsat_driver/venv/lib/python3.8/site-packages/catkin_pkg-0.4.20.dist-info/LICENSE
Symlinking /home/bharath/catkin_ws/devel/share/nmea_navsat_driver/venv/lib/python3.8/site-packages/catkin_pkg-0.4.20.dist-info/WHEEL
Symlinking /home/bharath/catkin_ws/devel/share/nmea_navsat_driver/venv/lib/python3.8/site-packages/catkin_pkg-0.4.20.dist-info/INSTALLER
Symlinking /home/bharath/catkin_ws/devel/share/nmea_navsat_driver/venv/lib/python3.8/site-packages/catkin_pkg-0.4.20.dist-info/RECORD
Symlinking /home/bharath/catkin_ws/devel/share/nmea_navsat_driver/venv/lib/python3.8/site-packages/catkin_pkg-0.4.20.dist-info/entry_points.txt
Symlinking /home/bharath/catkin_ws/devel/share/nmea_navsat_driver/venv/lib/python3.8/site-packages/catkin_pkg-0.4.20.dist-info/METADATA
Symlinking /home/bharath/catkin_ws/devel/share/nmea_navsat_driver/venv/lib/python3.8/site-packages/catkin_pkg-0.4.20.dist-info/top_level.txt
Symlinking /home/bharath/catkin_ws/devel/share/nmea_navsat_driver/venv/lib/python3.8/site-packages/setuptools-44.0.0.dist-info/LICENSE.txt
Symlinking /home/bharath/catkin_ws/devel/share/nmea_navsat_driver/venv/lib/python3.8/site-packages/setuptools-44.0.0.dist-info/WHEEL
Symlinking /home/bharath/catkin_ws/devel/share/nmea_navsat_driver/venv/lib/python3.8/site-packages/setuptools-44.0.0.dist-info/INSTALLER
Symlinking /home/bharath/catkin_ws/devel/share/nmea_navsat_driver/venv/lib/python3.8/site-packages/setuptools-44.0.0.dist-info/RECORD
Symlinking /home/bharath/catkin_ws/devel/share/nmea_navsat_driver/venv/lib/python3.8/site-packages/setuptools-44.0.0.dist-info/entry_points.txt
Symlinking /home/bharath/catkin_ws/devel/share/nmea_navsat_driver/venv/lib/python3.8/site-packages/setuptools-44.0.0.dist-info/dependency_links.txt
Symlinking /home/bharath/catkin_ws/devel/share/nmea_navsat_driver/venv/lib/python3.8/site-packages/setuptools-44.0.0.dist-info/METADATA
Symlinking /home/bharath/catkin_ws/devel/share/nmea_navsat_driver/venv/lib/python3.8/site-packages/setuptools-44.0.0.dist-info/top_level.txt
Symlinking /home/bharath/catkin_ws/devel/share/nmea_navsat_driver/venv/lib/python3.8/site-packages/setuptools-44.0.0.dist-info/zip-safe
Symlinking /home/bharath/catkin_ws/devel/share/nmea_navsat_driver/venv/lib/python3.8/site-packages/setuptools-44.0.0.dist-info/AUTHORS.txt
Symlinking /home/bharath/catkin_ws/devel/share/nmea_navsat_driver/venv/lib/python3.8/site-packages/six-1.15.0.dist-info/LICENSE
Symlinking /home/bharath/catkin_ws/devel/share/nmea_navsat_driver/venv/lib/python3.8/site-packages/six-1.15.0.dist-info/WHEEL
Symlinking /home/bharath/catkin_ws/devel/share/nmea_navsat_driver/venv/lib/python3.8/site-packages/six-1.15.0.dist-info/INSTALLER
Symlinking /home/bharath/catkin_ws/devel/share/nmea_navsat_driver/venv/lib/python3.8/site-packages/six-1.15.0.dist-info/RECORD
Symlinking /home/bharath/catkin_ws/devel/share/nmea_navsat_driver/venv/lib/python3.8/site-packages/six-1.15.0.dist-info/METADATA
Symlinking /home/bharath/catkin_ws/devel/share/nmea_navsat_driver/venv/lib/python3.8/site-packages/six-1.15.0.dist-info/top_level.txt
Symlinking /home/bharath/catkin_ws/devel/share/nmea_navsat_driver/venv/lib/python3.8/site-packages/catkin_pkg/tool_detection.py
Symlinking /home/bharath/catkin_ws/devel/share/nmea_navsat_driver/venv/lib/python3.8/site-packages/catkin_pkg/packages.py
Symlinking /home/bharath/catkin_ws/devel/share/nmea_navsat_driver/venv/lib/python3.8/site-packages/catkin_pkg/package_version.py
Symlinking /home/bharath/catkin_ws/devel/share/nmea_navsat_driver/venv/lib/python3.8/site-packages/catkin_pkg/topological_order.py
Symlinking /home/bharath/catkin_ws/devel/share/nmea_navsat_driver/venv/lib/python3.8/site-packages/catkin_pkg/__init__.py
Symlinking /home/bharath/catkin_ws/devel/share/nmea_navsat_driver/venv/lib/python3.8/site-packages/catkin_pkg/python_setup.py
Symlinking /home/bharath/catkin_ws/devel/share/nmea_navsat_driver/venv/lib/python3.8/site-packages/catkin_pkg/changelog_generator_vcs.py
Symlinking /home/bharath/catkin_ws/devel/share/nmea_navsat_driver/venv/lib/python3.8/site-packages/catkin_pkg/terminal_color.py
Symlinking /home/bharath/catkin_ws/devel/share/nmea_navsat_driver/venv/lib/python3.8/site-packages/catkin_pkg/cmake.py
Symlinking /home/bharath/catkin_ws/devel/share/nmea_navsat_driver/venv/lib/python3.8/site-packages/catkin_pkg/metapackage.py
Symlinking /home/bharath/catkin_ws/devel/share/nmea_navsat_driver/venv/lib/python3.8/site-packages/catkin_pkg/condition.py
Symlinking /home/bharath/catkin_ws/devel/share/nmea_navsat_driver/venv/lib/python3.8/site-packages/catkin_pkg/rospack.py
Symlinking /home/bharath/catkin_ws/devel/share/nmea_navsat_driver/venv/lib/python3.8/site-packages/catkin_pkg/group_membership.py
Symlinking /home/bharath/catkin_ws/devel/share/nmea_navsat_driver/venv/lib/python3.8/site-packages/catkin_pkg/workspace_vcs.py
Symlinking /home/bharath/catkin_ws/devel/share/nmea_navsat_driver/venv/lib/python3.8/site-packages/catkin_pkg/workspaces.py
Symlinking /home/bharath/catkin_ws/devel/share/nmea_navsat_driver/venv/lib/python3.8/site-packages/catkin_pkg/changelog_generator.py
Symlinking /home/bharath/catkin_ws/devel/share/nmea_navsat_driver/venv/lib/python3.8/site-packages/catkin_pkg/package.py
Symlinking /home/bharath/catkin_ws/devel/share/nmea_navsat_driver/venv/lib/python3.8/site-packages/catkin_pkg/package_templates.py
Symlinking /home/bharath/catkin_ws/devel/share/nmea_navsat_driver/venv/lib/python3.8/site-packages/catkin_pkg/changelog.py
Symlinking /home/bharath/catkin_ws/devel/share/nmea_navsat_driver/venv/lib/python3.8/site-packages/catkin_pkg/group_dependency.py
Symlinking /home/bharath/catkin_ws/devel/share/nmea_navsat_driver/venv/lib/python3.8/site-packages/catkin_pkg/cli/package_version.py
Symlinking /home/bharath/catkin_ws/devel/share/nmea_navsat_driver/venv/lib/python3.8/site-packages/catkin_pkg/cli/prepare_release.py
Symlinking /home/bharath/catkin_ws/devel/share/nmea_navsat_driver/venv/lib/python3.8/site-packages/catkin_pkg/cli/__init__.py
Symlinking /home/bharath/catkin_ws/devel/share/nmea_navsat_driver/venv/lib/python3.8/site-packages/catkin_pkg/cli/generate_changelog.py
Symlinking /home/bharath/catkin_ws/devel/share/nmea_navsat_driver/venv/lib/python3.8/site-packages/catkin_pkg/cli/find_pkg.py
Symlinking /home/bharath/catkin_ws/devel/share/nmea_navsat_driver/venv/lib/python3.8/site-packages/catkin_pkg/cli/tag_changelog.py
Symlinking /home/bharath/catkin_ws/devel/share/nmea_navsat_driver/venv/lib/python3.8/site-packages/catkin_pkg/cli/create_pkg.py
Symlinking /home/bharath/catkin_ws/devel/share/nmea_navsat_driver/venv/lib/python3.8/site-packages/catkin_pkg/cli/test_changelog.py
Symlinking /home/bharath/catkin_ws/devel/share/nmea_navsat_driver/venv/lib/python3.8/site-packages/catkin_pkg/templates/CMakeLists.txt.in
Symlinking /home/bharath/catkin_ws/devel/share/nmea_navsat_driver/venv/lib/python3.8/site-packages/catkin_pkg/templates/package.xml.in
Symlinking /home/bharath/catkin_ws/devel/share/nmea_navsat_driver/venv/lib/python3.8/site-packages/catkin_pkg/templates/metapackage.cmake.in
Symlinking /home/bharath/catkin_ws/devel/share/nmea_navsat_driver/venv/bin/python
Symlinking /home/bharath/catkin_ws/devel/share/nmea_navsat_driver/venv/bin/catkin_find_pkg
Symlinking /home/bharath/catkin_ws/devel/share/nmea_navsat_driver/venv/bin/easy_install-3.8
Symlinking /home/bharath/catkin_ws/devel/share/nmea_navsat_driver/venv/bin/pip-compile
Symlinking /home/bharath/catkin_ws/devel/share/nmea_navsat_driver/venv/bin/catkin_generate_changelog
Symlinking /home/bharath/catkin_ws/devel/share/nmea_navsat_driver/venv/bin/activate
Symlinking /home/bharath/catkin_ws/devel/share/nmea_navsat_driver/venv/bin/catkin_prepare_release
Symlinking /home/bharath/catkin_ws/devel/share/nmea_navsat_driver/venv/bin/catkin_test_changelog
Symlinking /home/bharath/catkin_ws/devel/share/nmea_navsat_driver/venv/bin/pip
Symlinking /home/bharath/catkin_ws/devel/share/nmea_navsat_driver/venv/bin/activate.fish
Symlinking /home/bharath/catkin_ws/devel/share/nmea_navsat_driver/venv/bin/catkin_create_pkg
Symlinking /home/bharath/catkin_ws/devel/share/nmea_navsat_driver/venv/bin/pip3
Symlinking /home/bharath/catkin_ws/devel/share/nmea_navsat_driver/venv/bin/virtualserialports
Symlinking /home/bharath/catkin_ws/devel/share/nmea_navsat_driver/venv/bin/catkin_package_version
Symlinking /home/bharath/catkin_ws/devel/share/nmea_navsat_driver/venv/bin/activate.csh
Symlinking /home/bharath/catkin_ws/devel/share/nmea_navsat_driver/venv/bin/pip-sync
Symlinking /home/bharath/catkin_ws/devel/share/nmea_navsat_driver/venv/bin/distro
Symlinking /home/bharath/catkin_ws/devel/share/nmea_navsat_driver/venv/bin/python3
Symlinking /home/bharath/catkin_ws/devel/share/nmea_navsat_driver/venv/bin/rosversion
Symlinking /home/bharath/catkin_ws/devel/share/nmea_navsat_driver/venv/bin/catkin_tag_changelog
Symlinking /home/bharath/catkin_ws/devel/share/nmea_navsat_driver/venv/bin/Activate.ps1
Symlinking /home/bharath/catkin_ws/devel/share/nmea_navsat_driver/venv/bin/pip3.8
Symlinking /home/bharath/catkin_ws/devel/share/nmea_navsat_driver/venv/bin/easy_install
Symlinking /home/bharath/catkin_ws/devel/share/nmea_navsat_driver/venv/share/python-wheels/contextlib2-0.6.0-py2.py3-none-any.whl
Symlinking /home/bharath/catkin_ws/devel/share/nmea_navsat_driver/venv/share/python-wheels/toml-0.10.0-py2.py3-none-any.whl
Symlinking /home/bharath/catkin_ws/devel/share/nmea_navsat_driver/venv/share/python-wheels/idna-2.8-py2.py3-none-any.whl
Symlinking /home/bharath/catkin_ws/devel/share/nmea_navsat_driver/venv/share/python-wheels/html5lib-1.0.1-py2.py3-none-any.whl
Symlinking /home/bharath/catkin_ws/devel/share/nmea_navsat_driver/venv/share/python-wheels/setuptools-44.0.0-py2.py3-none-any.whl
Symlinking /home/bharath/catkin_ws/devel/share/nmea_navsat_driver/venv/share/python-wheels/msgpack-0.6.2-py2.py3-none-any.whl
Symlinking /home/bharath/catkin_ws/devel/share/nmea_navsat_driver/venv/share/python-wheels/distro-1.4.0-py2.py3-none-any.whl
Symlinking /home/bharath/catkin_ws/devel/share/nmea_navsat_driver/venv/share/python-wheels/chardet-3.0.4-py2.py3-none-any.whl
Symlinking /home/bharath/catkin_ws/devel/share/nmea_navsat_driver/venv/share/python-wheels/six-1.14.0-py2.py3-none-any.whl
Symlinking /home/bharath/catkin_ws/devel/share/nmea_navsat_driver/venv/share/python-wheels/pyparsing-2.4.6-py2.py3-none-any.whl
Symlinking /home/bharath/catkin_ws/devel/share/nmea_navsat_driver/venv/share/python-wheels/pip-20.0.2-py2.py3-none-any.whl
Symlinking /home/bharath/catkin_ws/devel/share/nmea_navsat_driver/venv/share/python-wheels/appdirs-1.4.3-py2.py3-none-any.whl
Symlinking /home/bharath/catkin_ws/devel/share/nmea_navsat_driver/venv/share/python-wheels/certifi-2019.11.28-py2.py3-none-any.whl
Symlinking /home/bharath/catkin_ws/devel/share/nmea_navsat_driver/venv/share/python-wheels/distlib-0.3.0-py2.py3-none-any.whl
Symlinking /home/bharath/catkin_ws/devel/share/nmea_navsat_driver/venv/share/python-wheels/ipaddr-2.2.0-py2.py3-none-any.whl
Symlinking /home/bharath/catkin_ws/devel/share/nmea_navsat_driver/venv/share/python-wheels/requests-2.22.0-py2.py3-none-any.whl
Symlinking /home/bharath/catkin_ws/devel/share/nmea_navsat_driver/venv/share/python-wheels/lockfile-0.12.2-py2.py3-none-any.whl
Symlinking /home/bharath/catkin_ws/devel/share/nmea_navsat_driver/venv/share/python-wheels/urllib3-1.25.8-py2.py3-none-any.whl
Symlinking /home/bharath/catkin_ws/devel/share/nmea_navsat_driver/venv/share/python-wheels/retrying-1.3.3-py2.py3-none-any.whl
Symlinking /home/bharath/catkin_ws/devel/share/nmea_navsat_driver/venv/share/python-wheels/pep517-0.8.2-py2.py3-none-any.whl
Symlinking /home/bharath/catkin_ws/devel/share/nmea_navsat_driver/venv/share/python-wheels/colorama-0.4.3-py2.py3-none-any.whl
Symlinking /home/bharath/catkin_ws/devel/share/nmea_navsat_driver/venv/share/python-wheels/wheel-0.34.2-py2.py3-none-any.whl
Symlinking /home/bharath/catkin_ws/devel/share/nmea_navsat_driver/venv/share/python-wheels/webencodings-0.5.1-py2.py3-none-any.whl
Symlinking /home/bharath/catkin_ws/devel/share/nmea_navsat_driver/venv/share/python-wheels/pkg_resources-0.0.0-py2.py3-none-any.whl
Symlinking /home/bharath/catkin_ws/devel/share/nmea_navsat_driver/venv/share/python-wheels/packaging-20.3-py2.py3-none-any.whl
Symlinking /home/bharath/catkin_ws/devel/share/nmea_navsat_driver/venv/share/python-wheels/CacheControl-0.12.6-py2.py3-none-any.whl
Symlinking /home/bharath/catkin_ws/devel/share/nmea_navsat_driver/venv/share/python-wheels/progress-1.5-py2.py3-none-any.whl
